mode: atomic
github.com/lextures/lextures/server-new/internal/apierr/apierr.go:34.73,38.2 3 2
github.com/lextures/lextures/server-new/internal/apierr/apierr.go:40.38,45.2 4 2
github.com/lextures/lextures/server-new/internal/app/app.go:23.49,25.39 2 1
github.com/lextures/lextures/server-new/internal/app/app.go:25.39,27.3 1 1
github.com/lextures/lextures/server-new/internal/app/app.go:28.2,29.16 2 0
github.com/lextures/lextures/server-new/internal/app/app.go:29.16,31.3 1 0
github.com/lextures/lextures/server-new/internal/app/app.go:32.2,33.23 2 0
github.com/lextures/lextures/server-new/internal/app/app.go:33.23,34.71 1 0
github.com/lextures/lextures/server-new/internal/app/app.go:34.71,36.4 1 0
github.com/lextures/lextures/server-new/internal/app/app.go:38.2,45.59 2 0
github.com/lextures/lextures/server-new/internal/app/app.go:45.59,47.3 1 0
github.com/lextures/lextures/server-new/internal/app/app.go:48.2,53.12 3 0
github.com/lextures/lextures/server-new/internal/app/app.go:53.12,53.45 1 0
github.com/lextures/lextures/server-new/internal/app/app.go:54.2,54.9 1 0
github.com/lextures/lextures/server-new/internal/app/app.go:55.20,60.13 5 0
github.com/lextures/lextures/server-new/internal/app/app.go:61.22,62.48 1 0
github.com/lextures/lextures/server-new/internal/app/app.go:62.48,64.4 1 0
github.com/lextures/lextures/server-new/internal/app/app.go:65.3,65.13 1 0
github.com/lextures/lextures/server-new/internal/repos/reports/learning.go:18.46,28.16 3 0
github.com/lextures/lextures/server-new/internal/repos/reports/learning.go:28.16,30.3 1 0
github.com/lextures/lextures/server-new/internal/repos/reports/learning.go:31.2,31.15 1 0
github.com/lextures/lextures/server-new/internal/repos/reports/learning.go:37.42,49.16 2 0
github.com/lextures/lextures/server-new/internal/repos/reports/learning.go:49.16,51.3 1 0
github.com/lextures/lextures/server-new/internal/repos/reports/learning.go:52.2,53.29 2 0
github.com/lextures/lextures/server-new/internal/repos/reports/learning.go:56.75,58.18 2 0
github.com/lextures/lextures/server-new/internal/repos/reports/learning.go:58.18,61.82 3 0
github.com/lextures/lextures/server-new/internal/repos/reports/learning.go:61.82,63.4 1 0
github.com/lextures/lextures/server-new/internal/repos/reports/learning.go:64.3,65.14 2 0
github.com/lextures/lextures/server-new/internal/repos/reports/learning.go:65.14,68.4 2 0
github.com/lextures/lextures/server-new/internal/repos/reports/learning.go:69.3,74.5 1 0
github.com/lextures/lextures/server-new/internal/repos/reports/learning.go:76.2,76.24 1 0
github.com/lextures/lextures/server-new/internal/repos/reports/learning.go:82.39,90.16 2 0
github.com/lextures/lextures/server-new/internal/repos/reports/learning.go:90.16,92.3 1 0
github.com/lextures/lextures/server-new/internal/repos/reports/learning.go:93.2,95.18 3 0
github.com/lextures/lextures/server-new/internal/repos/reports/learning.go:95.18,97.59 2 0
github.com/lextures/lextures/server-new/internal/repos/reports/learning.go:97.59,99.4 1 0
github.com/lextures/lextures/server-new/internal/repos/reports/learning.go:100.3,100.23 1 0
github.com/lextures/lextures/server-new/internal/repos/reports/learning.go:102.2,102.24 1 0
github.com/lextures/lextures/server-new/internal/repos/reports/learning.go:108.42,118.16 2 0
github.com/lextures/lextures/server-new/internal/repos/reports/learning.go:118.16,120.3 1 0
github.com/lextures/lextures/server-new/internal/repos/reports/learning.go:121.2,123.18 3 0
github.com/lextures/lextures/server-new/internal/repos/reports/learning.go:123.18,126.80 3 0
github.com/lextures/lextures/server-new/internal/repos/reports/learning.go:126.80,128.4 1 0
github.com/lextures/lextures/server-new/internal/repos/reports/learning.go:129.3,130.23 2 0
github.com/lextures/lextures/server-new/internal/repos/reports/learning.go:132.2,132.24 1 0
github.com/lextures/lextures/server-new/internal/repos/studentaccommodations/studentaccommodations.go:40.106,53.16 3 0
github.com/lextures/lextures/server-new/internal/repos/studentaccommodations/studentaccommodations.go:53.16,55.3 1 0
github.com/lextures/lextures/server-new/internal/repos/studentaccommodations/studentaccommodations.go:56.2,58.18 3 0
github.com/lextures/lextures/server-new/internal/repos/studentaccommodations/studentaccommodations.go:58.18,70.17 6 0
github.com/lextures/lextures/server-new/internal/repos/studentaccommodations/studentaccommodations.go:70.17,72.4 1 0
github.com/lextures/lextures/server-new/internal/repos/studentaccommodations/studentaccommodations.go:73.3,76.15 4 0
github.com/lextures/lextures/server-new/internal/repos/studentaccommodations/studentaccommodations.go:76.15,79.4 2 0
github.com/lextures/lextures/server-new/internal/repos/studentaccommodations/studentaccommodations.go:80.3,80.23 1 0
github.com/lextures/lextures/server-new/internal/repos/studentaccommodations/studentaccommodations.go:82.2,82.24 1 0
github.com/lextures/lextures/server-new/internal/repos/studentaccommodations/studentaccommodations.go:86.109,98.2 1 0
github.com/lextures/lextures/server-new/internal/repos/studentaccommodations/studentaccommodations.go:101.96,113.2 1 0
github.com/lextures/lextures/server-new/internal/repos/studentaccommodations/studentaccommodations.go:115.92,127.35 7 0
github.com/lextures/lextures/server-new/internal/repos/studentaccommodations/studentaccommodations.go:127.35,129.3 1 0
github.com/lextures/lextures/server-new/internal/repos/studentaccommodations/studentaccommodations.go:130.2,130.16 1 0
github.com/lextures/lextures/server-new/internal/repos/studentaccommodations/studentaccommodations.go:130.16,132.3 1 0
github.com/lextures/lextures/server-new/internal/repos/studentaccommodations/studentaccommodations.go:133.2,138.16 6 0
github.com/lextures/lextures/server-new/internal/repos/studentaccommodations/studentaccommodations.go:152.17,176.16 8 0
github.com/lextures/lextures/server-new/internal/repos/studentaccommodations/studentaccommodations.go:176.16,178.3 1 0
github.com/lextures/lextures/server-new/internal/repos/studentaccommodations/studentaccommodations.go:179.2,184.16 6 0
github.com/lextures/lextures/server-new/internal/repos/studentaccommodations/studentaccommodations.go:195.17,225.35 8 0
github.com/lextures/lextures/server-new/internal/repos/studentaccommodations/studentaccommodations.go:225.35,227.3 1 0
github.com/lextures/lextures/server-new/internal/repos/studentaccommodations/studentaccommodations.go:228.2,228.16 1 0
github.com/lextures/lextures/server-new/internal/repos/studentaccommodations/studentaccommodations.go:228.16,230.3 1 0
github.com/lextures/lextures/server-new/internal/repos/studentaccommodations/studentaccommodations.go:231.2,236.16 6 0
github.com/lextures/lextures/server-new/internal/repos/studentaccommodations/studentaccommodations.go:240.93,242.16 2 0
github.com/lextures/lextures/server-new/internal/repos/studentaccommodations/studentaccommodations.go:242.16,244.3 1 0
github.com/lextures/lextures/server-new/internal/repos/studentaccommodations/studentaccommodations.go:245.2,245.36 1 0
github.com/lextures/lextures/server-new/internal/repos/studentaccommodations/studentaccommodations.go:248.40,249.15 1 0
github.com/lextures/lextures/server-new/internal/repos/studentaccommodations/studentaccommodations.go:249.15,251.3 1 0
github.com/lextures/lextures/server-new/internal/repos/studentaccommodations/studentaccommodations.go:252.2,253.11 2 0
github.com/lextures/lextures/server-new/internal/authz/authz.go:7.55,10.42 3 6
github.com/lextures/lextures/server-new/internal/authz/authz.go:10.42,12.3 1 0
github.com/lextures/lextures/server-new/internal/authz/authz.go:13.2,13.25 1 6
github.com/lextures/lextures/server-new/internal/authz/authz.go:13.25,14.44 1 21
github.com/lextures/lextures/server-new/internal/authz/authz.go:14.44,16.4 1 2
github.com/lextures/lextures/server-new/internal/authz/authz.go:18.2,18.13 1 4
github.com/lextures/lextures/server-new/internal/authz/authz.go:21.39,23.2 1 21
github.com/lextures/lextures/server-new/internal/authz/authz.go:26.59,27.27 1 1
github.com/lextures/lextures/server-new/internal/authz/authz.go:27.27,28.37 1 2
github.com/lextures/lextures/server-new/internal/authz/authz.go:28.37,30.4 1 1
github.com/lextures/lextures/server-new/internal/authz/authz.go:32.2,32.14 1 0
github.com/lextures/lextures/server-new/internal/commevents/commevents.go:25.17,27.2 1 1
github.com/lextures/lextures/server-new/internal/commevents/commevents.go:30.56,31.14 1 2
github.com/lextures/lextures/server-new/internal/commevents/commevents.go:31.14,33.3 1 1
github.com/lextures/lextures/server-new/internal/commevents/commevents.go:34.2,37.28 4 1
github.com/lextures/lextures/server-new/internal/commevents/commevents.go:37.28,38.10 1 1
github.com/lextures/lextures/server-new/internal/commevents/commevents.go:39.17,39.17 0 1
github.com/lextures/lextures/server-new/internal/commevents/commevents.go:40.11,40.11 0 0
github.com/lextures/lextures/server-new/internal/commevents/commevents.go:46.67,47.14 1 2
github.com/lextures/lextures/server-new/internal/commevents/commevents.go:47.14,50.21 3 1
github.com/lextures/lextures/server-new/internal/commevents/commevents.go:50.22,50.23 0 1
github.com/lextures/lextures/server-new/internal/commevents/commevents.go:52.2,58.20 7 1
github.com/lextures/lextures/server-new/internal/commevents/commevents.go:58.20,63.3 4 1
github.com/lextures/lextures/server-new/internal/config/config.go:77.20,79.22 2 9
github.com/lextures/lextures/server-new/internal/config/config.go:79.22,81.3 1 8
github.com/lextures/lextures/server-new/internal/config/config.go:82.2,85.23 3 9
github.com/lextures/lextures/server-new/internal/config/config.go:85.23,87.3 1 8
github.com/lextures/lextures/server-new/internal/config/config.go:88.2,91.23 3 9
github.com/lextures/lextures/server-new/internal/config/config.go:91.23,93.3 1 8
github.com/lextures/lextures/server-new/internal/config/config.go:94.2,98.41 4 9
github.com/lextures/lextures/server-new/internal/config/config.go:98.41,100.3 1 1
github.com/lextures/lextures/server-new/internal/config/config.go:102.2,155.3 1 9
github.com/lextures/lextures/server-new/internal/config/config.go:159.45,161.2 1 2
github.com/lextures/lextures/server-new/internal/config/config.go:164.48,166.2 1 1
github.com/lextures/lextures/server-new/internal/config/config.go:169.44,174.2 1 2
github.com/lextures/lextures/server-new/internal/config/config.go:177.34,178.25 1 7
github.com/lextures/lextures/server-new/internal/config/config.go:178.25,180.3 1 1
github.com/lextures/lextures/server-new/internal/config/config.go:181.2,181.108 1 6
github.com/lextures/lextures/server-new/internal/config/config.go:181.108,183.3 1 1
github.com/lextures/lextures/server-new/internal/config/config.go:184.2,184.42 1 5
github.com/lextures/lextures/server-new/internal/config/config.go:184.42,186.3 1 1
github.com/lextures/lextures/server-new/internal/config/config.go:187.2,187.97 1 4
github.com/lextures/lextures/server-new/internal/config/config.go:187.97,189.3 1 1
github.com/lextures/lextures/server-new/internal/config/config.go:190.2,190.66 1 3
github.com/lextures/lextures/server-new/internal/config/config.go:190.66,192.3 1 1
github.com/lextures/lextures/server-new/internal/config/config.go:193.2,193.12 1 2
github.com/lextures/lextures/server-new/internal/config/config.go:196.27,198.13 2 9
github.com/lextures/lextures/server-new/internal/config/config.go:198.13,200.3 1 7
github.com/lextures/lextures/server-new/internal/config/config.go:201.2,201.28 1 2
github.com/lextures/lextures/server-new/internal/config/config.go:202.33,203.15 1 1
github.com/lextures/lextures/server-new/internal/config/config.go:204.10,205.14 1 1
github.com/lextures/lextures/server-new/internal/config/config.go:209.31,210.60 1 99
github.com/lextures/lextures/server-new/internal/config/config.go:211.32,212.14 1 11
github.com/lextures/lextures/server-new/internal/config/config.go:213.10,214.15 1 88
github.com/lextures/lextures/server-new/internal/config/config.go:218.42,220.9 2 18
github.com/lextures/lextures/server-new/internal/config/config.go:220.9,222.3 1 0
github.com/lextures/lextures/server-new/internal/config/config.go:223.2,223.47 1 18
github.com/lextures/lextures/server-new/internal/config/config.go:224.36,225.14 1 16
github.com/lextures/lextures/server-new/internal/config/config.go:226.10,227.15 1 2
github.com/lextures/lextures/server-new/internal/config/config.go:231.50,232.27 1 249
github.com/lextures/lextures/server-new/internal/config/config.go:232.27,234.14 2 285
github.com/lextures/lextures/server-new/internal/config/config.go:234.14,236.4 1 27
github.com/lextures/lextures/server-new/internal/config/config.go:238.2,238.11 1 222
github.com/lextures/lextures/server-new/internal/config/config.go:241.67,242.51 1 27
github.com/lextures/lextures/server-new/internal/config/config.go:242.51,244.3 1 3
github.com/lextures/lextures/server-new/internal/config/config.go:245.2,246.16 2 24
github.com/lextures/lextures/server-new/internal/config/config.go:246.16,248.3 1 21
github.com/lextures/lextures/server-new/internal/config/config.go:249.2,250.16 2 3
github.com/lextures/lextures/server-new/internal/config/config.go:250.16,252.3 1 0
github.com/lextures/lextures/server-new/internal/config/config.go:253.2,253.37 1 3
github.com/lextures/lextures/server-new/internal/config/config.go:256.42,257.13 1 45
github.com/lextures/lextures/server-new/internal/config/config.go:257.13,259.3 1 41
github.com/lextures/lextures/server-new/internal/config/config.go:260.2,260.10 1 4
github.com/lextures/lextures/server-new/internal/config/config.go:263.41,265.2 1 36
github.com/lextures/lextures/server-new/internal/config/config.go:267.43,269.15 2 9
github.com/lextures/lextures/server-new/internal/config/config.go:269.15,271.3 1 8
github.com/lextures/lextures/server-new/internal/config/config.go:272.2,274.29 3 1
github.com/lextures/lextures/server-new/internal/config/config.go:274.29,278.19 4 3
github.com/lextures/lextures/server-new/internal/config/config.go:278.19,280.4 1 2
github.com/lextures/lextures/server-new/internal/config/config.go:282.2,282.24 1 1
github.com/lextures/lextures/server-new/internal/config/config.go:282.24,284.3 1 0
github.com/lextures/lextures/server-new/internal/config/config.go:285.2,285.17 1 1
github.com/lextures/lextures/server-new/internal/config/config.go:288.24,290.15 2 9
github.com/lextures/lextures/server-new/internal/config/config.go:290.15,292.3 1 8
github.com/lextures/lextures/server-new/internal/config/config.go:293.2,294.16 2 1
github.com/lextures/lextures/server-new/internal/config/config.go:294.16,296.3 1 0
github.com/lextures/lextures/server-new/internal/config/config.go:297.2,297.18 1 1
github.com/lextures/lextures/server-new/internal/config/config.go:300.24,302.13 2 11
github.com/lextures/lextures/server-new/internal/config/config.go:302.13,304.3 1 8
github.com/lextures/lextures/server-new/internal/config/config.go:305.2,305.31 1 3
github.com/lextures/lextures/server-new/internal/config/config.go:305.31,307.3 1 1
github.com/lextures/lextures/server-new/internal/config/config.go:308.2,308.53 1 2
github.com/lextures/lextures/server-new/internal/config/config.go:308.53,310.3 1 2
github.com/lextures/lextures/server-new/internal/config/config.go:312.2,312.10 1 0
github.com/lextures/lextures/server-new/internal/auth/http.go:9.48,12.9 3 6
github.com/lextures/lextures/server-new/internal/auth/http.go:12.9,14.3 1 3
github.com/lextures/lextures/server-new/internal/auth/http.go:15.2,16.17 2 3
github.com/lextures/lextures/server-new/internal/auth/http.go:16.17,18.3 1 1
github.com/lextures/lextures/server-new/internal/auth/http.go:19.2,19.20 1 2
github.com/lextures/lextures/server-new/internal/auth/http.go:23.76,24.19 1 3
github.com/lextures/lextures/server-new/internal/auth/http.go:24.19,26.3 1 1
github.com/lextures/lextures/server-new/internal/auth/http.go:27.2,28.9 2 2
github.com/lextures/lextures/server-new/internal/auth/http.go:28.9,30.3 1 1
github.com/lextures/lextures/server-new/internal/auth/http.go:31.2,31.29 1 1
github.com/lextures/lextures/server-new/internal/auth/jwt.go:47.45,53.2 1 11
github.com/lextures/lextures/server-new/internal/auth/jwt.go:56.64,57.55 1 8
github.com/lextures/lextures/server-new/internal/auth/jwt.go:57.55,59.3 1 2
github.com/lextures/lextures/server-new/internal/auth/jwt.go:60.2,64.4 1 6
github.com/lextures/lextures/server-new/internal/auth/jwt.go:68.60,70.49 2 7
github.com/lextures/lextures/server-new/internal/auth/jwt.go:70.49,72.3 1 3
github.com/lextures/lextures/server-new/internal/auth/jwt.go:73.2,73.70 1 4
github.com/lextures/lextures/server-new/internal/auth/jwt.go:73.70,75.3 1 1
github.com/lextures/lextures/server-new/internal/auth/jwt.go:76.2,76.40 1 3
github.com/lextures/lextures/server-new/internal/auth/jwt.go:76.40,78.3 1 1
github.com/lextures/lextures/server-new/internal/auth/jwt.go:79.2,79.67 1 2
github.com/lextures/lextures/server-new/internal/auth/jwt.go:83.89,84.61 1 2
github.com/lextures/lextures/server-new/internal/auth/jwt.go:84.61,86.3 1 1
github.com/lextures/lextures/server-new/internal/auth/jwt.go:87.2,93.4 1 1
github.com/lextures/lextures/server-new/internal/auth/jwt.go:97.80,99.49 2 2
github.com/lextures/lextures/server-new/internal/auth/jwt.go:99.49,101.3 1 0
github.com/lextures/lextures/server-new/internal/auth/jwt.go:102.2,102.103 1 2
github.com/lextures/lextures/server-new/internal/auth/jwt.go:102.103,104.3 1 1
github.com/lextures/lextures/server-new/internal/auth/jwt.go:105.2,105.40 1 1
github.com/lextures/lextures/server-new/internal/auth/jwt.go:105.40,107.3 1 0
github.com/lextures/lextures/server-new/internal/auth/jwt.go:108.2,108.102 1 1
github.com/lextures/lextures/server-new/internal/auth/jwt.go:111.54,113.16 2 8
github.com/lextures/lextures/server-new/internal/auth/jwt.go:113.16,115.3 1 0
github.com/lextures/lextures/server-new/internal/auth/jwt.go:116.2,117.16 2 8
github.com/lextures/lextures/server-new/internal/auth/jwt.go:117.16,119.3 1 0
github.com/lextures/lextures/server-new/internal/auth/jwt.go:120.2,121.52 2 8
github.com/lextures/lextures/server-new/internal/auth/jwt.go:124.60,126.75 2 9
github.com/lextures/lextures/server-new/internal/auth/jwt.go:126.75,128.3 1 0
github.com/lextures/lextures/server-new/internal/auth/jwt.go:129.2,130.66 2 9
github.com/lextures/lextures/server-new/internal/auth/jwt.go:130.66,132.3 1 2
github.com/lextures/lextures/server-new/internal/auth/jwt.go:133.2,134.16 2 7
github.com/lextures/lextures/server-new/internal/auth/jwt.go:134.16,136.3 1 0
github.com/lextures/lextures/server-new/internal/auth/jwt.go:137.2,138.61 2 7
github.com/lextures/lextures/server-new/internal/auth/jwt.go:138.61,140.3 1 0
github.com/lextures/lextures/server-new/internal/auth/jwt.go:141.2,141.33 1 7
github.com/lextures/lextures/server-new/internal/auth/jwt.go:141.33,143.3 1 1
github.com/lextures/lextures/server-new/internal/auth/jwt.go:144.2,145.16 2 6
github.com/lextures/lextures/server-new/internal/auth/jwt.go:145.16,147.3 1 0
github.com/lextures/lextures/server-new/internal/auth/jwt.go:148.2,148.56 1 6
github.com/lextures/lextures/server-new/internal/auth/jwt.go:148.56,150.3 1 0
github.com/lextures/lextures/server-new/internal/auth/jwt.go:151.2,151.12 1 6
github.com/lextures/lextures/server-new/internal/auth/jwt.go:154.55,158.2 3 18
github.com/lextures/lextures/server-new/internal/auth/jwt.go:179.37,181.2 1 12
github.com/lextures/lextures/server-new/internal/auth/jwt.go:183.47,185.2 1 4
github.com/lextures/lextures/server-new/internal/auth/jwt.go:187.28,188.18 1 21
github.com/lextures/lextures/server-new/internal/auth/jwt.go:188.18,190.3 1 3
github.com/lextures/lextures/server-new/internal/auth/jwt.go:191.2,191.22 1 18
github.com/lextures/lextures/server-new/internal/auth/jwt.go:191.22,192.12 1 648
github.com/lextures/lextures/server-new/internal/auth/jwt.go:193.22,194.16 1 72
github.com/lextures/lextures/server-new/internal/auth/jwt.go:194.16,196.5 1 0
github.com/lextures/lextures/server-new/internal/auth/jwt.go:197.11,198.58 1 576
github.com/lextures/lextures/server-new/internal/auth/jwt.go:198.58,200.5 1 0
github.com/lextures/lextures/server-new/internal/auth/jwt.go:203.2,203.13 1 18
github.com/lextures/lextures/server-new/internal/auth/password.go:18.49,20.2 1 1
github.com/lextures/lextures/server-new/internal/auth/password.go:23.57,24.18 1 3
github.com/lextures/lextures/server-new/internal/auth/password.go:24.18,26.3 1 0
github.com/lextures/lextures/server-new/internal/auth/password.go:27.2,27.55 1 3
github.com/lextures/lextures/server-new/internal/db/pool.go:11.70,12.15 1 1
github.com/lextures/lextures/server-new/internal/db/pool.go:12.15,14.3 1 1
github.com/lextures/lextures/server-new/internal/db/pool.go:15.2,16.16 2 0
github.com/lextures/lextures/server-new/internal/db/pool.go:16.16,18.3 1 0
github.com/lextures/lextures/server-new/internal/db/pool.go:20.2,20.40 1 0
github.com/lextures/lextures/server-new/internal/mail/password_reset.go:14.78,16.16 2 1
github.com/lextures/lextures/server-new/internal/mail/password_reset.go:16.16,19.3 2 1
github.com/lextures/lextures/server-new/internal/mail/password_reset.go:20.2,21.16 2 0
github.com/lextures/lextures/server-new/internal/mail/password_reset.go:21.16,23.3 1 0
github.com/lextures/lextures/server-new/internal/mail/password_reset.go:24.2,44.46 5 0
github.com/lextures/lextures/server-new/internal/mail/password_reset.go:44.46,47.3 2 0
github.com/lextures/lextures/server-new/internal/mail/password_reset.go:48.2,48.64 1 0
github.com/lextures/lextures/server-new/internal/models/accommodations/json.go:73.48,74.15 1 2
github.com/lextures/lextures/server-new/internal/models/accommodations/json.go:74.15,76.3 1 1
github.com/lextures/lextures/server-new/internal/models/accommodations/json.go:77.2,78.11 2 1
github.com/lextures/lextures/server-new/internal/models/accommodations/json.go:98.47,99.14 1 3
github.com/lextures/lextures/server-new/internal/models/accommodations/json.go:99.14,101.3 1 1
github.com/lextures/lextures/server-new/internal/models/accommodations/json.go:102.2,103.13 2 2
github.com/lextures/lextures/server-new/internal/models/accommodations/json.go:103.13,105.3 1 1
github.com/lextures/lextures/server-new/internal/models/accommodations/json.go:106.2,107.16 2 1
github.com/lextures/lextures/server-new/internal/models/accommodations/json.go:107.16,109.3 1 0
github.com/lextures/lextures/server-new/internal/models/accommodations/json.go:110.2,111.18 2 1
github.com/lextures/lextures/server-new/internal/migrate/checksum.go:8.40,10.2 1 1
github.com/lextures/lextures/server-new/internal/migrate/lock.go:12.48,16.2 3 4
github.com/lextures/lextures/server-new/internal/migrate/lock.go:18.72,20.79 2 0
github.com/lextures/lextures/server-new/internal/migrate/lock.go:20.79,22.3 1 0
github.com/lextures/lextures/server-new/internal/migrate/lock.go:23.2,25.17 3 0
github.com/lextures/lextures/server-new/internal/migrate/lock.go:28.77,31.2 2 0
github.com/lextures/lextures/server-new/internal/migrate/parse.go:20.65,22.51 2 2
github.com/lextures/lextures/server-new/internal/migrate/parse.go:22.51,24.3 1 1
github.com/lextures/lextures/server-new/internal/migrate/parse.go:25.2,26.17 2 2
github.com/lextures/lextures/server-new/internal/migrate/parse.go:26.17,28.3 1 1
github.com/lextures/lextures/server-new/internal/migrate/parse.go:29.2,30.16 2 1
github.com/lextures/lextures/server-new/internal/migrate/parse.go:30.16,32.3 1 0
github.com/lextures/lextures/server-new/internal/migrate/parse.go:33.2,33.11 1 1
github.com/lextures/lextures/server-new/internal/migrate/parse.go:33.11,35.3 1 0
github.com/lextures/lextures/server-new/internal/migrate/parse.go:36.2,40.8 1 1
github.com/lextures/lextures/server-new/internal/migrate/parse.go:45.40,45.57 1 1
github.com/lextures/lextures/server-new/internal/migrate/parse.go:46.40,46.78 1 1
github.com/lextures/lextures/server-new/internal/migrate/parse.go:47.40,47.67 1 1
github.com/lextures/lextures/server-new/internal/migrate/parse.go:49.44,51.2 1 1
github.com/lextures/lextures/server-new/internal/migrate/run.go:20.67,21.15 1 2
github.com/lextures/lextures/server-new/internal/migrate/run.go:21.15,23.3 1 1
github.com/lextures/lextures/server-new/internal/migrate/run.go:24.2,25.16 2 1
github.com/lextures/lextures/server-new/internal/migrate/run.go:25.16,27.3 1 0
github.com/lextures/lextures/server-new/internal/migrate/run.go:28.2,30.16 3 1
github.com/lextures/lextures/server-new/internal/migrate/run.go:30.16,32.3 1 1
github.com/lextures/lextures/server-new/internal/migrate/run.go:33.2,34.49 2 0
github.com/lextures/lextures/server-new/internal/migrate/run.go:38.74,39.17 1 1
github.com/lextures/lextures/server-new/internal/migrate/run.go:39.17,41.3 1 1
github.com/lextures/lextures/server-new/internal/migrate/run.go:42.2,42.57 1 0
github.com/lextures/lextures/server-new/internal/migrate/run.go:45.83,47.16 2 0
github.com/lextures/lextures/server-new/internal/migrate/run.go:47.16,49.3 1 0
github.com/lextures/lextures/server-new/internal/migrate/run.go:50.2,50.15 1 0
github.com/lextures/lextures/server-new/internal/migrate/run.go:50.15,50.75 1 0
github.com/lextures/lextures/server-new/internal/migrate/run.go:51.2,51.57 1 0
github.com/lextures/lextures/server-new/internal/migrate/run.go:51.57,53.3 1 0
github.com/lextures/lextures/server-new/internal/migrate/run.go:54.2,54.49 1 0
github.com/lextures/lextures/server-new/internal/migrate/run.go:54.49,56.3 1 0
github.com/lextures/lextures/server-new/internal/migrate/run.go:57.2,58.16 2 0
github.com/lextures/lextures/server-new/internal/migrate/run.go:58.16,60.3 1 0
github.com/lextures/lextures/server-new/internal/migrate/run.go:61.2,62.28 2 0
github.com/lextures/lextures/server-new/internal/migrate/run.go:62.28,63.16 1 0
github.com/lextures/lextures/server-new/internal/migrate/run.go:63.16,64.12 1 0
github.com/lextures/lextures/server-new/internal/migrate/run.go:66.3,68.18 3 0
github.com/lextures/lextures/server-new/internal/migrate/run.go:68.18,70.4 1 0
github.com/lextures/lextures/server-new/internal/migrate/run.go:71.3,71.26 1 0
github.com/lextures/lextures/server-new/internal/migrate/run.go:73.2,74.26 2 0
github.com/lextures/lextures/server-new/internal/migrate/run.go:74.26,76.63 2 0
github.com/lextures/lextures/server-new/internal/migrate/run.go:76.63,78.4 1 0
github.com/lextures/lextures/server-new/internal/migrate/run.go:80.2,80.12 1 0
github.com/lextures/lextures/server-new/internal/migrate/run.go:83.68,93.16 3 0
github.com/lextures/lextures/server-new/internal/migrate/run.go:93.16,95.3 1 0
github.com/lextures/lextures/server-new/internal/migrate/run.go:96.2,96.12 1 0
github.com/lextures/lextures/server-new/internal/migrate/run.go:99.60,104.16 3 0
github.com/lextures/lextures/server-new/internal/migrate/run.go:104.16,105.36 1 0
github.com/lextures/lextures/server-new/internal/migrate/run.go:105.36,107.4 1 0
github.com/lextures/lextures/server-new/internal/migrate/run.go:108.3,108.47 1 0
github.com/lextures/lextures/server-new/internal/migrate/run.go:110.2,110.138 1 0
github.com/lextures/lextures/server-new/internal/migrate/run.go:113.102,115.16 2 0
github.com/lextures/lextures/server-new/internal/migrate/run.go:115.16,117.3 1 0
github.com/lextures/lextures/server-new/internal/migrate/run.go:118.2,123.20 5 0
github.com/lextures/lextures/server-new/internal/migrate/run.go:123.20,124.40 1 0
github.com/lextures/lextures/server-new/internal/migrate/run.go:124.40,126.4 1 0
github.com/lextures/lextures/server-new/internal/migrate/run.go:127.3,127.13 1 0
github.com/lextures/lextures/server-new/internal/migrate/run.go:129.2,129.40 1 0
github.com/lextures/lextures/server-new/internal/migrate/run.go:129.40,131.3 1 0
github.com/lextures/lextures/server-new/internal/migrate/run.go:135.2,137.16 3 0
github.com/lextures/lextures/server-new/internal/migrate/run.go:137.16,139.3 1 0
github.com/lextures/lextures/server-new/internal/migrate/run.go:140.2,140.15 1 0
github.com/lextures/lextures/server-new/internal/migrate/run.go:140.15,140.39 1 0
github.com/lextures/lextures/server-new/internal/migrate/run.go:141.2,141.54 1 0
github.com/lextures/lextures/server-new/internal/migrate/run.go:141.54,143.3 1 0
github.com/lextures/lextures/server-new/internal/migrate/run.go:144.2,145.88 2 0
github.com/lextures/lextures/server-new/internal/migrate/run.go:145.88,147.3 1 0
github.com/lextures/lextures/server-new/internal/migrate/run.go:148.2,148.39 1 0
github.com/lextures/lextures/server-new/internal/migrate/run.go:148.39,150.3 1 0
github.com/lextures/lextures/server-new/internal/migrate/run.go:151.2,153.70 3 0
github.com/lextures/lextures/server-new/internal/migrate/run.go:153.70,155.3 1 0
github.com/lextures/lextures/server-new/internal/migrate/run.go:156.2,156.12 1 0
github.com/lextures/lextures/server-new/internal/openapi/openapi.go:459.59,460.32 1 2
github.com/lextures/lextures/server-new/internal/openapi/openapi.go:460.32,464.3 3 1
github.com/lextures/lextures/server-new/internal/openapi/openapi.go:465.2,466.30 2 1
github.com/lextures/lextures/server-new/internal/openapi/openapi.go:470.56,471.32 1 2
github.com/lextures/lextures/server-new/internal/openapi/openapi.go:471.32,475.3 3 1
github.com/lextures/lextures/server-new/internal/openapi/openapi.go:476.2,477.33 2 1
github.com/lextures/lextures/server-new/internal/httpserver/accommodations.go:25.57,28.64 3 33
github.com/lextures/lextures/server-new/internal/httpserver/accommodations.go:28.64,33.3 4 33
github.com/lextures/lextures/server-new/internal/httpserver/accommodations.go:34.2,34.57 1 33
github.com/lextures/lextures/server-new/internal/httpserver/accommodations.go:37.64,38.54 1 33
github.com/lextures/lextures/server-new/internal/httpserver/accommodations.go:38.54,39.33 1 0
github.com/lextures/lextures/server-new/internal/httpserver/accommodations.go:39.33,43.4 3 0
github.com/lextures/lextures/server-new/internal/httpserver/accommodations.go:44.3,45.10 2 0
github.com/lextures/lextures/server-new/internal/httpserver/accommodations.go:45.10,47.4 1 0
github.com/lextures/lextures/server-new/internal/httpserver/accommodations.go:48.3,50.17 3 0
github.com/lextures/lextures/server-new/internal/httpserver/accommodations.go:50.17,53.4 2 0
github.com/lextures/lextures/server-new/internal/httpserver/accommodations.go:54.3,54.11 1 0
github.com/lextures/lextures/server-new/internal/httpserver/accommodations.go:54.11,57.4 2 0
github.com/lextures/lextures/server-new/internal/httpserver/accommodations.go:58.3,59.14 2 0
github.com/lextures/lextures/server-new/internal/httpserver/accommodations.go:59.14,62.4 2 0
github.com/lextures/lextures/server-new/internal/httpserver/accommodations.go:63.3,63.17 1 0
github.com/lextures/lextures/server-new/internal/httpserver/accommodations.go:63.17,65.19 2 0
github.com/lextures/lextures/server-new/internal/httpserver/accommodations.go:65.19,68.5 2 0
github.com/lextures/lextures/server-new/internal/httpserver/accommodations.go:70.3,71.17 2 0
github.com/lextures/lextures/server-new/internal/httpserver/accommodations.go:71.17,74.4 2 0
github.com/lextures/lextures/server-new/internal/httpserver/accommodations.go:75.3,76.28 2 0
github.com/lextures/lextures/server-new/internal/httpserver/accommodations.go:76.28,81.30 2 0
github.com/lextures/lextures/server-new/internal/httpserver/accommodations.go:81.30,83.5 1 0
github.com/lextures/lextures/server-new/internal/httpserver/accommodations.go:84.4,84.28 1 0
github.com/lextures/lextures/server-new/internal/httpserver/accommodations.go:84.28,86.5 1 0
github.com/lextures/lextures/server-new/internal/httpserver/accommodations.go:87.4,87.27 1 0
github.com/lextures/lextures/server-new/internal/httpserver/accommodations.go:87.27,89.5 1 0
github.com/lextures/lextures/server-new/internal/httpserver/accommodations.go:90.4,90.22 1 0
github.com/lextures/lextures/server-new/internal/httpserver/accommodations.go:90.22,92.5 1 0
github.com/lextures/lextures/server-new/internal/httpserver/accommodations.go:93.4,93.38 1 0
github.com/lextures/lextures/server-new/internal/httpserver/accommodations.go:95.3,96.37 2 0
github.com/lextures/lextures/server-new/internal/httpserver/accommodations.go:100.71,101.54 1 33
github.com/lextures/lextures/server-new/internal/httpserver/accommodations.go:101.54,102.33 1 0
github.com/lextures/lextures/server-new/internal/httpserver/accommodations.go:102.33,106.4 3 0
github.com/lextures/lextures/server-new/internal/httpserver/accommodations.go:107.3,108.10 2 0
github.com/lextures/lextures/server-new/internal/httpserver/accommodations.go:108.10,110.4 1 0
github.com/lextures/lextures/server-new/internal/httpserver/accommodations.go:111.3,112.17 2 0
github.com/lextures/lextures/server-new/internal/httpserver/accommodations.go:112.17,115.4 2 0
github.com/lextures/lextures/server-new/internal/httpserver/accommodations.go:116.3,118.17 3 0
github.com/lextures/lextures/server-new/internal/httpserver/accommodations.go:118.17,121.4 2 0
github.com/lextures/lextures/server-new/internal/httpserver/accommodations.go:122.3,122.16 1 0
github.com/lextures/lextures/server-new/internal/httpserver/accommodations.go:122.16,125.4 2 0
github.com/lextures/lextures/server-new/internal/httpserver/accommodations.go:126.3,129.17 4 0
github.com/lextures/lextures/server-new/internal/httpserver/accommodations.go:129.17,132.4 2 0
github.com/lextures/lextures/server-new/internal/httpserver/accommodations.go:133.3,133.15 1 0
github.com/lextures/lextures/server-new/internal/httpserver/accommodations.go:133.15,136.4 2 0
github.com/lextures/lextures/server-new/internal/httpserver/accommodations.go:137.3,141.105 5 0
github.com/lextures/lextures/server-new/internal/httpserver/accommodations.go:145.63,146.54 1 33
github.com/lextures/lextures/server-new/internal/httpserver/accommodations.go:146.54,147.33 1 0
github.com/lextures/lextures/server-new/internal/httpserver/accommodations.go:147.33,151.4 3 0
github.com/lextures/lextures/server-new/internal/httpserver/accommodations.go:152.3,153.10 2 0
github.com/lextures/lextures/server-new/internal/httpserver/accommodations.go:153.10,155.4 1 0
github.com/lextures/lextures/server-new/internal/httpserver/accommodations.go:156.3,157.40 2 0
github.com/lextures/lextures/server-new/internal/httpserver/accommodations.go:157.40,159.4 1 0
github.com/lextures/lextures/server-new/internal/httpserver/accommodations.go:160.3,161.17 2 0
github.com/lextures/lextures/server-new/internal/httpserver/accommodations.go:161.17,164.4 2 0
github.com/lextures/lextures/server-new/internal/httpserver/accommodations.go:165.3,166.17 2 0
github.com/lextures/lextures/server-new/internal/httpserver/accommodations.go:166.17,169.4 2 0
github.com/lextures/lextures/server-new/internal/httpserver/accommodations.go:170.3,171.23 2 0
github.com/lextures/lextures/server-new/internal/httpserver/accommodations.go:171.23,173.4 1 0
github.com/lextures/lextures/server-new/internal/httpserver/accommodations.go:174.3,175.37 2 0
github.com/lextures/lextures/server-new/internal/httpserver/accommodations.go:179.98,181.16 2 0
github.com/lextures/lextures/server-new/internal/httpserver/accommodations.go:181.16,184.3 2 0
github.com/lextures/lextures/server-new/internal/httpserver/accommodations.go:185.2,185.9 1 0
github.com/lextures/lextures/server-new/internal/httpserver/accommodations.go:185.9,188.3 2 0
github.com/lextures/lextures/server-new/internal/httpserver/accommodations.go:189.2,189.13 1 0
github.com/lextures/lextures/server-new/internal/httpserver/accommodations.go:192.64,193.54 1 33
github.com/lextures/lextures/server-new/internal/httpserver/accommodations.go:193.54,194.34 1 0
github.com/lextures/lextures/server-new/internal/httpserver/accommodations.go:194.34,198.4 3 0
github.com/lextures/lextures/server-new/internal/httpserver/accommodations.go:199.3,200.10 2 0
github.com/lextures/lextures/server-new/internal/httpserver/accommodations.go:200.10,202.4 1 0
github.com/lextures/lextures/server-new/internal/httpserver/accommodations.go:203.3,204.40 2 0
github.com/lextures/lextures/server-new/internal/httpserver/accommodations.go:204.40,206.4 1 0
github.com/lextures/lextures/server-new/internal/httpserver/accommodations.go:207.3,208.17 2 0
github.com/lextures/lextures/server-new/internal/httpserver/accommodations.go:208.17,211.4 2 0
github.com/lextures/lextures/server-new/internal/httpserver/accommodations.go:212.3,213.60 2 0
github.com/lextures/lextures/server-new/internal/httpserver/accommodations.go:213.60,216.4 2 0
github.com/lextures/lextures/server-new/internal/httpserver/accommodations.go:217.3,218.30 2 0
github.com/lextures/lextures/server-new/internal/httpserver/accommodations.go:218.30,220.4 1 0
github.com/lextures/lextures/server-new/internal/httpserver/accommodations.go:221.3,221.29 1 0
github.com/lextures/lextures/server-new/internal/httpserver/accommodations.go:221.29,224.4 2 0
github.com/lextures/lextures/server-new/internal/httpserver/accommodations.go:225.3,226.29 2 0
github.com/lextures/lextures/server-new/internal/httpserver/accommodations.go:226.29,228.4 1 0
github.com/lextures/lextures/server-new/internal/httpserver/accommodations.go:229.3,229.31 1 0
github.com/lextures/lextures/server-new/internal/httpserver/accommodations.go:229.31,232.4 2 0
github.com/lextures/lextures/server-new/internal/httpserver/accommodations.go:233.3,233.16 1 0
github.com/lextures/lextures/server-new/internal/httpserver/accommodations.go:233.16,235.4 1 0
github.com/lextures/lextures/server-new/internal/httpserver/accommodations.go:236.3,237.34 2 0
github.com/lextures/lextures/server-new/internal/httpserver/accommodations.go:237.34,239.4 1 0
github.com/lextures/lextures/server-new/internal/httpserver/accommodations.go:240.3,241.34 2 0
github.com/lextures/lextures/server-new/internal/httpserver/accommodations.go:241.34,243.4 1 0
github.com/lextures/lextures/server-new/internal/httpserver/accommodations.go:244.3,245.10 2 0
github.com/lextures/lextures/server-new/internal/httpserver/accommodations.go:245.10,247.4 1 0
github.com/lextures/lextures/server-new/internal/httpserver/accommodations.go:248.3,249.26 2 0
github.com/lextures/lextures/server-new/internal/httpserver/accommodations.go:249.26,251.15 2 0
github.com/lextures/lextures/server-new/internal/httpserver/accommodations.go:251.15,253.19 2 0
github.com/lextures/lextures/server-new/internal/httpserver/accommodations.go:253.19,256.6 2 0
github.com/lextures/lextures/server-new/internal/httpserver/accommodations.go:257.5,257.19 1 0
github.com/lextures/lextures/server-new/internal/httpserver/accommodations.go:257.19,260.6 2 0
github.com/lextures/lextures/server-new/internal/httpserver/accommodations.go:261.5,261.19 1 0
github.com/lextures/lextures/server-new/internal/httpserver/accommodations.go:264.3,265.17 2 0
github.com/lextures/lextures/server-new/internal/httpserver/accommodations.go:265.17,266.30 1 0
github.com/lextures/lextures/server-new/internal/httpserver/accommodations.go:266.30,269.5 2 0
github.com/lextures/lextures/server-new/internal/httpserver/accommodations.go:270.4,271.10 2 0
github.com/lextures/lextures/server-new/internal/httpserver/accommodations.go:273.3,274.26 2 0
github.com/lextures/lextures/server-new/internal/httpserver/accommodations.go:274.26,276.18 2 0
github.com/lextures/lextures/server-new/internal/httpserver/accommodations.go:276.18,279.5 2 0
github.com/lextures/lextures/server-new/internal/httpserver/accommodations.go:281.3,282.51 2 0
github.com/lextures/lextures/server-new/internal/httpserver/accommodations.go:286.40,289.2 2 0
github.com/lextures/lextures/server-new/internal/httpserver/accommodations.go:291.102,293.16 2 0
github.com/lextures/lextures/server-new/internal/httpserver/accommodations.go:293.16,296.3 2 0
github.com/lextures/lextures/server-new/internal/httpserver/accommodations.go:297.2,298.16 2 0
github.com/lextures/lextures/server-new/internal/httpserver/accommodations.go:298.16,301.3 2 0
github.com/lextures/lextures/server-new/internal/httpserver/accommodations.go:302.2,302.19 1 0
github.com/lextures/lextures/server-new/internal/httpserver/accommodations.go:305.64,306.54 1 33
github.com/lextures/lextures/server-new/internal/httpserver/accommodations.go:306.54,307.33 1 0
github.com/lextures/lextures/server-new/internal/httpserver/accommodations.go:307.33,311.4 3 0
github.com/lextures/lextures/server-new/internal/httpserver/accommodations.go:312.3,313.10 2 0
github.com/lextures/lextures/server-new/internal/httpserver/accommodations.go:313.10,315.4 1 0
github.com/lextures/lextures/server-new/internal/httpserver/accommodations.go:316.3,317.40 2 0
github.com/lextures/lextures/server-new/internal/httpserver/accommodations.go:317.40,319.4 1 0
github.com/lextures/lextures/server-new/internal/httpserver/accommodations.go:320.3,321.17 2 0
github.com/lextures/lextures/server-new/internal/httpserver/accommodations.go:321.17,324.4 2 0
github.com/lextures/lextures/server-new/internal/httpserver/accommodations.go:325.3,326.17 2 0
github.com/lextures/lextures/server-new/internal/httpserver/accommodations.go:326.17,329.4 2 0
github.com/lextures/lextures/server-new/internal/httpserver/accommodations.go:330.3,331.60 2 0
github.com/lextures/lextures/server-new/internal/httpserver/accommodations.go:331.60,334.4 2 0
github.com/lextures/lextures/server-new/internal/httpserver/accommodations.go:335.3,335.57 1 0
github.com/lextures/lextures/server-new/internal/httpserver/accommodations.go:335.57,338.4 2 0
github.com/lextures/lextures/server-new/internal/httpserver/accommodations.go:339.3,339.51 1 0
github.com/lextures/lextures/server-new/internal/httpserver/accommodations.go:339.51,342.4 2 0
github.com/lextures/lextures/server-new/internal/httpserver/accommodations.go:343.3,344.10 2 0
github.com/lextures/lextures/server-new/internal/httpserver/accommodations.go:344.10,346.4 1 0
github.com/lextures/lextures/server-new/internal/httpserver/accommodations.go:347.3,349.17 2 0
github.com/lextures/lextures/server-new/internal/httpserver/accommodations.go:349.17,352.4 2 0
github.com/lextures/lextures/server-new/internal/httpserver/accommodations.go:353.3,353.21 1 0
github.com/lextures/lextures/server-new/internal/httpserver/accommodations.go:353.21,356.4 2 0
github.com/lextures/lextures/server-new/internal/httpserver/accommodations.go:357.3,358.30 2 0
github.com/lextures/lextures/server-new/internal/httpserver/accommodations.go:358.30,360.18 2 0
github.com/lextures/lextures/server-new/internal/httpserver/accommodations.go:360.18,363.5 2 0
github.com/lextures/lextures/server-new/internal/httpserver/accommodations.go:365.3,366.55 2 0
github.com/lextures/lextures/server-new/internal/httpserver/accommodations.go:370.64,371.54 1 33
github.com/lextures/lextures/server-new/internal/httpserver/accommodations.go:371.54,372.36 1 0
github.com/lextures/lextures/server-new/internal/httpserver/accommodations.go:372.36,376.4 3 0
github.com/lextures/lextures/server-new/internal/httpserver/accommodations.go:377.3,378.10 2 0
github.com/lextures/lextures/server-new/internal/httpserver/accommodations.go:378.10,380.4 1 0
github.com/lextures/lextures/server-new/internal/httpserver/accommodations.go:381.3,382.40 2 0
github.com/lextures/lextures/server-new/internal/httpserver/accommodations.go:382.40,384.4 1 0
github.com/lextures/lextures/server-new/internal/httpserver/accommodations.go:385.3,386.17 2 0
github.com/lextures/lextures/server-new/internal/httpserver/accommodations.go:386.17,389.4 2 0
github.com/lextures/lextures/server-new/internal/httpserver/accommodations.go:390.3,391.17 2 0
github.com/lextures/lextures/server-new/internal/httpserver/accommodations.go:391.17,394.4 2 0
github.com/lextures/lextures/server-new/internal/httpserver/accommodations.go:395.3,396.17 2 0
github.com/lextures/lextures/server-new/internal/httpserver/accommodations.go:396.17,399.4 2 0
github.com/lextures/lextures/server-new/internal/httpserver/accommodations.go:400.3,400.15 1 0
github.com/lextures/lextures/server-new/internal/httpserver/accommodations.go:400.15,403.4 2 0
github.com/lextures/lextures/server-new/internal/httpserver/accommodations.go:404.3,404.38 1 0
github.com/lextures/lextures/server-new/internal/httpserver/accommodations.go:408.57,409.54 1 33
github.com/lextures/lextures/server-new/internal/httpserver/accommodations.go:409.54,410.33 1 1
github.com/lextures/lextures/server-new/internal/httpserver/accommodations.go:410.33,414.4 3 0
github.com/lextures/lextures/server-new/internal/httpserver/accommodations.go:415.3,416.10 2 1
github.com/lextures/lextures/server-new/internal/httpserver/accommodations.go:416.10,418.4 1 1
github.com/lextures/lextures/server-new/internal/httpserver/accommodations.go:419.3,421.17 3 0
github.com/lextures/lextures/server-new/internal/httpserver/accommodations.go:421.17,424.4 2 0
github.com/lextures/lextures/server-new/internal/httpserver/accommodations.go:425.3,427.23 3 0
github.com/lextures/lextures/server-new/internal/httpserver/accommodations.go:427.23,429.82 2 0
github.com/lextures/lextures/server-new/internal/httpserver/accommodations.go:429.82,430.13 1 0
github.com/lextures/lextures/server-new/internal/httpserver/accommodations.go:432.4,440.6 1 0
github.com/lextures/lextures/server-new/internal/httpserver/accommodations.go:442.3,443.77 2 0
github.com/lextures/lextures/server-new/internal/httpserver/accommodations.go:447.77,448.14 1 0
github.com/lextures/lextures/server-new/internal/httpserver/accommodations.go:448.14,450.3 1 0
github.com/lextures/lextures/server-new/internal/httpserver/accommodations.go:451.2,452.23 2 0
github.com/lextures/lextures/server-new/internal/httpserver/accommodations.go:452.23,455.3 2 0
github.com/lextures/lextures/server-new/internal/httpserver/accommodations.go:456.2,457.24 2 0
github.com/lextures/lextures/server-new/internal/httpserver/accommodations.go:457.24,460.3 2 0
github.com/lextures/lextures/server-new/internal/httpserver/accommodations.go:461.2,477.3 1 0
github.com/lextures/lextures/server-new/internal/httpserver/admin.go:25.87,26.24 1 7
github.com/lextures/lextures/server-new/internal/httpserver/admin.go:26.24,29.3 2 7
github.com/lextures/lextures/server-new/internal/httpserver/admin.go:30.2,31.16 2 0
github.com/lextures/lextures/server-new/internal/httpserver/admin.go:31.16,34.3 2 0
github.com/lextures/lextures/server-new/internal/httpserver/admin.go:35.2,36.16 2 0
github.com/lextures/lextures/server-new/internal/httpserver/admin.go:36.16,39.3 2 0
github.com/lextures/lextures/server-new/internal/httpserver/admin.go:40.2,40.19 1 0
github.com/lextures/lextures/server-new/internal/httpserver/admin.go:40.19,43.3 2 0
github.com/lextures/lextures/server-new/internal/httpserver/admin.go:44.2,46.16 3 0
github.com/lextures/lextures/server-new/internal/httpserver/admin.go:46.16,49.3 2 0
github.com/lextures/lextures/server-new/internal/httpserver/admin.go:50.2,50.9 1 0
github.com/lextures/lextures/server-new/internal/httpserver/admin.go:50.9,53.3 2 0
github.com/lextures/lextures/server-new/internal/httpserver/admin.go:54.2,54.21 1 0
github.com/lextures/lextures/server-new/internal/httpserver/admin.go:57.58,58.54 1 33
github.com/lextures/lextures/server-new/internal/httpserver/admin.go:58.54,59.34 1 1
github.com/lextures/lextures/server-new/internal/httpserver/admin.go:59.34,63.4 3 0
github.com/lextures/lextures/server-new/internal/httpserver/admin.go:64.3,64.42 1 1
github.com/lextures/lextures/server-new/internal/httpserver/admin.go:64.42,66.4 1 1
github.com/lextures/lextures/server-new/internal/httpserver/admin.go:67.3,72.17 4 0
github.com/lextures/lextures/server-new/internal/httpserver/admin.go:72.17,74.4 1 0
github.com/lextures/lextures/server-new/internal/httpserver/admin.go:75.3,76.53 2 0
github.com/lextures/lextures/server-new/internal/httpserver/admin.go:76.53,78.18 2 0
github.com/lextures/lextures/server-new/internal/httpserver/admin.go:78.18,81.5 2 0
github.com/lextures/lextures/server-new/internal/httpserver/admin.go:82.4,82.16 1 0
github.com/lextures/lextures/server-new/internal/httpserver/admin.go:84.3,88.73 5 0
github.com/lextures/lextures/server-new/internal/httpserver/admin.go:103.60,104.54 1 33
github.com/lextures/lextures/server-new/internal/httpserver/admin.go:104.54,105.33 1 0
github.com/lextures/lextures/server-new/internal/httpserver/admin.go:105.33,109.4 3 0
github.com/lextures/lextures/server-new/internal/httpserver/admin.go:110.3,110.42 1 0
github.com/lextures/lextures/server-new/internal/httpserver/admin.go:110.42,112.4 1 0
github.com/lextures/lextures/server-new/internal/httpserver/admin.go:113.3,114.60 2 0
github.com/lextures/lextures/server-new/internal/httpserver/admin.go:114.60,117.4 2 0
github.com/lextures/lextures/server-new/internal/httpserver/admin.go:118.3,119.75 2 0
github.com/lextures/lextures/server-new/internal/httpserver/admin.go:119.75,122.4 2 0
github.com/lextures/lextures/server-new/internal/httpserver/admin.go:123.3,133.87 2 0
github.com/lextures/lextures/server-new/internal/httpserver/admin.go:133.87,136.4 2 0
github.com/lextures/lextures/server-new/internal/httpserver/admin.go:137.3,138.60 2 0
github.com/lextures/lextures/server-new/internal/httpserver/admin.go:142.36,144.14 2 0
github.com/lextures/lextures/server-new/internal/httpserver/admin.go:144.14,146.3 1 0
github.com/lextures/lextures/server-new/internal/httpserver/admin.go:147.2,147.11 1 0
github.com/lextures/lextures/server-new/internal/httpserver/admin.go:147.11,149.3 1 0
github.com/lextures/lextures/server-new/internal/httpserver/admin.go:150.2,150.13 1 0
github.com/lextures/lextures/server-new/internal/httpserver/admin.go:150.13,152.3 1 0
github.com/lextures/lextures/server-new/internal/httpserver/admin.go:153.2,153.19 1 0
github.com/lextures/lextures/server-new/internal/httpserver/admin.go:156.56,157.54 1 33
github.com/lextures/lextures/server-new/internal/httpserver/admin.go:157.54,158.33 1 1
github.com/lextures/lextures/server-new/internal/httpserver/admin.go:158.33,162.4 3 0
github.com/lextures/lextures/server-new/internal/httpserver/admin.go:163.3,163.42 1 1
github.com/lextures/lextures/server-new/internal/httpserver/admin.go:163.42,165.4 1 1
github.com/lextures/lextures/server-new/internal/httpserver/admin.go:166.3,168.17 3 0
github.com/lextures/lextures/server-new/internal/httpserver/admin.go:168.17,171.4 2 0
github.com/lextures/lextures/server-new/internal/httpserver/admin.go:172.3,173.17 2 0
github.com/lextures/lextures/server-new/internal/httpserver/admin.go:173.17,176.4 2 0
github.com/lextures/lextures/server-new/internal/httpserver/admin.go:177.3,178.28 2 0
github.com/lextures/lextures/server-new/internal/httpserver/admin.go:178.28,188.32 2 0
github.com/lextures/lextures/server-new/internal/httpserver/admin.go:188.32,190.5 1 0
github.com/lextures/lextures/server-new/internal/httpserver/admin.go:190.10,192.5 1 0
github.com/lextures/lextures/server-new/internal/httpserver/admin.go:193.4,193.32 1 0
github.com/lextures/lextures/server-new/internal/httpserver/admin.go:193.32,195.5 1 0
github.com/lextures/lextures/server-new/internal/httpserver/admin.go:195.10,197.5 1 0
github.com/lextures/lextures/server-new/internal/httpserver/admin.go:198.4,198.28 1 0
github.com/lextures/lextures/server-new/internal/httpserver/admin.go:200.3,206.5 2 0
github.com/lextures/lextures/server-new/internal/httpserver/admin.go:210.53,211.54 1 33
github.com/lextures/lextures/server-new/internal/httpserver/admin.go:211.54,212.33 1 1
github.com/lextures/lextures/server-new/internal/httpserver/admin.go:212.33,216.4 3 0
github.com/lextures/lextures/server-new/internal/httpserver/admin.go:217.3,217.42 1 1
github.com/lextures/lextures/server-new/internal/httpserver/admin.go:217.42,219.4 1 1
github.com/lextures/lextures/server-new/internal/httpserver/admin.go:220.3,221.17 2 0
github.com/lextures/lextures/server-new/internal/httpserver/admin.go:221.17,224.4 2 0
github.com/lextures/lextures/server-new/internal/httpserver/admin.go:225.3,225.17 1 0
github.com/lextures/lextures/server-new/internal/httpserver/admin.go:225.17,229.4 3 0
github.com/lextures/lextures/server-new/internal/httpserver/admin.go:230.3,232.31 3 0
github.com/lextures/lextures/server-new/internal/httpserver/admin.go:232.31,234.4 1 0
github.com/lextures/lextures/server-new/internal/httpserver/admin.go:234.9,236.4 1 0
github.com/lextures/lextures/server-new/internal/httpserver/admin.go:237.3,246.5 1 0
github.com/lextures/lextures/server-new/internal/httpserver/admin.go:262.53,263.54 1 33
github.com/lextures/lextures/server-new/internal/httpserver/admin.go:263.54,264.33 1 0
github.com/lextures/lextures/server-new/internal/httpserver/admin.go:264.33,268.4 3 0
github.com/lextures/lextures/server-new/internal/httpserver/admin.go:269.3,269.42 1 0
github.com/lextures/lextures/server-new/internal/httpserver/admin.go:269.42,271.4 1 0
github.com/lextures/lextures/server-new/internal/httpserver/admin.go:272.3,273.60 2 0
github.com/lextures/lextures/server-new/internal/httpserver/admin.go:273.60,276.4 2 0
github.com/lextures/lextures/server-new/internal/httpserver/admin.go:277.3,285.55 2 0
github.com/lextures/lextures/server-new/internal/httpserver/admin.go:285.55,287.18 2 0
github.com/lextures/lextures/server-new/internal/httpserver/admin.go:287.18,290.5 2 0
github.com/lextures/lextures/server-new/internal/httpserver/admin.go:291.4,291.25 1 0
github.com/lextures/lextures/server-new/internal/httpserver/admin.go:293.3,293.35 1 0
github.com/lextures/lextures/server-new/internal/httpserver/admin.go:293.35,295.4 1 0
github.com/lextures/lextures/server-new/internal/httpserver/admin.go:295.9,297.4 1 0
github.com/lextures/lextures/server-new/internal/httpserver/admin.go:298.3,298.43 1 0
github.com/lextures/lextures/server-new/internal/httpserver/admin.go:298.43,301.4 2 0
github.com/lextures/lextures/server-new/internal/httpserver/admin.go:302.3,303.33 2 0
github.com/lextures/lextures/server-new/internal/httpserver/admin.go:303.33,305.18 2 0
github.com/lextures/lextures/server-new/internal/httpserver/admin.go:305.18,308.5 2 0
github.com/lextures/lextures/server-new/internal/httpserver/admin.go:309.4,309.16 1 0
github.com/lextures/lextures/server-new/internal/httpserver/admin.go:311.3,312.17 2 0
github.com/lextures/lextures/server-new/internal/httpserver/admin.go:312.17,315.4 2 0
github.com/lextures/lextures/server-new/internal/httpserver/admin.go:316.3,320.5 2 0
github.com/lextures/lextures/server-new/internal/httpserver/admin.go:324.62,325.54 1 33
github.com/lextures/lextures/server-new/internal/httpserver/admin.go:325.54,326.33 1 1
github.com/lextures/lextures/server-new/internal/httpserver/admin.go:326.33,330.4 3 0
github.com/lextures/lextures/server-new/internal/httpserver/admin.go:331.3,331.42 1 1
github.com/lextures/lextures/server-new/internal/httpserver/admin.go:331.42,333.4 1 1
github.com/lextures/lextures/server-new/internal/httpserver/admin.go:334.3,335.17 2 0
github.com/lextures/lextures/server-new/internal/httpserver/admin.go:335.17,338.4 2 0
github.com/lextures/lextures/server-new/internal/httpserver/admin.go:339.3,340.28 2 0
github.com/lextures/lextures/server-new/internal/httpserver/admin.go:340.28,342.32 2 0
github.com/lextures/lextures/server-new/internal/httpserver/admin.go:342.32,344.5 1 0
github.com/lextures/lextures/server-new/internal/httpserver/admin.go:344.10,346.5 1 0
github.com/lextures/lextures/server-new/internal/httpserver/admin.go:347.4,357.28 2 0
github.com/lextures/lextures/server-new/internal/httpserver/admin.go:359.3,360.68 2 0
github.com/lextures/lextures/server-new/internal/httpserver/admin.go:375.61,376.54 1 33
github.com/lextures/lextures/server-new/internal/httpserver/admin.go:376.54,377.33 1 0
github.com/lextures/lextures/server-new/internal/httpserver/admin.go:377.33,381.4 3 0
github.com/lextures/lextures/server-new/internal/httpserver/admin.go:382.3,382.42 1 0
github.com/lextures/lextures/server-new/internal/httpserver/admin.go:382.42,384.4 1 0
github.com/lextures/lextures/server-new/internal/httpserver/admin.go:385.3,386.60 2 0
github.com/lextures/lextures/server-new/internal/httpserver/admin.go:386.60,389.4 2 0
github.com/lextures/lextures/server-new/internal/httpserver/admin.go:390.3,391.24 2 0
github.com/lextures/lextures/server-new/internal/httpserver/admin.go:391.24,393.4 1 0
github.com/lextures/lextures/server-new/internal/httpserver/admin.go:393.9,396.66 2 0
github.com/lextures/lextures/server-new/internal/httpserver/admin.go:396.66,398.5 1 0
github.com/lextures/lextures/server-new/internal/httpserver/admin.go:400.3,401.16 2 0
github.com/lextures/lextures/server-new/internal/httpserver/admin.go:401.16,403.15 2 0
github.com/lextures/lextures/server-new/internal/httpserver/admin.go:403.15,405.5 1 0
github.com/lextures/lextures/server-new/internal/httpserver/admin.go:405.10,407.5 1 0
github.com/lextures/lextures/server-new/internal/httpserver/admin.go:409.3,417.55 2 0
github.com/lextures/lextures/server-new/internal/httpserver/admin.go:417.55,419.18 2 0
github.com/lextures/lextures/server-new/internal/httpserver/admin.go:419.18,422.5 2 0
github.com/lextures/lextures/server-new/internal/httpserver/admin.go:423.4,423.25 1 0
github.com/lextures/lextures/server-new/internal/httpserver/admin.go:425.3,425.49 1 0
github.com/lextures/lextures/server-new/internal/httpserver/admin.go:425.49,428.4 2 0
github.com/lextures/lextures/server-new/internal/httpserver/admin.go:429.3,430.33 2 0
github.com/lextures/lextures/server-new/internal/httpserver/admin.go:430.33,432.18 2 0
github.com/lextures/lextures/server-new/internal/httpserver/admin.go:432.18,435.5 2 0
github.com/lextures/lextures/server-new/internal/httpserver/admin.go:436.4,436.16 1 0
github.com/lextures/lextures/server-new/internal/httpserver/admin.go:438.3,439.17 2 0
github.com/lextures/lextures/server-new/internal/httpserver/admin.go:439.17,442.4 2 0
github.com/lextures/lextures/server-new/internal/httpserver/admin.go:443.3,444.68 2 0
github.com/lextures/lextures/server-new/internal/httpserver/auth.go:36.46,37.54 1 33
github.com/lextures/lextures/server-new/internal/httpserver/auth.go:37.54,38.34 1 1
github.com/lextures/lextures/server-new/internal/httpserver/auth.go:38.34,42.4 3 0
github.com/lextures/lextures/server-new/internal/httpserver/auth.go:43.3,44.60 2 1
github.com/lextures/lextures/server-new/internal/httpserver/auth.go:44.60,47.4 2 1
github.com/lextures/lextures/server-new/internal/httpserver/auth.go:48.3,52.17 2 0
github.com/lextures/lextures/server-new/internal/httpserver/auth.go:52.17,55.4 2 0
github.com/lextures/lextures/server-new/internal/httpserver/auth.go:56.3,57.37 2 0
github.com/lextures/lextures/server-new/internal/httpserver/auth.go:61.47,62.54 1 33
github.com/lextures/lextures/server-new/internal/httpserver/auth.go:62.54,63.34 1 0
github.com/lextures/lextures/server-new/internal/httpserver/auth.go:63.34,67.4 3 0
github.com/lextures/lextures/server-new/internal/httpserver/auth.go:68.3,69.60 2 0
github.com/lextures/lextures/server-new/internal/httpserver/auth.go:69.60,72.4 2 0
github.com/lextures/lextures/server-new/internal/httpserver/auth.go:73.3,78.17 2 0
github.com/lextures/lextures/server-new/internal/httpserver/auth.go:78.17,81.4 2 0
github.com/lextures/lextures/server-new/internal/httpserver/auth.go:82.3,83.37 2 0
github.com/lextures/lextures/server-new/internal/httpserver/auth.go:87.55,88.54 1 33
github.com/lextures/lextures/server-new/internal/httpserver/auth.go:88.54,89.34 1 0
github.com/lextures/lextures/server-new/internal/httpserver/auth.go:89.34,93.4 3 0
github.com/lextures/lextures/server-new/internal/httpserver/auth.go:94.3,95.60 2 0
github.com/lextures/lextures/server-new/internal/httpserver/auth.go:95.60,98.4 2 0
github.com/lextures/lextures/server-new/internal/httpserver/auth.go:99.3,100.17 2 0
github.com/lextures/lextures/server-new/internal/httpserver/auth.go:100.17,103.4 2 0
github.com/lextures/lextures/server-new/internal/httpserver/auth.go:104.3,105.37 2 0
github.com/lextures/lextures/server-new/internal/httpserver/auth.go:109.54,110.54 1 33
github.com/lextures/lextures/server-new/internal/httpserver/auth.go:110.54,111.34 1 0
github.com/lextures/lextures/server-new/internal/httpserver/auth.go:111.34,115.4 3 0
github.com/lextures/lextures/server-new/internal/httpserver/auth.go:116.3,117.60 2 0
github.com/lextures/lextures/server-new/internal/httpserver/auth.go:117.60,120.4 2 0
github.com/lextures/lextures/server-new/internal/httpserver/auth.go:121.3,125.17 2 0
github.com/lextures/lextures/server-new/internal/httpserver/auth.go:125.17,128.4 2 0
github.com/lextures/lextures/server-new/internal/httpserver/auth.go:129.3,130.37 2 0
github.com/lextures/lextures/server-new/internal/httpserver/auth.go:135.51,136.54 1 33
github.com/lextures/lextures/server-new/internal/httpserver/auth.go:136.54,137.33 1 3
github.com/lextures/lextures/server-new/internal/httpserver/auth.go:137.33,141.4 3 0
github.com/lextures/lextures/server-new/internal/httpserver/auth.go:142.3,143.31 2 3
github.com/lextures/lextures/server-new/internal/httpserver/auth.go:143.31,146.4 2 2
github.com/lextures/lextures/server-new/internal/httpserver/auth.go:147.3,147.20 1 1
github.com/lextures/lextures/server-new/internal/httpserver/auth.go:147.20,150.4 2 1
github.com/lextures/lextures/server-new/internal/httpserver/auth.go:151.3,152.17 2 0
github.com/lextures/lextures/server-new/internal/httpserver/auth.go:152.17,155.4 2 0
github.com/lextures/lextures/server-new/internal/httpserver/auth.go:156.3,161.17 2 0
github.com/lextures/lextures/server-new/internal/httpserver/auth.go:161.17,174.4 2 0
github.com/lextures/lextures/server-new/internal/httpserver/auth.go:175.3,175.56 1 0
github.com/lextures/lextures/server-new/internal/httpserver/auth.go:179.51,180.54 1 33
github.com/lextures/lextures/server-new/internal/httpserver/auth.go:180.54,181.33 1 2
github.com/lextures/lextures/server-new/internal/httpserver/auth.go:181.33,185.4 3 0
github.com/lextures/lextures/server-new/internal/httpserver/auth.go:186.3,187.31 2 2
github.com/lextures/lextures/server-new/internal/httpserver/auth.go:187.31,190.4 2 2
github.com/lextures/lextures/server-new/internal/httpserver/auth.go:191.3,191.20 1 0
github.com/lextures/lextures/server-new/internal/httpserver/auth.go:191.20,194.4 2 0
github.com/lextures/lextures/server-new/internal/httpserver/auth.go:195.3,196.17 2 0
github.com/lextures/lextures/server-new/internal/httpserver/auth.go:196.17,199.4 2 0
github.com/lextures/lextures/server-new/internal/httpserver/auth.go:200.3,205.32 3 0
github.com/lextures/lextures/server-new/internal/httpserver/auth.go:205.32,207.4 1 0
github.com/lextures/lextures/server-new/internal/httpserver/auth.go:208.3,223.5 2 0
github.com/lextures/lextures/server-new/internal/httpserver/auth.go:232.49,233.54 1 33
github.com/lextures/lextures/server-new/internal/httpserver/auth.go:233.54,234.34 1 1
github.com/lextures/lextures/server-new/internal/httpserver/auth.go:234.34,238.4 3 0
github.com/lextures/lextures/server-new/internal/httpserver/auth.go:239.3,239.25 1 1
github.com/lextures/lextures/server-new/internal/httpserver/auth.go:239.25,242.4 2 0
github.com/lextures/lextures/server-new/internal/httpserver/auth.go:243.3,244.17 2 1
github.com/lextures/lextures/server-new/internal/httpserver/auth.go:244.17,247.4 2 0
github.com/lextures/lextures/server-new/internal/httpserver/auth.go:248.3,249.17 2 1
github.com/lextures/lextures/server-new/internal/httpserver/auth.go:249.17,252.4 2 0
github.com/lextures/lextures/server-new/internal/httpserver/auth.go:253.3,254.60 2 1
github.com/lextures/lextures/server-new/internal/httpserver/auth.go:254.60,257.4 2 1
github.com/lextures/lextures/server-new/internal/httpserver/auth.go:258.3,258.31 1 0
github.com/lextures/lextures/server-new/internal/httpserver/auth.go:258.31,261.4 2 0
github.com/lextures/lextures/server-new/internal/httpserver/auth.go:262.3,262.20 1 0
github.com/lextures/lextures/server-new/internal/httpserver/auth.go:262.20,265.4 2 0
github.com/lextures/lextures/server-new/internal/httpserver/auth.go:266.3,267.73 2 0
github.com/lextures/lextures/server-new/internal/httpserver/auth.go:267.73,270.4 2 0
github.com/lextures/lextures/server-new/internal/httpserver/auth.go:271.3,272.20 2 0
github.com/lextures/lextures/server-new/internal/httpserver/auth.go:272.20,273.65 1 0
github.com/lextures/lextures/server-new/internal/httpserver/auth.go:273.65,276.5 2 0
github.com/lextures/lextures/server-new/internal/httpserver/auth.go:277.4,278.18 2 0
github.com/lextures/lextures/server-new/internal/httpserver/auth.go:278.18,281.5 2 0
github.com/lextures/lextures/server-new/internal/httpserver/auth.go:282.4,282.19 1 0
github.com/lextures/lextures/server-new/internal/httpserver/auth.go:283.9,283.71 1 0
github.com/lextures/lextures/server-new/internal/httpserver/auth.go:283.71,286.4 2 0
github.com/lextures/lextures/server-new/internal/httpserver/auth.go:287.3,288.17 2 0
github.com/lextures/lextures/server-new/internal/httpserver/auth.go:288.17,291.4 2 0
github.com/lextures/lextures/server-new/internal/httpserver/auth.go:292.3,294.20 3 0
github.com/lextures/lextures/server-new/internal/httpserver/auth.go:294.20,297.4 2 0
github.com/lextures/lextures/server-new/internal/httpserver/auth.go:297.9,299.4 1 0
github.com/lextures/lextures/server-new/internal/httpserver/auth.go:300.3,306.60 3 0
github.com/lextures/lextures/server-new/internal/httpserver/auth.go:310.53,313.2 2 0
github.com/lextures/lextures/server-new/internal/httpserver/communication.go:21.40,22.11 1 0
github.com/lextures/lextures/server-new/internal/httpserver/communication.go:23.53,24.14 1 0
github.com/lextures/lextures/server-new/internal/httpserver/communication.go:25.10,26.15 1 0
github.com/lextures/lextures/server-new/internal/httpserver/communication.go:30.41,31.11 1 0
github.com/lextures/lextures/server-new/internal/httpserver/communication.go:32.42,33.14 1 0
github.com/lextures/lextures/server-new/internal/httpserver/communication.go:34.10,35.15 1 0
github.com/lextures/lextures/server-new/internal/httpserver/communication.go:39.47,40.19 1 0
github.com/lextures/lextures/server-new/internal/httpserver/communication.go:40.19,42.3 1 0
github.com/lextures/lextures/server-new/internal/httpserver/communication.go:43.2,43.45 1 0
github.com/lextures/lextures/server-new/internal/httpserver/communication.go:47.57,48.54 1 33
github.com/lextures/lextures/server-new/internal/httpserver/communication.go:48.54,49.33 1 1
github.com/lextures/lextures/server-new/internal/httpserver/communication.go:49.33,53.4 3 0
github.com/lextures/lextures/server-new/internal/httpserver/communication.go:54.3,55.10 2 1
github.com/lextures/lextures/server-new/internal/httpserver/communication.go:55.10,57.4 1 1
github.com/lextures/lextures/server-new/internal/httpserver/communication.go:58.3,59.50 2 0
github.com/lextures/lextures/server-new/internal/httpserver/communication.go:59.50,62.4 2 0
github.com/lextures/lextures/server-new/internal/httpserver/communication.go:63.3,65.17 3 0
github.com/lextures/lextures/server-new/internal/httpserver/communication.go:65.17,68.4 2 0
github.com/lextures/lextures/server-new/internal/httpserver/communication.go:69.3,69.18 1 0
github.com/lextures/lextures/server-new/internal/httpserver/communication.go:69.18,71.4 1 0
github.com/lextures/lextures/server-new/internal/httpserver/communication.go:72.3,73.79 2 0
github.com/lextures/lextures/server-new/internal/httpserver/communication.go:78.57,79.54 1 33
github.com/lextures/lextures/server-new/internal/httpserver/communication.go:79.54,80.34 1 0
github.com/lextures/lextures/server-new/internal/httpserver/communication.go:80.34,84.4 3 0
github.com/lextures/lextures/server-new/internal/httpserver/communication.go:85.3,86.10 2 0
github.com/lextures/lextures/server-new/internal/httpserver/communication.go:86.10,88.4 1 0
github.com/lextures/lextures/server-new/internal/httpserver/communication.go:89.3,90.62 2 0
github.com/lextures/lextures/server-new/internal/httpserver/communication.go:90.62,93.4 2 0
github.com/lextures/lextures/server-new/internal/httpserver/communication.go:94.3,96.16 3 0
github.com/lextures/lextures/server-new/internal/httpserver/communication.go:96.16,98.18 2 0
github.com/lextures/lextures/server-new/internal/httpserver/communication.go:98.18,101.5 2 0
github.com/lextures/lextures/server-new/internal/httpserver/communication.go:102.4,105.10 4 0
github.com/lextures/lextures/server-new/internal/httpserver/communication.go:107.3,108.25 2 0
github.com/lextures/lextures/server-new/internal/httpserver/communication.go:108.25,110.4 1 0
github.com/lextures/lextures/server-new/internal/httpserver/communication.go:111.3,111.15 1 0
github.com/lextures/lextures/server-new/internal/httpserver/communication.go:111.15,114.4 2 0
github.com/lextures/lextures/server-new/internal/httpserver/communication.go:115.3,116.17 2 0
github.com/lextures/lextures/server-new/internal/httpserver/communication.go:116.17,119.4 2 0
github.com/lextures/lextures/server-new/internal/httpserver/communication.go:120.3,120.16 1 0
github.com/lextures/lextures/server-new/internal/httpserver/communication.go:120.16,123.4 2 0
github.com/lextures/lextures/server-new/internal/httpserver/communication.go:124.3,125.99 2 0
github.com/lextures/lextures/server-new/internal/httpserver/communication.go:125.99,126.63 1 0
github.com/lextures/lextures/server-new/internal/httpserver/communication.go:126.63,128.5 1 0
github.com/lextures/lextures/server-new/internal/httpserver/communication.go:130.3,131.72 2 0
github.com/lextures/lextures/server-new/internal/httpserver/communication.go:136.55,137.54 1 33
github.com/lextures/lextures/server-new/internal/httpserver/communication.go:137.54,138.33 1 0
github.com/lextures/lextures/server-new/internal/httpserver/communication.go:138.33,142.4 3 0
github.com/lextures/lextures/server-new/internal/httpserver/communication.go:143.3,144.10 2 0
github.com/lextures/lextures/server-new/internal/httpserver/communication.go:144.10,146.4 1 0
github.com/lextures/lextures/server-new/internal/httpserver/communication.go:147.3,148.17 2 0
github.com/lextures/lextures/server-new/internal/httpserver/communication.go:148.17,151.4 2 0
github.com/lextures/lextures/server-new/internal/httpserver/communication.go:152.3,153.17 2 0
github.com/lextures/lextures/server-new/internal/httpserver/communication.go:153.17,156.4 2 0
github.com/lextures/lextures/server-new/internal/httpserver/communication.go:157.3,157.17 1 0
github.com/lextures/lextures/server-new/internal/httpserver/communication.go:157.17,160.4 2 0
github.com/lextures/lextures/server-new/internal/httpserver/communication.go:161.3,162.37 2 0
github.com/lextures/lextures/server-new/internal/httpserver/communication.go:167.57,168.54 1 33
github.com/lextures/lextures/server-new/internal/httpserver/communication.go:168.54,169.35 1 0
github.com/lextures/lextures/server-new/internal/httpserver/communication.go:169.35,173.4 3 0
github.com/lextures/lextures/server-new/internal/httpserver/communication.go:174.3,175.10 2 0
github.com/lextures/lextures/server-new/internal/httpserver/communication.go:175.10,177.4 1 0
github.com/lextures/lextures/server-new/internal/httpserver/communication.go:178.3,179.17 2 0
github.com/lextures/lextures/server-new/internal/httpserver/communication.go:179.17,182.4 2 0
github.com/lextures/lextures/server-new/internal/httpserver/communication.go:183.3,184.62 2 0
github.com/lextures/lextures/server-new/internal/httpserver/communication.go:184.62,187.4 2 0
github.com/lextures/lextures/server-new/internal/httpserver/communication.go:188.3,188.61 1 0
github.com/lextures/lextures/server-new/internal/httpserver/communication.go:188.61,191.4 2 0
github.com/lextures/lextures/server-new/internal/httpserver/communication.go:192.3,193.17 2 0
github.com/lextures/lextures/server-new/internal/httpserver/communication.go:193.17,196.4 2 0
github.com/lextures/lextures/server-new/internal/httpserver/communication.go:197.3,197.11 1 0
github.com/lextures/lextures/server-new/internal/httpserver/communication.go:197.11,200.4 2 0
github.com/lextures/lextures/server-new/internal/httpserver/communication.go:201.3,203.60 3 0
github.com/lextures/lextures/server-new/internal/httpserver/communication.go:208.51,209.54 1 33
github.com/lextures/lextures/server-new/internal/httpserver/communication.go:209.54,210.33 1 0
github.com/lextures/lextures/server-new/internal/httpserver/communication.go:210.33,214.4 3 0
github.com/lextures/lextures/server-new/internal/httpserver/communication.go:215.3,216.10 2 0
github.com/lextures/lextures/server-new/internal/httpserver/communication.go:216.10,218.4 1 0
github.com/lextures/lextures/server-new/internal/httpserver/communication.go:219.3,220.17 2 0
github.com/lextures/lextures/server-new/internal/httpserver/communication.go:220.17,223.4 2 0
github.com/lextures/lextures/server-new/internal/httpserver/communication.go:224.3,225.79 2 0
github.com/lextures/lextures/server-new/internal/httpserver/communication.go:230.47,231.54 1 33
github.com/lextures/lextures/server-new/internal/httpserver/communication.go:231.54,232.33 1 1
github.com/lextures/lextures/server-new/internal/httpserver/communication.go:232.33,236.4 3 0
github.com/lextures/lextures/server-new/internal/httpserver/communication.go:237.3,237.42 1 1
github.com/lextures/lextures/server-new/internal/httpserver/communication.go:237.42,240.4 2 1
github.com/lextures/lextures/server-new/internal/httpserver/communication.go:241.3,244.17 2 0
github.com/lextures/lextures/server-new/internal/httpserver/communication.go:244.17,246.4 1 0
github.com/lextures/lextures/server-new/internal/httpserver/communication.go:247.3,247.16 1 0
github.com/lextures/lextures/server-new/internal/httpserver/communication.go:247.16,247.66 1 0
github.com/lextures/lextures/server-new/internal/httpserver/communication.go:249.3,253.17 4 0
github.com/lextures/lextures/server-new/internal/httpserver/communication.go:253.17,255.4 1 0
github.com/lextures/lextures/server-new/internal/httpserver/communication.go:256.3,256.35 1 0
github.com/lextures/lextures/server-new/internal/httpserver/communication.go:256.35,258.4 1 0
github.com/lextures/lextures/server-new/internal/httpserver/communication.go:259.3,262.68 2 0
github.com/lextures/lextures/server-new/internal/httpserver/communication.go:262.68,264.4 1 0
github.com/lextures/lextures/server-new/internal/httpserver/communication.go:265.3,266.17 2 0
github.com/lextures/lextures/server-new/internal/httpserver/communication.go:266.17,268.4 1 0
github.com/lextures/lextures/server-new/internal/httpserver/communication.go:269.3,270.17 2 0
github.com/lextures/lextures/server-new/internal/httpserver/communication.go:270.17,272.4 1 0
github.com/lextures/lextures/server-new/internal/httpserver/communication.go:274.3,280.13 5 0
github.com/lextures/lextures/server-new/internal/httpserver/communication.go:280.13,281.8 1 0
github.com/lextures/lextures/server-new/internal/httpserver/communication.go:281.8,282.12 1 0
github.com/lextures/lextures/server-new/internal/httpserver/communication.go:283.27,284.13 1 0
github.com/lextures/lextures/server-new/internal/httpserver/communication.go:284.13,286.7 1 0
github.com/lextures/lextures/server-new/internal/httpserver/communication.go:287.6,287.26 1 0
github.com/lextures/lextures/server-new/internal/httpserver/communication.go:287.26,289.7 1 0
github.com/lextures/lextures/server-new/internal/httpserver/communication.go:290.26,291.12 1 0
github.com/lextures/lextures/server-new/internal/httpserver/communication.go:296.3,296.7 1 0
github.com/lextures/lextures/server-new/internal/httpserver/communication.go:296.7,298.18 2 0
github.com/lextures/lextures/server-new/internal/httpserver/communication.go:298.18,300.5 1 0
github.com/lextures/lextures/server-new/internal/httpserver/cors.go:7.46,8.71 1 35
github.com/lextures/lextures/server-new/internal/httpserver/cors.go:8.71,12.37 4 38
github.com/lextures/lextures/server-new/internal/httpserver/cors.go:12.37,15.4 2 2
github.com/lextures/lextures/server-new/internal/httpserver/cors.go:16.3,16.23 1 36
github.com/lextures/lextures/server-new/internal/httpserver/course_context.go:18.58,19.54 1 33
github.com/lextures/lextures/server-new/internal/httpserver/course_context.go:19.54,20.34 1 1
github.com/lextures/lextures/server-new/internal/httpserver/course_context.go:20.34,24.4 3 0
github.com/lextures/lextures/server-new/internal/httpserver/course_context.go:25.3,26.10 2 1
github.com/lextures/lextures/server-new/internal/httpserver/course_context.go:26.10,28.4 1 1
github.com/lextures/lextures/server-new/internal/httpserver/course_context.go:29.3,30.23 2 0
github.com/lextures/lextures/server-new/internal/httpserver/course_context.go:30.23,33.4 2 0
github.com/lextures/lextures/server-new/internal/httpserver/course_context.go:34.3,35.62 2 0
github.com/lextures/lextures/server-new/internal/httpserver/course_context.go:35.62,38.4 2 0
github.com/lextures/lextures/server-new/internal/httpserver/course_context.go:39.3,40.95 2 0
github.com/lextures/lextures/server-new/internal/httpserver/course_context.go:40.95,43.4 2 0
github.com/lextures/lextures/server-new/internal/httpserver/course_context.go:43.9,43.17 1 0
github.com/lextures/lextures/server-new/internal/httpserver/course_context.go:43.17,46.4 2 0
github.com/lextures/lextures/server-new/internal/httpserver/course_context.go:47.3,48.17 2 0
github.com/lextures/lextures/server-new/internal/httpserver/course_context.go:48.17,51.4 2 0
github.com/lextures/lextures/server-new/internal/httpserver/course_context.go:52.3,52.17 1 0
github.com/lextures/lextures/server-new/internal/httpserver/course_context.go:52.17,55.4 2 0
github.com/lextures/lextures/server-new/internal/httpserver/course_context.go:56.3,56.15 1 0
github.com/lextures/lextures/server-new/internal/httpserver/course_context.go:57.23,58.83 1 0
github.com/lextures/lextures/server-new/internal/httpserver/course_context.go:58.83,61.5 2 0
github.com/lextures/lextures/server-new/internal/httpserver/course_context.go:62.4,62.103 1 0
github.com/lextures/lextures/server-new/internal/httpserver/course_context.go:62.103,65.5 2 0
github.com/lextures/lextures/server-new/internal/httpserver/course_context.go:66.40,67.83 1 0
github.com/lextures/lextures/server-new/internal/httpserver/course_context.go:67.83,70.5 2 0
github.com/lextures/lextures/server-new/internal/httpserver/course_context.go:71.4,72.19 2 0
github.com/lextures/lextures/server-new/internal/httpserver/course_context.go:72.19,75.5 2 0
github.com/lextures/lextures/server-new/internal/httpserver/course_context.go:76.4,77.18 2 0
github.com/lextures/lextures/server-new/internal/httpserver/course_context.go:77.18,80.5 2 0
github.com/lextures/lextures/server-new/internal/httpserver/course_context.go:81.4,81.15 1 0
github.com/lextures/lextures/server-new/internal/httpserver/course_context.go:81.15,84.5 2 0
github.com/lextures/lextures/server-new/internal/httpserver/course_context.go:85.4,85.94 1 0
github.com/lextures/lextures/server-new/internal/httpserver/course_context.go:85.94,88.5 2 0
github.com/lextures/lextures/server-new/internal/httpserver/course_context.go:89.11,91.10 2 0
github.com/lextures/lextures/server-new/internal/httpserver/course_context.go:93.3,93.38 1 0
github.com/lextures/lextures/server-new/internal/httpserver/health.go:7.38,8.54 1 34
github.com/lextures/lextures/server-new/internal/httpserver/health.go:8.54,11.3 2 2
github.com/lextures/lextures/server-new/internal/httpserver/health.go:17.55,18.18 1 36
github.com/lextures/lextures/server-new/internal/httpserver/health.go:18.18,19.24 1 1
github.com/lextures/lextures/server-new/internal/httpserver/health.go:19.24,19.38 1 1
github.com/lextures/lextures/server-new/internal/httpserver/health.go:21.2,21.54 1 36
github.com/lextures/lextures/server-new/internal/httpserver/health.go:21.54,22.33 1 4
github.com/lextures/lextures/server-new/internal/httpserver/health.go:22.33,26.4 3 2
github.com/lextures/lextures/server-new/internal/httpserver/health.go:27.3,28.47 2 2
github.com/lextures/lextures/server-new/internal/httpserver/learning_activity_range.go:15.98,17.31 2 6
github.com/lextures/lextures/server-new/internal/httpserver/learning_activity_range.go:17.31,19.18 2 4
[...]
github.com/lextures/lextures/server-new/internal/service/oidcauth/apple_secret.go:18.16,20.3 1 0
github.com/lextures/lextures/server-new/internal/service/oidcauth/apple_secret.go:21.2,22.18 2 0
github.com/lextures/lextures/server-new/internal/service/oidcauth/apple_secret.go:22.18,24.3 1 0
github.com/lextures/lextures/server-new/internal/service/oidcauth/apple_secret.go:25.2,26.16 2 0
github.com/lextures/lextures/server-new/internal/service/oidcauth/apple_secret.go:26.16,29.17 2 0
github.com/lextures/lextures/server-new/internal/service/oidcauth/apple_secret.go:29.17,31.4 1 0
github.com/lextures/lextures/server-new/internal/service/oidcauth/apple_secret.go:33.2,34.9 2 0
github.com/lextures/lextures/server-new/internal/service/oidcauth/apple_secret.go:34.9,36.3 1 0
github.com/lextures/lextures/server-new/internal/service/oidcauth/apple_secret.go:37.2,47.27 5 0
github.com/lextures/lextures/server-new/internal/service/oidcauth/oidcauth.go:43.45,44.52 1 0
github.com/lextures/lextures/server-new/internal/service/oidcauth/oidcauth.go:44.52,46.3 1 0
github.com/lextures/lextures/server-new/internal/service/oidcauth/oidcauth.go:47.2,52.3 1 0
github.com/lextures/lextures/server-new/internal/service/oidcauth/oidcauth.go:55.61,58.2 2 2
github.com/lextures/lextures/server-new/internal/service/oidcauth/oidcauth.go:60.30,64.2 3 0
github.com/lextures/lextures/server-new/internal/service/oidcauth/oidcauth.go:66.68,68.63 2 2
github.com/lextures/lextures/server-new/internal/service/oidcauth/oidcauth.go:68.63,70.3 1 1
github.com/lextures/lextures/server-new/internal/service/oidcauth/oidcauth.go:71.2,72.13 2 2
github.com/lextures/lextures/server-new/internal/service/oidcauth/oidcauth.go:72.13,74.3 1 0
github.com/lextures/lextures/server-new/internal/service/oidcauth/oidcauth.go:75.2,75.15 1 2
github.com/lextures/lextures/server-new/internal/service/oidcauth/oidcauth.go:78.97,81.62 3 0
github.com/lextures/lextures/server-new/internal/service/oidcauth/oidcauth.go:81.62,85.3 3 0
github.com/lextures/lextures/server-new/internal/service/oidcauth/oidcauth.go:86.2,88.16 3 0
github.com/lextures/lextures/server-new/internal/service/oidcauth/oidcauth.go:88.16,90.3 1 0
github.com/lextures/lextures/server-new/internal/service/oidcauth/oidcauth.go:91.2,94.15 4 0
github.com/lextures/lextures/server-new/internal/service/oidcauth/oidcauth.go:103.19,104.27 1 0
github.com/lextures/lextures/server-new/internal/service/oidcauth/oidcauth.go:104.27,106.3 1 0
github.com/lextures/lextures/server-new/internal/service/oidcauth/oidcauth.go:107.2,112.19 5 0
github.com/lextures/lextures/server-new/internal/service/oidcauth/oidcauth.go:112.19,114.17 2 0
github.com/lextures/lextures/server-new/internal/service/oidcauth/oidcauth.go:114.17,116.4 1 0
github.com/lextures/lextures/server-new/internal/service/oidcauth/oidcauth.go:117.3,117.10 1 0
github.com/lextures/lextures/server-new/internal/service/oidcauth/oidcauth.go:117.10,119.4 1 0
github.com/lextures/lextures/server-new/internal/service/oidcauth/oidcauth.go:120.3,120.14 1 0
github.com/lextures/lextures/server-new/internal/service/oidcauth/oidcauth.go:120.14,122.4 1 0
github.com/lextures/lextures/server-new/internal/service/oidcauth/oidcauth.go:123.3,123.21 1 0
github.com/lextures/lextures/server-new/internal/service/oidcauth/oidcauth.go:123.21,124.64 1 0
github.com/lextures/lextures/server-new/internal/service/oidcauth/oidcauth.go:124.64,126.5 1 0
github.com/lextures/lextures/server-new/internal/service/oidcauth/oidcauth.go:127.9,127.27 1 0
github.com/lextures/lextures/server-new/internal/service/oidcauth/oidcauth.go:127.27,129.4 1 0
github.com/lextures/lextures/server-new/internal/service/oidcauth/oidcauth.go:130.3,130.17 1 0
github.com/lextures/lextures/server-new/internal/service/oidcauth/oidcauth.go:133.2,134.20 2 0
github.com/lextures/lextures/server-new/internal/service/oidcauth/oidcauth.go:134.20,135.22 1 0
github.com/lextures/lextures/server-new/internal/service/oidcauth/oidcauth.go:135.22,137.4 1 0
github.com/lextures/lextures/server-new/internal/service/oidcauth/oidcauth.go:138.3,140.17 3 0
github.com/lextures/lextures/server-new/internal/service/oidcauth/oidcauth.go:140.17,142.4 1 0
github.com/lextures/lextures/server-new/internal/service/oidcauth/oidcauth.go:143.3,143.23 1 0
github.com/lextures/lextures/server-new/internal/service/oidcauth/oidcauth.go:143.23,145.4 1 0
github.com/lextures/lextures/server-new/internal/service/oidcauth/oidcauth.go:148.2,149.16 2 0
github.com/lextures/lextures/server-new/internal/service/oidcauth/oidcauth.go:149.16,151.3 1 0
github.com/lextures/lextures/server-new/internal/service/oidcauth/oidcauth.go:152.2,153.16 2 0
github.com/lextures/lextures/server-new/internal/service/oidcauth/oidcauth.go:153.16,155.3 1 0
github.com/lextures/lextures/server-new/internal/service/oidcauth/oidcauth.go:156.2,171.51 7 0
github.com/lextures/lextures/server-new/internal/service/oidcauth/oidcauth.go:171.51,173.3 1 0
github.com/lextures/lextures/server-new/internal/service/oidcauth/oidcauth.go:174.2,177.22 3 0
github.com/lextures/lextures/server-new/internal/service/oidcauth/oidcauth.go:177.22,180.3 2 0
github.com/lextures/lextures/server-new/internal/service/oidcauth/oidcauth.go:181.2,181.111 1 0
github.com/lextures/lextures/server-new/internal/service/oidcauth/oidcauth.go:181.111,183.3 1 0
github.com/lextures/lextures/server-new/internal/service/oidcauth/oidcauth.go:184.2,184.21 1 0
github.com/lextures/lextures/server-new/internal/service/oidcauth/oidcauth.go:187.145,188.22 1 0
github.com/lextures/lextures/server-new/internal/service/oidcauth/oidcauth.go:189.16,190.75 1 0
github.com/lextures/lextures/server-new/internal/service/oidcauth/oidcauth.go:190.75,192.4 1 0
github.com/lextures/lextures/server-new/internal/service/oidcauth/oidcauth.go:193.3,193.130 1 0
github.com/lextures/lextures/server-new/internal/service/oidcauth/oidcauth.go:194.19,195.116 1 0
github.com/lextures/lextures/server-new/internal/service/oidcauth/oidcauth.go:195.116,197.4 1 0
github.com/lextures/lextures/server-new/internal/service/oidcauth/oidcauth.go:198.3,200.84 3 0
github.com/lextures/lextures/server-new/internal/service/oidcauth/oidcauth.go:201.15,202.36 1 0
github.com/lextures/lextures/server-new/internal/service/oidcauth/oidcauth.go:202.36,204.4 1 0
github.com/lextures/lextures/server-new/internal/service/oidcauth/oidcauth.go:205.3,206.15 2 0
github.com/lextures/lextures/server-new/internal/service/oidcauth/oidcauth.go:206.15,208.4 1 0
github.com/lextures/lextures/server-new/internal/service/oidcauth/oidcauth.go:209.3,209.76 1 0
github.com/lextures/lextures/server-new/internal/service/oidcauth/oidcauth.go:210.16,211.20 1 0
github.com/lextures/lextures/server-new/internal/service/oidcauth/oidcauth.go:211.20,213.4 1 0
github.com/lextures/lextures/server-new/internal/service/oidcauth/oidcauth.go:214.3,215.15 2 0
github.com/lextures/lextures/server-new/internal/service/oidcauth/oidcauth.go:215.15,217.4 1 0
github.com/lextures/lextures/server-new/internal/service/oidcauth/oidcauth.go:218.3,219.34 2 0
github.com/lextures/lextures/server-new/internal/service/oidcauth/oidcauth.go:219.34,221.4 1 0
github.com/lextures/lextures/server-new/internal/service/oidcauth/oidcauth.go:222.3,222.63 1 0
github.com/lextures/lextures/server-new/internal/service/oidcauth/oidcauth.go:223.10,224.83 1 0
github.com/lextures/lextures/server-new/internal/service/oidcauth/oidcauth.go:232.46,233.27 1 0
github.com/lextures/lextures/server-new/internal/service/oidcauth/oidcauth.go:233.27,235.3 1 0
github.com/lextures/lextures/server-new/internal/service/oidcauth/oidcauth.go:236.2,239.16 4 0
github.com/lextures/lextures/server-new/internal/service/oidcauth/oidcauth.go:239.16,241.3 1 0
github.com/lextures/lextures/server-new/internal/service/oidcauth/oidcauth.go:242.2,242.17 1 0
github.com/lextures/lextures/server-new/internal/service/oidcauth/oidcauth.go:242.17,244.3 1 0
github.com/lextures/lextures/server-new/internal/service/oidcauth/oidcauth.go:245.2,245.25 1 0
github.com/lextures/lextures/server-new/internal/service/oidcauth/oidcauth.go:245.25,247.3 1 0
github.com/lextures/lextures/server-new/internal/service/oidcauth/oidcauth.go:248.2,249.32 2 0
github.com/lextures/lextures/server-new/internal/service/oidcauth/oidcauth.go:249.32,251.17 2 0
github.com/lextures/lextures/server-new/internal/service/oidcauth/oidcauth.go:251.17,253.4 1 0
github.com/lextures/lextures/server-new/internal/service/oidcauth/oidcauth.go:254.3,254.23 1 0
github.com/lextures/lextures/server-new/internal/service/oidcauth/oidcauth.go:254.23,256.4 1 0
github.com/lextures/lextures/server-new/internal/service/oidcauth/oidcauth.go:258.2,259.16 2 0
github.com/lextures/lextures/server-new/internal/service/oidcauth/oidcauth.go:259.16,261.3 1 0
github.com/lextures/lextures/server-new/internal/service/oidcauth/oidcauth.go:262.2,263.16 2 0
github.com/lextures/lextures/server-new/internal/service/oidcauth/oidcauth.go:263.16,265.3 1 0
github.com/lextures/lextures/server-new/internal/service/oidcauth/oidcauth.go:266.2,268.19 3 0
github.com/lextures/lextures/server-new/internal/service/oidcauth/oidcauth.go:268.19,270.15 2 0
github.com/lextures/lextures/server-new/internal/service/oidcauth/oidcauth.go:270.15,272.4 1 0
github.com/lextures/lextures/server-new/internal/service/oidcauth/oidcauth.go:273.3,273.15 1 0
github.com/lextures/lextures/server-new/internal/service/oidcauth/oidcauth.go:275.2,284.16 4 0
github.com/lextures/lextures/server-new/internal/service/oidcauth/oidcauth.go:284.16,286.3 1 0
github.com/lextures/lextures/server-new/internal/service/oidcauth/oidcauth.go:287.2,288.22 2 0
github.com/lextures/lextures/server-new/internal/service/oidcauth/oidcauth.go:288.22,290.3 1 0
github.com/lextures/lextures/server-new/internal/service/oidcauth/oidcauth.go:291.2,294.16 4 0
github.com/lextures/lextures/server-new/internal/service/oidcauth/oidcauth.go:294.16,296.3 1 0
github.com/lextures/lextures/server-new/internal/service/oidcauth/oidcauth.go:297.2,303.43 2 0
github.com/lextures/lextures/server-new/internal/service/oidcauth/oidcauth.go:303.43,305.3 1 0
github.com/lextures/lextures/server-new/internal/service/oidcauth/oidcauth.go:306.2,306.64 1 0
github.com/lextures/lextures/server-new/internal/service/oidcauth/oidcauth.go:306.64,308.3 1 0
github.com/lextures/lextures/server-new/internal/service/oidcauth/oidcauth.go:309.2,309.27 1 0
github.com/lextures/lextures/server-new/internal/service/oidcauth/oidcauth.go:309.27,311.3 1 0
github.com/lextures/lextures/server-new/internal/service/oidcauth/oidcauth.go:312.2,313.54 2 0
github.com/lextures/lextures/server-new/internal/service/oidcauth/oidcauth.go:313.54,315.3 1 0
github.com/lextures/lextures/server-new/internal/service/oidcauth/oidcauth.go:316.2,316.73 1 0
github.com/lextures/lextures/server-new/internal/service/oidcauth/oidcauth.go:316.73,318.3 1 0
github.com/lextures/lextures/server-new/internal/service/oidcauth/oidcauth.go:319.2,320.16 2 0
github.com/lextures/lextures/server-new/internal/service/oidcauth/oidcauth.go:320.16,322.3 1 0
github.com/lextures/lextures/server-new/internal/service/oidcauth/oidcauth.go:324.2,325.16 2 0
github.com/lextures/lextures/server-new/internal/service/oidcauth/oidcauth.go:325.16,327.3 1 0
github.com/lextures/lextures/server-new/internal/service/oidcauth/oidcauth.go:328.2,328.18 1 0
github.com/lextures/lextures/server-new/internal/service/oidcauth/oidcauth.go:328.18,330.17 2 0
github.com/lextures/lextures/server-new/internal/service/oidcauth/oidcauth.go:330.17,332.4 1 0
github.com/lextures/lextures/server-new/internal/service/oidcauth/oidcauth.go:333.3,333.15 1 0
github.com/lextures/lextures/server-new/internal/service/oidcauth/oidcauth.go:333.15,335.4 1 0
github.com/lextures/lextures/server-new/internal/service/oidcauth/oidcauth.go:336.3,337.17 2 0
github.com/lextures/lextures/server-new/internal/service/oidcauth/oidcauth.go:337.17,339.4 1 0
github.com/lextures/lextures/server-new/internal/service/oidcauth/oidcauth.go:340.3,340.33 1 0
github.com/lextures/lextures/server-new/internal/service/oidcauth/oidcauth.go:342.2,342.27 1 0
github.com/lextures/lextures/server-new/internal/service/oidcauth/oidcauth.go:342.27,344.17 2 0
github.com/lextures/lextures/server-new/internal/service/oidcauth/oidcauth.go:344.17,346.4 1 0
github.com/lextures/lextures/server-new/internal/service/oidcauth/oidcauth.go:347.3,347.15 1 0
github.com/lextures/lextures/server-new/internal/service/oidcauth/oidcauth.go:347.15,349.4 1 0
github.com/lextures/lextures/server-new/internal/service/oidcauth/oidcauth.go:350.3,350.46 1 0
github.com/lextures/lextures/server-new/internal/service/oidcauth/oidcauth.go:350.46,352.4 1 0
github.com/lextures/lextures/server-new/internal/service/oidcauth/oidcauth.go:353.3,354.17 2 0
github.com/lextures/lextures/server-new/internal/service/oidcauth/oidcauth.go:354.17,356.4 1 0
github.com/lextures/lextures/server-new/internal/service/oidcauth/oidcauth.go:357.3,357.91 1 0
github.com/lextures/lextures/server-new/internal/service/oidcauth/oidcauth.go:357.91,359.4 1 0
github.com/lextures/lextures/server-new/internal/service/oidcauth/oidcauth.go:360.3,361.17 2 0
github.com/lextures/lextures/server-new/internal/service/oidcauth/oidcauth.go:361.17,363.4 1 0
github.com/lextures/lextures/server-new/internal/service/oidcauth/oidcauth.go:364.3,364.33 1 0
github.com/lextures/lextures/server-new/internal/service/oidcauth/oidcauth.go:366.2,366.64 1 0
github.com/lextures/lextures/server-new/internal/service/oidcauth/oidcauth.go:366.64,368.3 1 0
github.com/lextures/lextures/server-new/internal/service/oidcauth/oidcauth.go:368.8,368.21 1 0
github.com/lextures/lextures/server-new/internal/service/oidcauth/oidcauth.go:368.21,370.17 2 0
github.com/lextures/lextures/server-new/internal/service/oidcauth/oidcauth.go:370.17,372.4 1 0
github.com/lextures/lextures/server-new/internal/service/oidcauth/oidcauth.go:373.3,373.91 1 0
github.com/lextures/lextures/server-new/internal/service/oidcauth/oidcauth.go:373.91,375.4 1 0
github.com/lextures/lextures/server-new/internal/service/oidcauth/oidcauth.go:376.3,377.17 2 0
github.com/lextures/lextures/server-new/internal/service/oidcauth/oidcauth.go:377.17,379.4 1 0
github.com/lextures/lextures/server-new/internal/service/oidcauth/oidcauth.go:380.3,380.33 1 0
github.com/lextures/lextures/server-new/internal/service/oidcauth/oidcauth.go:382.2,383.16 2 0
github.com/lextures/lextures/server-new/internal/service/oidcauth/oidcauth.go:383.16,385.3 1 0
github.com/lextures/lextures/server-new/internal/service/oidcauth/oidcauth.go:386.2,387.16 2 0
github.com/lextures/lextures/server-new/internal/service/oidcauth/oidcauth.go:387.16,389.3 1 0
github.com/lextures/lextures/server-new/internal/service/oidcauth/oidcauth.go:390.2,391.16 2 0
github.com/lextures/lextures/server-new/internal/service/oidcauth/oidcauth.go:391.16,393.3 1 0
github.com/lextures/lextures/server-new/internal/service/oidcauth/oidcauth.go:394.2,394.77 1 0
github.com/lextures/lextures/server-new/internal/service/oidcauth/oidcauth.go:394.77,396.3 1 0
github.com/lextures/lextures/server-new/internal/service/oidcauth/oidcauth.go:397.2,397.90 1 0
github.com/lextures/lextures/server-new/internal/service/oidcauth/oidcauth.go:397.90,399.3 1 0
github.com/lextures/lextures/server-new/internal/service/oidcauth/oidcauth.go:400.2,401.16 2 0
github.com/lextures/lextures/server-new/internal/service/oidcauth/oidcauth.go:401.16,403.3 1 0
github.com/lextures/lextures/server-new/internal/service/oidcauth/oidcauth.go:404.2,404.32 1 0
github.com/lextures/lextures/server-new/internal/service/oidcauth/oidcauth.go:407.122,409.30 2 0
github.com/lextures/lextures/server-new/internal/service/oidcauth/oidcauth.go:409.30,410.72 1 0
github.com/lextures/lextures/server-new/internal/service/oidcauth/oidcauth.go:410.72,412.36 2 0
github.com/lextures/lextures/server-new/internal/service/oidcauth/oidcauth.go:412.36,414.5 1 0
github.com/lextures/lextures/server-new/internal/service/oidcauth/oidcauth.go:417.2,417.78 1 0
github.com/lextures/lextures/server-new/internal/service/oidcauth/oidcauth.go:417.78,419.17 2 0
github.com/lextures/lextures/server-new/internal/service/oidcauth/oidcauth.go:419.17,421.36 2 0
github.com/lextures/lextures/server-new/internal/service/oidcauth/oidcauth.go:421.36,423.5 1 0
github.com/lextures/lextures/server-new/internal/service/oidcauth/oidcauth.go:426.2,426.12 1 0
github.com/lextures/lextures/server-new/internal/service/oidcauth/oidcauth.go:429.61,430.36 1 0
github.com/lextures/lextures/server-new/internal/service/oidcauth/oidcauth.go:430.36,432.3 1 0
github.com/lextures/lextures/server-new/internal/service/oidcauth/oidcauth.go:433.2,433.23 1 0
github.com/lextures/lextures/server-new/internal/service/oidcauth/oidcauth.go:433.23,435.3 1 0
github.com/lextures/lextures/server-new/internal/service/oidcauth/oidcauth.go:436.2,439.20 4 0
github.com/lextures/lextures/server-new/internal/service/oidcauth/oidcauth.go:439.20,441.3 1 0
github.com/lextures/lextures/server-new/internal/service/oidcauth/oidcauth.go:442.2,442.12 1 0
github.com/lextures/lextures/server-new/internal/service/oidcauth/oidcauth.go:446.42,448.2 1 0
github.com/lextures/lextures/server-new/internal/service/openrouter/openrouter.go:24.39,30.2 1 1
github.com/lextures/lextures/server-new/internal/service/openrouter/openrouter.go:33.59,39.2 1 2
github.com/lextures/lextures/server-new/internal/service/openrouter/openrouter.go:48.83,49.14 1 2
github.com/lextures/lextures/server-new/internal/service/openrouter/openrouter.go:49.14,51.3 1 0
github.com/lextures/lextures/server-new/internal/service/openrouter/openrouter.go:52.2,52.20 1 2
github.com/lextures/lextures/server-new/internal/service/openrouter/openrouter.go:52.20,54.3 1 0
github.com/lextures/lextures/server-new/internal/service/openrouter/openrouter.go:55.2,56.16 2 2
github.com/lextures/lextures/server-new/internal/service/openrouter/openrouter.go:56.16,58.3 1 0
github.com/lextures/lextures/server-new/internal/service/openrouter/openrouter.go:59.2,65.16 3 2
github.com/lextures/lextures/server-new/internal/service/openrouter/openrouter.go:65.16,67.3 1 0
github.com/lextures/lextures/server-new/internal/service/openrouter/openrouter.go:68.2,70.16 3 2
github.com/lextures/lextures/server-new/internal/service/openrouter/openrouter.go:70.16,72.3 1 0
github.com/lextures/lextures/server-new/internal/service/openrouter/openrouter.go:73.2,76.19 4 2
github.com/lextures/lextures/server-new/internal/service/openrouter/openrouter.go:76.19,78.3 1 0
github.com/lextures/lextures/server-new/internal/service/openrouter/openrouter.go:79.2,80.16 2 2
github.com/lextures/lextures/server-new/internal/service/openrouter/openrouter.go:80.16,82.3 1 0
github.com/lextures/lextures/server-new/internal/service/openrouter/openrouter.go:83.2,85.16 3 2
github.com/lextures/lextures/server-new/internal/service/openrouter/openrouter.go:85.16,87.3 1 0
github.com/lextures/lextures/server-new/internal/service/openrouter/openrouter.go:88.2,88.51 1 2
github.com/lextures/lextures/server-new/internal/service/openrouter/openrouter.go:88.51,90.22 2 1
github.com/lextures/lextures/server-new/internal/service/openrouter/openrouter.go:90.22,92.4 1 0
github.com/lextures/lextures/server-new/internal/service/openrouter/openrouter.go:93.3,93.74 1 1
github.com/lextures/lextures/server-new/internal/service/openrouter/openrouter.go:95.2,102.51 2 1
github.com/lextures/lextures/server-new/internal/service/openrouter/openrouter.go:102.51,104.3 1 0
github.com/lextures/lextures/server-new/internal/service/openrouter/openrouter.go:105.2,105.30 1 1
github.com/lextures/lextures/server-new/internal/service/openrouter/openrouter.go:105.30,107.3 1 0
github.com/lextures/lextures/server-new/internal/service/openrouter/openrouter.go:108.2,108.46 1 1
github.com/lextures/lextures/server-new/internal/service/openrouter/openrouter.go:108.46,110.3 1 0
github.com/lextures/lextures/server-new/internal/service/openrouter/openrouter.go:111.2,111.48 1 1
