mode: atomic
github.com/lextures/lextures/server-new/internal/apierr/apierr.go:28.73,32.2 3 1
github.com/lextures/lextures/server-new/internal/apierr/apierr.go:34.38,39.2 4 1
github.com/lextures/lextures/server-new/internal/config/config.go:77.20,79.22 2 9
github.com/lextures/lextures/server-new/internal/config/config.go:79.22,81.3 1 8
github.com/lextures/lextures/server-new/internal/config/config.go:82.2,85.23 3 9
github.com/lextures/lextures/server-new/internal/config/config.go:85.23,87.3 1 8
github.com/lextures/lextures/server-new/internal/config/config.go:88.2,91.23 3 9
github.com/lextures/lextures/server-new/internal/config/config.go:91.23,93.3 1 8
github.com/lextures/lextures/server-new/internal/config/config.go:94.2,98.41 4 9
github.com/lextures/lextures/server-new/internal/config/config.go:98.41,100.3 1 1
github.com/lextures/lextures/server-new/internal/config/config.go:102.2,155.3 1 9
github.com/lextures/lextures/server-new/internal/config/config.go:159.34,160.25 1 7
github.com/lextures/lextures/server-new/internal/config/config.go:160.25,162.3 1 1
github.com/lextures/lextures/server-new/internal/config/config.go:163.2,163.108 1 6
github.com/lextures/lextures/server-new/internal/config/config.go:163.108,165.3 1 1
github.com/lextures/lextures/server-new/internal/config/config.go:166.2,166.42 1 5
github.com/lextures/lextures/server-new/internal/config/config.go:166.42,168.3 1 1
github.com/lextures/lextures/server-new/internal/config/config.go:169.2,169.97 1 4
github.com/lextures/lextures/server-new/internal/config/config.go:169.97,171.3 1 1
github.com/lextures/lextures/server-new/internal/config/config.go:172.2,172.66 1 3
github.com/lextures/lextures/server-new/internal/config/config.go:172.66,174.3 1 1
github.com/lextures/lextures/server-new/internal/config/config.go:175.2,175.12 1 2
github.com/lextures/lextures/server-new/internal/config/config.go:178.27,180.13 2 9
github.com/lextures/lextures/server-new/internal/config/config.go:180.13,182.3 1 7
github.com/lextures/lextures/server-new/internal/config/config.go:183.2,183.28 1 2
github.com/lextures/lextures/server-new/internal/config/config.go:184.33,185.15 1 1
github.com/lextures/lextures/server-new/internal/config/config.go:186.10,187.14 1 1
github.com/lextures/lextures/server-new/internal/config/config.go:191.31,192.60 1 99
github.com/lextures/lextures/server-new/internal/config/config.go:193.32,194.14 1 11
github.com/lextures/lextures/server-new/internal/config/config.go:195.10,196.15 1 88
github.com/lextures/lextures/server-new/internal/config/config.go:200.42,202.9 2 18
github.com/lextures/lextures/server-new/internal/config/config.go:202.9,204.3 1 0
github.com/lextures/lextures/server-new/internal/config/config.go:205.2,205.47 1 18
github.com/lextures/lextures/server-new/internal/config/config.go:206.36,207.14 1 16
github.com/lextures/lextures/server-new/internal/config/config.go:208.10,209.15 1 2
github.com/lextures/lextures/server-new/internal/config/config.go:213.50,214.27 1 249
github.com/lextures/lextures/server-new/internal/config/config.go:214.27,216.14 2 285
github.com/lextures/lextures/server-new/internal/config/config.go:216.14,218.4 1 27
github.com/lextures/lextures/server-new/internal/config/config.go:220.2,220.11 1 222
github.com/lextures/lextures/server-new/internal/config/config.go:223.67,224.51 1 27
github.com/lextures/lextures/server-new/internal/config/config.go:224.51,226.3 1 3
github.com/lextures/lextures/server-new/internal/config/config.go:227.2,228.16 2 24
github.com/lextures/lextures/server-new/internal/config/config.go:228.16,230.3 1 21
github.com/lextures/lextures/server-new/internal/config/config.go:231.2,232.16 2 3
github.com/lextures/lextures/server-new/internal/config/config.go:232.16,234.3 1 0
github.com/lextures/lextures/server-new/internal/config/config.go:235.2,235.37 1 3
github.com/lextures/lextures/server-new/internal/config/config.go:238.42,239.13 1 45
github.com/lextures/lextures/server-new/internal/config/config.go:239.13,241.3 1 41
github.com/lextures/lextures/server-new/internal/config/config.go:242.2,242.10 1 4
github.com/lextures/lextures/server-new/internal/config/config.go:245.41,247.2 1 36
github.com/lextures/lextures/server-new/internal/config/config.go:249.43,251.15 2 9
github.com/lextures/lextures/server-new/internal/config/config.go:251.15,253.3 1 8
github.com/lextures/lextures/server-new/internal/config/config.go:254.2,256.29 3 1
github.com/lextures/lextures/server-new/internal/config/config.go:256.29,260.19 4 3
github.com/lextures/lextures/server-new/internal/config/config.go:260.19,262.4 1 2
github.com/lextures/lextures/server-new/internal/config/config.go:264.2,264.24 1 1
github.com/lextures/lextures/server-new/internal/config/config.go:264.24,266.3 1 0
github.com/lextures/lextures/server-new/internal/config/config.go:267.2,267.17 1 1
github.com/lextures/lextures/server-new/internal/config/config.go:270.24,272.15 2 9
github.com/lextures/lextures/server-new/internal/config/config.go:272.15,274.3 1 8
github.com/lextures/lextures/server-new/internal/config/config.go:275.2,276.16 2 1
github.com/lextures/lextures/server-new/internal/config/config.go:276.16,278.3 1 0
github.com/lextures/lextures/server-new/internal/config/config.go:279.2,279.18 1 1
github.com/lextures/lextures/server-new/internal/config/config.go:282.24,284.13 2 11
github.com/lextures/lextures/server-new/internal/config/config.go:284.13,286.3 1 8
github.com/lextures/lextures/server-new/internal/config/config.go:287.2,287.31 1 3
github.com/lextures/lextures/server-new/internal/config/config.go:287.31,289.3 1 1
github.com/lextures/lextures/server-new/internal/config/config.go:290.2,290.53 1 2
github.com/lextures/lextures/server-new/internal/config/config.go:290.53,292.3 1 2
github.com/lextures/lextures/server-new/internal/config/config.go:294.2,294.10 1 0
github.com/lextures/lextures/server-new/internal/app/app.go:19.49,21.39 2 1
github.com/lextures/lextures/server-new/internal/app/app.go:21.39,23.3 1 1
github.com/lextures/lextures/server-new/internal/app/app.go:24.2,25.16 2 0
github.com/lextures/lextures/server-new/internal/app/app.go:25.16,27.3 1 0
github.com/lextures/lextures/server-new/internal/app/app.go:28.2,29.23 2 0
github.com/lextures/lextures/server-new/internal/app/app.go:29.23,30.71 1 0
github.com/lextures/lextures/server-new/internal/app/app.go:30.71,32.4 1 0
github.com/lextures/lextures/server-new/internal/app/app.go:34.2,43.12 3 0
github.com/lextures/lextures/server-new/internal/app/app.go:43.12,43.45 1 0
github.com/lextures/lextures/server-new/internal/app/app.go:44.2,44.9 1 0
github.com/lextures/lextures/server-new/internal/app/app.go:45.20,50.13 5 0
github.com/lextures/lextures/server-new/internal/app/app.go:51.22,52.48 1 0
github.com/lextures/lextures/server-new/internal/app/app.go:52.48,54.4 1 0
github.com/lextures/lextures/server-new/internal/app/app.go:55.3,55.13 1 0
github.com/lextures/lextures/server-new/internal/repos/passwordreset/passwordreset.go:24.130,26.16 2 0
github.com/lextures/lextures/server-new/internal/repos/passwordreset/passwordreset.go:26.16,28.3 1 0
github.com/lextures/lextures/server-new/internal/repos/passwordreset/passwordreset.go:29.2,29.15 1 0
github.com/lextures/lextures/server-new/internal/repos/passwordreset/passwordreset.go:29.15,29.39 1 0
github.com/lextures/lextures/server-new/internal/repos/passwordreset/passwordreset.go:31.2,32.16 2 0
github.com/lextures/lextures/server-new/internal/repos/passwordreset/passwordreset.go:32.16,34.3 1 0
github.com/lextures/lextures/server-new/internal/repos/passwordreset/passwordreset.go:35.2,38.16 2 0
github.com/lextures/lextures/server-new/internal/repos/passwordreset/passwordreset.go:38.16,40.3 1 0
github.com/lextures/lextures/server-new/internal/repos/passwordreset/passwordreset.go:41.2,41.23 1 0
github.com/lextures/lextures/server-new/internal/repos/passwordreset/passwordreset.go:45.100,49.35 4 0
github.com/lextures/lextures/server-new/internal/repos/passwordreset/passwordreset.go:49.35,51.3 1 0
github.com/lextures/lextures/server-new/internal/repos/passwordreset/passwordreset.go:52.2,52.16 1 0
github.com/lextures/lextures/server-new/internal/repos/passwordreset/passwordreset.go:52.16,54.3 1 0
github.com/lextures/lextures/server-new/internal/repos/passwordreset/passwordreset.go:55.2,55.16 1 0
github.com/lextures/lextures/server-new/internal/repos/passwordreset/passwordreset.go:59.132,61.16 2 0
github.com/lextures/lextures/server-new/internal/repos/passwordreset/passwordreset.go:61.16,63.3 1 0
github.com/lextures/lextures/server-new/internal/repos/passwordreset/passwordreset.go:64.2,64.15 1 0
github.com/lextures/lextures/server-new/internal/repos/passwordreset/passwordreset.go:64.15,64.39 1 0
github.com/lextures/lextures/server-new/internal/repos/passwordreset/passwordreset.go:66.2,71.16 2 0
github.com/lextures/lextures/server-new/internal/repos/passwordreset/passwordreset.go:71.16,73.3 1 0
github.com/lextures/lextures/server-new/internal/repos/passwordreset/passwordreset.go:74.2,74.29 1 0
github.com/lextures/lextures/server-new/internal/repos/passwordreset/passwordreset.go:74.29,76.3 1 0
github.com/lextures/lextures/server-new/internal/repos/passwordreset/passwordreset.go:78.2,79.16 2 0
github.com/lextures/lextures/server-new/internal/repos/passwordreset/passwordreset.go:79.16,81.3 1 0
github.com/lextures/lextures/server-new/internal/repos/passwordreset/passwordreset.go:82.2,82.39 1 0
github.com/lextures/lextures/server-new/internal/repos/passwordreset/passwordreset.go:82.39,84.3 1 0
github.com/lextures/lextures/server-new/internal/repos/passwordreset/passwordreset.go:85.2,85.18 1 0
github.com/lextures/lextures/server-new/internal/repos/rbac/rbac.go:14.109,17.35 3 0
github.com/lextures/lextures/server-new/internal/repos/rbac/rbac.go:17.35,19.3 1 0
github.com/lextures/lextures/server-new/internal/repos/rbac/rbac.go:20.2,20.16 1 0
github.com/lextures/lextures/server-new/internal/repos/rbac/rbac.go:20.16,22.3 1 0
github.com/lextures/lextures/server-new/internal/repos/rbac/rbac.go:23.2,28.12 2 0
github.com/lextures/lextures/server-new/internal/db/pool.go:11.70,12.15 1 1
github.com/lextures/lextures/server-new/internal/db/pool.go:12.15,14.3 1 1
github.com/lextures/lextures/server-new/internal/db/pool.go:15.2,16.16 2 0
github.com/lextures/lextures/server-new/internal/db/pool.go:16.16,18.3 1 0
github.com/lextures/lextures/server-new/internal/db/pool.go:20.2,20.40 1 0
github.com/lextures/lextures/server-new/internal/mail/password_reset.go:14.78,16.16 2 1
github.com/lextures/lextures/server-new/internal/mail/password_reset.go:16.16,19.3 2 1
github.com/lextures/lextures/server-new/internal/mail/password_reset.go:20.2,21.16 2 0
github.com/lextures/lextures/server-new/internal/mail/password_reset.go:21.16,23.3 1 0
github.com/lextures/lextures/server-new/internal/mail/password_reset.go:24.2,44.46 5 0
github.com/lextures/lextures/server-new/internal/mail/password_reset.go:44.46,47.3 2 0
github.com/lextures/lextures/server-new/internal/mail/password_reset.go:48.2,48.64 1 0
github.com/lextures/lextures/server-new/internal/migrate/checksum.go:8.40,10.2 1 1
github.com/lextures/lextures/server-new/internal/migrate/lock.go:12.48,16.2 3 4
github.com/lextures/lextures/server-new/internal/migrate/lock.go:18.72,20.79 2 0
github.com/lextures/lextures/server-new/internal/migrate/lock.go:20.79,22.3 1 0
github.com/lextures/lextures/server-new/internal/migrate/lock.go:23.2,25.17 3 0
github.com/lextures/lextures/server-new/internal/migrate/lock.go:28.77,31.2 2 0
github.com/lextures/lextures/server-new/internal/migrate/parse.go:20.65,22.51 2 2
github.com/lextures/lextures/server-new/internal/migrate/parse.go:22.51,24.3 1 1
github.com/lextures/lextures/server-new/internal/migrate/parse.go:25.2,26.17 2 2
github.com/lextures/lextures/server-new/internal/migrate/parse.go:26.17,28.3 1 1
github.com/lextures/lextures/server-new/internal/migrate/parse.go:29.2,30.16 2 1
github.com/lextures/lextures/server-new/internal/migrate/parse.go:30.16,32.3 1 0
github.com/lextures/lextures/server-new/internal/migrate/parse.go:33.2,33.11 1 1
github.com/lextures/lextures/server-new/internal/migrate/parse.go:33.11,35.3 1 0
github.com/lextures/lextures/server-new/internal/migrate/parse.go:36.2,40.8 1 1
github.com/lextures/lextures/server-new/internal/migrate/parse.go:45.40,45.57 1 1
github.com/lextures/lextures/server-new/internal/migrate/parse.go:46.40,46.78 1 1
github.com/lextures/lextures/server-new/internal/migrate/parse.go:47.40,47.67 1 1
github.com/lextures/lextures/server-new/internal/migrate/parse.go:49.44,51.2 1 1
github.com/lextures/lextures/server-new/internal/migrate/run.go:20.67,21.15 1 2
github.com/lextures/lextures/server-new/internal/migrate/run.go:21.15,23.3 1 1
github.com/lextures/lextures/server-new/internal/migrate/run.go:24.2,25.16 2 1
github.com/lextures/lextures/server-new/internal/migrate/run.go:25.16,27.3 1 0
github.com/lextures/lextures/server-new/internal/migrate/run.go:28.2,30.16 3 1
github.com/lextures/lextures/server-new/internal/migrate/run.go:30.16,32.3 1 1
github.com/lextures/lextures/server-new/internal/migrate/run.go:33.2,34.49 2 0
github.com/lextures/lextures/server-new/internal/migrate/run.go:38.74,39.17 1 1
github.com/lextures/lextures/server-new/internal/migrate/run.go:39.17,41.3 1 1
github.com/lextures/lextures/server-new/internal/migrate/run.go:42.2,42.57 1 0
github.com/lextures/lextures/server-new/internal/migrate/run.go:45.83,47.16 2 0
github.com/lextures/lextures/server-new/internal/migrate/run.go:47.16,49.3 1 0
github.com/lextures/lextures/server-new/internal/migrate/run.go:50.2,50.15 1 0
github.com/lextures/lextures/server-new/internal/migrate/run.go:50.15,50.75 1 0
github.com/lextures/lextures/server-new/internal/migrate/run.go:51.2,51.57 1 0
github.com/lextures/lextures/server-new/internal/migrate/run.go:51.57,53.3 1 0
github.com/lextures/lextures/server-new/internal/migrate/run.go:54.2,54.49 1 0
github.com/lextures/lextures/server-new/internal/migrate/run.go:54.49,56.3 1 0
github.com/lextures/lextures/server-new/internal/migrate/run.go:57.2,58.16 2 0
github.com/lextures/lextures/server-new/internal/migrate/run.go:58.16,60.3 1 0
github.com/lextures/lextures/server-new/internal/migrate/run.go:61.2,62.28 2 0
github.com/lextures/lextures/server-new/internal/migrate/run.go:62.28,63.16 1 0
github.com/lextures/lextures/server-new/internal/migrate/run.go:63.16,64.12 1 0
github.com/lextures/lextures/server-new/internal/migrate/run.go:66.3,68.18 3 0
github.com/lextures/lextures/server-new/internal/migrate/run.go:68.18,70.4 1 0
github.com/lextures/lextures/server-new/internal/migrate/run.go:71.3,71.26 1 0
github.com/lextures/lextures/server-new/internal/migrate/run.go:73.2,74.26 2 0
github.com/lextures/lextures/server-new/internal/migrate/run.go:74.26,76.63 2 0
github.com/lextures/lextures/server-new/internal/migrate/run.go:76.63,78.4 1 0
github.com/lextures/lextures/server-new/internal/migrate/run.go:80.2,80.12 1 0
github.com/lextures/lextures/server-new/internal/migrate/run.go:83.68,93.16 3 0
github.com/lextures/lextures/server-new/internal/migrate/run.go:93.16,95.3 1 0
github.com/lextures/lextures/server-new/internal/migrate/run.go:96.2,96.12 1 0
github.com/lextures/lextures/server-new/internal/migrate/run.go:99.60,104.16 3 0
github.com/lextures/lextures/server-new/internal/migrate/run.go:104.16,105.36 1 0
github.com/lextures/lextures/server-new/internal/migrate/run.go:105.36,107.4 1 0
github.com/lextures/lextures/server-new/internal/migrate/run.go:108.3,108.47 1 0
github.com/lextures/lextures/server-new/internal/migrate/run.go:110.2,110.138 1 0
github.com/lextures/lextures/server-new/internal/migrate/run.go:113.102,115.16 2 0
github.com/lextures/lextures/server-new/internal/migrate/run.go:115.16,117.3 1 0
github.com/lextures/lextures/server-new/internal/migrate/run.go:118.2,123.20 5 0
github.com/lextures/lextures/server-new/internal/migrate/run.go:123.20,124.40 1 0
github.com/lextures/lextures/server-new/internal/migrate/run.go:124.40,126.4 1 0
github.com/lextures/lextures/server-new/internal/migrate/run.go:127.3,127.13 1 0
github.com/lextures/lextures/server-new/internal/migrate/run.go:129.2,129.40 1 0
github.com/lextures/lextures/server-new/internal/migrate/run.go:129.40,131.3 1 0
github.com/lextures/lextures/server-new/internal/migrate/run.go:135.2,137.16 3 0
github.com/lextures/lextures/server-new/internal/migrate/run.go:137.16,139.3 1 0
github.com/lextures/lextures/server-new/internal/migrate/run.go:140.2,140.15 1 0
github.com/lextures/lextures/server-new/internal/migrate/run.go:140.15,140.39 1 0
github.com/lextures/lextures/server-new/internal/migrate/run.go:141.2,141.54 1 0
github.com/lextures/lextures/server-new/internal/migrate/run.go:141.54,143.3 1 0
github.com/lextures/lextures/server-new/internal/migrate/run.go:144.2,145.88 2 0
github.com/lextures/lextures/server-new/internal/migrate/run.go:145.88,147.3 1 0
github.com/lextures/lextures/server-new/internal/migrate/run.go:148.2,148.39 1 0
github.com/lextures/lextures/server-new/internal/migrate/run.go:148.39,150.3 1 0
github.com/lextures/lextures/server-new/internal/migrate/run.go:151.2,153.70 3 0
github.com/lextures/lextures/server-new/internal/migrate/run.go:153.70,155.3 1 0
github.com/lextures/lextures/server-new/internal/migrate/run.go:156.2,156.12 1 0
github.com/lextures/lextures/server-new/internal/openapi/openapi.go:86.59,87.32 1 2
github.com/lextures/lextures/server-new/internal/openapi/openapi.go:87.32,91.3 3 1
github.com/lextures/lextures/server-new/internal/openapi/openapi.go:92.2,93.30 2 1
github.com/lextures/lextures/server-new/internal/openapi/openapi.go:97.56,98.32 1 2
github.com/lextures/lextures/server-new/internal/openapi/openapi.go:98.32,102.3 3 1
github.com/lextures/lextures/server-new/internal/openapi/openapi.go:103.2,104.33 2 1
github.com/lextures/lextures/server-new/internal/httpserver/auth.go:32.46,33.54 1 4
github.com/lextures/lextures/server-new/internal/httpserver/auth.go:33.54,34.34 1 0
github.com/lextures/lextures/server-new/internal/httpserver/auth.go:34.34,38.4 3 0
github.com/lextures/lextures/server-new/internal/httpserver/auth.go:39.3,40.60 2 0
github.com/lextures/lextures/server-new/internal/httpserver/auth.go:40.60,43.4 2 0
github.com/lextures/lextures/server-new/internal/httpserver/auth.go:44.3,48.17 2 0
github.com/lextures/lextures/server-new/internal/httpserver/auth.go:48.17,51.4 2 0
github.com/lextures/lextures/server-new/internal/httpserver/auth.go:52.3,53.37 2 0
github.com/lextures/lextures/server-new/internal/httpserver/auth.go:57.47,58.54 1 4
github.com/lextures/lextures/server-new/internal/httpserver/auth.go:58.54,59.34 1 0
github.com/lextures/lextures/server-new/internal/httpserver/auth.go:59.34,63.4 3 0
github.com/lextures/lextures/server-new/internal/httpserver/auth.go:64.3,65.60 2 0
github.com/lextures/lextures/server-new/internal/httpserver/auth.go:65.60,68.4 2 0
github.com/lextures/lextures/server-new/internal/httpserver/auth.go:69.3,74.17 2 0
github.com/lextures/lextures/server-new/internal/httpserver/auth.go:74.17,77.4 2 0
github.com/lextures/lextures/server-new/internal/httpserver/auth.go:78.3,79.37 2 0
github.com/lextures/lextures/server-new/internal/httpserver/auth.go:83.55,84.54 1 4
github.com/lextures/lextures/server-new/internal/httpserver/auth.go:84.54,85.34 1 0
github.com/lextures/lextures/server-new/internal/httpserver/auth.go:85.34,89.4 3 0
github.com/lextures/lextures/server-new/internal/httpserver/auth.go:90.3,91.60 2 0
github.com/lextures/lextures/server-new/internal/httpserver/auth.go:91.60,94.4 2 0
github.com/lextures/lextures/server-new/internal/httpserver/auth.go:95.3,96.17 2 0
github.com/lextures/lextures/server-new/internal/httpserver/auth.go:96.17,99.4 2 0
github.com/lextures/lextures/server-new/internal/httpserver/auth.go:100.3,101.37 2 0
github.com/lextures/lextures/server-new/internal/httpserver/auth.go:105.54,106.54 1 4
github.com/lextures/lextures/server-new/internal/httpserver/auth.go:106.54,107.34 1 0
github.com/lextures/lextures/server-new/internal/httpserver/auth.go:107.34,111.4 3 0
github.com/lextures/lextures/server-new/internal/httpserver/auth.go:112.3,113.60 2 0
github.com/lextures/lextures/server-new/internal/httpserver/auth.go:113.60,116.4 2 0
github.com/lextures/lextures/server-new/internal/httpserver/auth.go:117.3,121.17 2 0
github.com/lextures/lextures/server-new/internal/httpserver/auth.go:121.17,124.4 2 0
github.com/lextures/lextures/server-new/internal/httpserver/auth.go:125.3,126.37 2 0
github.com/lextures/lextures/server-new/internal/httpserver/auth.go:131.42,132.54 1 4
github.com/lextures/lextures/server-new/internal/httpserver/auth.go:132.54,133.33 1 1
github.com/lextures/lextures/server-new/internal/httpserver/auth.go:133.33,137.4 3 0
github.com/lextures/lextures/server-new/internal/httpserver/auth.go:138.3,139.46 2 1
github.com/lextures/lextures/server-new/internal/httpserver/auth.go:143.51,144.54 1 4
github.com/lextures/lextures/server-new/internal/httpserver/auth.go:144.54,145.33 1 1
github.com/lextures/lextures/server-new/internal/httpserver/auth.go:145.33,149.4 3 0
github.com/lextures/lextures/server-new/internal/httpserver/auth.go:150.3,151.31 2 1
github.com/lextures/lextures/server-new/internal/httpserver/auth.go:151.31,154.4 2 1
github.com/lextures/lextures/server-new/internal/httpserver/auth.go:155.3,155.58 1 0
github.com/lextures/lextures/server-new/internal/httpserver/auth.go:164.49,165.54 1 4
github.com/lextures/lextures/server-new/internal/httpserver/auth.go:165.54,166.34 1 0
github.com/lextures/lextures/server-new/internal/httpserver/auth.go:166.34,170.4 3 0
github.com/lextures/lextures/server-new/internal/httpserver/auth.go:171.3,171.25 1 0
github.com/lextures/lextures/server-new/internal/httpserver/auth.go:171.25,174.4 2 0
github.com/lextures/lextures/server-new/internal/httpserver/auth.go:175.3,175.65 1 0
github.com/lextures/lextures/server-new/internal/httpserver/auth.go:175.65,178.4 2 0
github.com/lextures/lextures/server-new/internal/httpserver/auth.go:179.3,180.60 2 0
github.com/lextures/lextures/server-new/internal/httpserver/auth.go:180.60,183.4 2 0
github.com/lextures/lextures/server-new/internal/httpserver/auth.go:184.3,184.31 1 0
github.com/lextures/lextures/server-new/internal/httpserver/auth.go:184.31,187.4 2 0
github.com/lextures/lextures/server-new/internal/httpserver/auth.go:188.3,189.141 2 0
github.com/lextures/lextures/server-new/internal/httpserver/auth.go:193.53,196.2 2 0
github.com/lextures/lextures/server-new/internal/httpserver/cors.go:7.46,8.71 1 6
github.com/lextures/lextures/server-new/internal/httpserver/cors.go:8.71,12.37 4 8
github.com/lextures/lextures/server-new/internal/httpserver/cors.go:12.37,15.4 2 2
github.com/lextures/lextures/server-new/internal/httpserver/cors.go:16.3,16.23 1 6
github.com/lextures/lextures/server-new/internal/httpserver/health.go:7.38,8.54 1 5
github.com/lextures/lextures/server-new/internal/httpserver/health.go:8.54,11.3 2 2
github.com/lextures/lextures/server-new/internal/httpserver/health.go:17.55,18.18 1 7
github.com/lextures/lextures/server-new/internal/httpserver/health.go:18.18,19.24 1 1
github.com/lextures/lextures/server-new/internal/httpserver/health.go:19.24,19.38 1 1
github.com/lextures/lextures/server-new/internal/httpserver/health.go:21.2,21.54 1 7
github.com/lextures/lextures/server-new/internal/httpserver/health.go:21.54,22.33 1 4
github.com/lextures/lextures/server-new/internal/httpserver/health.go:22.33,26.4 3 2
github.com/lextures/lextures/server-new/internal/httpserver/health.go:27.3,28.47 2 2
github.com/lextures/lextures/server-new/internal/httpserver/server.go:25.38,32.18 7 4
github.com/lextures/lextures/server-new/internal/httpserver/server.go:32.18,34.3 1 4
github.com/lextures/lextures/server-new/internal/httpserver/server.go:35.2,46.10 12 4
github.com/lextures/lextures/server-new/internal/httpserver/server.go:49.49,50.14 1 4
github.com/lextures/lextures/server-new/internal/httpserver/server.go:50.14,51.23 1 4
github.com/lextures/lextures/server-new/internal/httpserver/server.go:51.23,51.45 1 1
github.com/lextures/lextures/server-new/internal/httpserver/server.go:53.2,53.22 1 0
github.com/lextures/lextures/server-new/internal/httpserver/server.go:53.22,57.3 3 0
github.com/lextures/lextures/server-new/internal/httpserver/server.go:64.38,64.52 1 1
github.com/lextures/lextures/server-new/internal/repos/passwordreset/passwordreset.go:24.130,26.16 2 0
github.com/lextures/lextures/server-new/internal/repos/passwordreset/passwordreset.go:26.16,28.3 1 0
github.com/lextures/lextures/server-new/internal/repos/passwordreset/passwordreset.go:29.2,29.15 1 0
github.com/lextures/lextures/server-new/internal/repos/passwordreset/passwordreset.go:29.15,29.39 1 0
github.com/lextures/lextures/server-new/internal/repos/passwordreset/passwordreset.go:31.2,32.16 2 0
github.com/lextures/lextures/server-new/internal/repos/passwordreset/passwordreset.go:32.16,34.3 1 0
github.com/lextures/lextures/server-new/internal/repos/passwordreset/passwordreset.go:35.2,38.16 2 0
github.com/lextures/lextures/server-new/internal/repos/passwordreset/passwordreset.go:38.16,40.3 1 0
github.com/lextures/lextures/server-new/internal/repos/passwordreset/passwordreset.go:41.2,41.23 1 0
github.com/lextures/lextures/server-new/internal/repos/passwordreset/passwordreset.go:45.100,49.35 4 0
github.com/lextures/lextures/server-new/internal/repos/passwordreset/passwordreset.go:49.35,51.3 1 0
github.com/lextures/lextures/server-new/internal/repos/passwordreset/passwordreset.go:52.2,52.16 1 0
github.com/lextures/lextures/server-new/internal/repos/passwordreset/passwordreset.go:52.16,54.3 1 0
github.com/lextures/lextures/server-new/internal/repos/passwordreset/passwordreset.go:55.2,55.16 1 0
github.com/lextures/lextures/server-new/internal/repos/passwordreset/passwordreset.go:59.132,61.16 2 0
github.com/lextures/lextures/server-new/internal/repos/passwordreset/passwordreset.go:61.16,63.3 1 0
github.com/lextures/lextures/server-new/internal/repos/passwordreset/passwordreset.go:64.2,64.15 1 0
github.com/lextures/lextures/server-new/internal/repos/passwordreset/passwordreset.go:64.15,64.39 1 0
github.com/lextures/lextures/server-new/internal/repos/passwordreset/passwordreset.go:66.2,71.16 2 0
github.com/lextures/lextures/server-new/internal/repos/passwordreset/passwordreset.go:71.16,73.3 1 0
github.com/lextures/lextures/server-new/internal/repos/passwordreset/passwordreset.go:74.2,74.29 1 0
github.com/lextures/lextures/server-new/internal/repos/passwordreset/passwordreset.go:74.29,76.3 1 0
github.com/lextures/lextures/server-new/internal/repos/passwordreset/passwordreset.go:78.2,79.16 2 0
github.com/lextures/lextures/server-new/internal/repos/passwordreset/passwordreset.go:79.16,81.3 1 0
github.com/lextures/lextures/server-new/internal/repos/passwordreset/passwordreset.go:82.2,82.39 1 0
github.com/lextures/lextures/server-new/internal/repos/passwordreset/passwordreset.go:82.39,84.3 1 0
github.com/lextures/lextures/server-new/internal/repos/passwordreset/passwordreset.go:85.2,85.18 1 0
github.com/lextures/lextures/server-new/internal/repos/rbac/rbac.go:14.109,17.35 3 0
github.com/lextures/lextures/server-new/internal/repos/rbac/rbac.go:17.35,19.3 1 0
github.com/lextures/lextures/server-new/internal/repos/rbac/rbac.go:20.2,20.16 1 0
github.com/lextures/lextures/server-new/internal/repos/rbac/rbac.go:20.16,22.3 1 0
github.com/lextures/lextures/server-new/internal/repos/rbac/rbac.go:23.2,28.12 2 0
github.com/lextures/lextures/server-new/internal/auth/http.go:9.48,12.9 3 6
github.com/lextures/lextures/server-new/internal/auth/http.go:12.9,14.3 1 3
github.com/lextures/lextures/server-new/internal/auth/http.go:15.2,16.17 2 3
github.com/lextures/lextures/server-new/internal/auth/http.go:16.17,18.3 1 1
github.com/lextures/lextures/server-new/internal/auth/http.go:19.2,19.20 1 2
github.com/lextures/lextures/server-new/internal/auth/http.go:23.76,24.19 1 3
github.com/lextures/lextures/server-new/internal/auth/http.go:24.19,26.3 1 1
github.com/lextures/lextures/server-new/internal/auth/http.go:27.2,28.9 2 2
github.com/lextures/lextures/server-new/internal/auth/http.go:28.9,30.3 1 1
github.com/lextures/lextures/server-new/internal/auth/http.go:31.2,31.29 1 1
github.com/lextures/lextures/server-new/internal/auth/jwt.go:47.45,53.2 1 11
github.com/lextures/lextures/server-new/internal/auth/jwt.go:56.64,57.55 1 8
github.com/lextures/lextures/server-new/internal/auth/jwt.go:57.55,59.3 1 2
github.com/lextures/lextures/server-new/internal/auth/jwt.go:60.2,64.4 1 6
github.com/lextures/lextures/server-new/internal/auth/jwt.go:68.60,70.49 2 7
github.com/lextures/lextures/server-new/internal/auth/jwt.go:70.49,72.3 1 3
github.com/lextures/lextures/server-new/internal/auth/jwt.go:73.2,73.70 1 4
github.com/lextures/lextures/server-new/internal/auth/jwt.go:73.70,75.3 1 1
github.com/lextures/lextures/server-new/internal/auth/jwt.go:76.2,76.40 1 3
github.com/lextures/lextures/server-new/internal/auth/jwt.go:76.40,78.3 1 1
github.com/lextures/lextures/server-new/internal/auth/jwt.go:79.2,79.67 1 2
github.com/lextures/lextures/server-new/internal/auth/jwt.go:83.89,84.61 1 2
github.com/lextures/lextures/server-new/internal/auth/jwt.go:84.61,86.3 1 1
github.com/lextures/lextures/server-new/internal/auth/jwt.go:87.2,93.4 1 1
github.com/lextures/lextures/server-new/internal/auth/jwt.go:97.80,99.49 2 2
github.com/lextures/lextures/server-new/internal/auth/jwt.go:99.49,101.3 1 0
github.com/lextures/lextures/server-new/internal/auth/jwt.go:102.2,102.103 1 2
github.com/lextures/lextures/server-new/internal/auth/jwt.go:102.103,104.3 1 1
github.com/lextures/lextures/server-new/internal/auth/jwt.go:105.2,105.40 1 1
github.com/lextures/lextures/server-new/internal/auth/jwt.go:105.40,107.3 1 0
github.com/lextures/lextures/server-new/internal/auth/jwt.go:108.2,108.102 1 1
github.com/lextures/lextures/server-new/internal/auth/jwt.go:111.54,113.16 2 8
github.com/lextures/lextures/server-new/internal/auth/jwt.go:113.16,115.3 1 0
github.com/lextures/lextures/server-new/internal/auth/jwt.go:116.2,117.16 2 8
github.com/lextures/lextures/server-new/internal/auth/jwt.go:117.16,119.3 1 0
github.com/lextures/lextures/server-new/internal/auth/jwt.go:120.2,121.52 2 8
github.com/lextures/lextures/server-new/internal/auth/jwt.go:124.60,126.75 2 9
github.com/lextures/lextures/server-new/internal/auth/jwt.go:126.75,128.3 1 0
github.com/lextures/lextures/server-new/internal/auth/jwt.go:129.2,130.66 2 9
github.com/lextures/lextures/server-new/internal/auth/jwt.go:130.66,132.3 1 2
github.com/lextures/lextures/server-new/internal/auth/jwt.go:133.2,134.16 2 7
github.com/lextures/lextures/server-new/internal/auth/jwt.go:134.16,136.3 1 0
github.com/lextures/lextures/server-new/internal/auth/jwt.go:137.2,138.61 2 7
github.com/lextures/lextures/server-new/internal/auth/jwt.go:138.61,140.3 1 0
github.com/lextures/lextures/server-new/internal/auth/jwt.go:141.2,141.33 1 7
github.com/lextures/lextures/server-new/internal/auth/jwt.go:141.33,143.3 1 1
github.com/lextures/lextures/server-new/internal/auth/jwt.go:144.2,145.16 2 6
github.com/lextures/lextures/server-new/internal/auth/jwt.go:145.16,147.3 1 0
github.com/lextures/lextures/server-new/internal/auth/jwt.go:148.2,148.56 1 6
github.com/lextures/lextures/server-new/internal/auth/jwt.go:148.56,150.3 1 0
github.com/lextures/lextures/server-new/internal/auth/jwt.go:151.2,151.12 1 6
github.com/lextures/lextures/server-new/internal/auth/jwt.go:154.55,158.2 3 18
github.com/lextures/lextures/server-new/internal/auth/jwt.go:179.37,181.2 1 12
github.com/lextures/lextures/server-new/internal/auth/jwt.go:183.47,185.2 1 4
github.com/lextures/lextures/server-new/internal/auth/jwt.go:187.28,188.18 1 21
github.com/lextures/lextures/server-new/internal/auth/jwt.go:188.18,190.3 1 3
github.com/lextures/lextures/server-new/internal/auth/jwt.go:191.2,191.22 1 18
github.com/lextures/lextures/server-new/internal/auth/jwt.go:191.22,192.12 1 648
github.com/lextures/lextures/server-new/internal/auth/jwt.go:193.22,194.16 1 72
github.com/lextures/lextures/server-new/internal/auth/jwt.go:194.16,196.5 1 0
github.com/lextures/lextures/server-new/internal/auth/jwt.go:197.11,198.58 1 576
github.com/lextures/lextures/server-new/internal/auth/jwt.go:198.58,200.5 1 0
github.com/lextures/lextures/server-new/internal/auth/jwt.go:203.2,203.13 1 18
github.com/lextures/lextures/server-new/internal/auth/password.go:18.49,20.2 1 1
github.com/lextures/lextures/server-new/internal/auth/password.go:23.57,24.18 1 3
github.com/lextures/lextures/server-new/internal/auth/password.go:24.18,26.3 1 0
github.com/lextures/lextures/server-new/internal/auth/password.go:27.2,27.55 1 3
github.com/lextures/lextures/server-new/internal/repos/user/user.go:27.40,28.15 1 0
github.com/lextures/lextures/server-new/internal/repos/user/user.go:28.15,30.3 1 0
github.com/lextures/lextures/server-new/internal/repos/user/user.go:31.2,32.11 2 0
github.com/lextures/lextures/server-new/internal/repos/user/user.go:36.87,44.16 5 0
github.com/lextures/lextures/server-new/internal/repos/user/user.go:44.16,45.36 1 0
github.com/lextures/lextures/server-new/internal/repos/user/user.go:45.36,47.4 1 0
github.com/lextures/lextures/server-new/internal/repos/user/user.go:48.3,48.18 1 0
github.com/lextures/lextures/server-new/internal/repos/user/user.go:50.2,55.16 6 0
github.com/lextures/lextures/server-new/internal/repos/user/user.go:59.121,68.16 5 0
github.com/lextures/lextures/server-new/internal/repos/user/user.go:68.16,70.3 1 0
github.com/lextures/lextures/server-new/internal/repos/user/user.go:71.2,76.16 6 0
github.com/lextures/lextures/server-new/internal/repos/user/user.go:80.38,82.2 1 1
github.com/lextures/lextures/server-new/internal/repos/rbac/rbac.go:14.109,17.35 3 0
github.com/lextures/lextures/server-new/internal/repos/rbac/rbac.go:17.35,19.3 1 0
github.com/lextures/lextures/server-new/internal/repos/rbac/rbac.go:20.2,20.16 1 0
github.com/lextures/lextures/server-new/internal/repos/rbac/rbac.go:20.16,22.3 1 0
github.com/lextures/lextures/server-new/internal/repos/rbac/rbac.go:23.2,28.12 2 0
github.com/lextures/lextures/server-new/internal/repos/passwordreset/passwordreset.go:24.130,26.16 2 0
github.com/lextures/lextures/server-new/internal/repos/passwordreset/passwordreset.go:26.16,28.3 1 0
github.com/lextures/lextures/server-new/internal/repos/passwordreset/passwordreset.go:29.2,29.15 1 0
github.com/lextures/lextures/server-new/internal/repos/passwordreset/passwordreset.go:29.15,29.39 1 0
github.com/lextures/lextures/server-new/internal/repos/passwordreset/passwordreset.go:31.2,32.16 2 0
github.com/lextures/lextures/server-new/internal/repos/passwordreset/passwordreset.go:32.16,34.3 1 0
github.com/lextures/lextures/server-new/internal/repos/passwordreset/passwordreset.go:35.2,38.16 2 0
github.com/lextures/lextures/server-new/internal/repos/passwordreset/passwordreset.go:38.16,40.3 1 0
github.com/lextures/lextures/server-new/internal/repos/passwordreset/passwordreset.go:41.2,41.23 1 0
github.com/lextures/lextures/server-new/internal/repos/passwordreset/passwordreset.go:45.100,49.35 4 0
github.com/lextures/lextures/server-new/internal/repos/passwordreset/passwordreset.go:49.35,51.3 1 0
github.com/lextures/lextures/server-new/internal/repos/passwordreset/passwordreset.go:52.2,52.16 1 0
github.com/lextures/lextures/server-new/internal/repos/passwordreset/passwordreset.go:52.16,54.3 1 0
github.com/lextures/lextures/server-new/internal/repos/passwordreset/passwordreset.go:55.2,55.16 1 0
github.com/lextures/lextures/server-new/internal/repos/passwordreset/passwordreset.go:59.132,61.16 2 0
github.com/lextures/lextures/server-new/internal/repos/passwordreset/passwordreset.go:61.16,63.3 1 0
github.com/lextures/lextures/server-new/internal/repos/passwordreset/passwordreset.go:64.2,64.15 1 0
github.com/lextures/lextures/server-new/internal/repos/passwordreset/passwordreset.go:64.15,64.39 1 0
github.com/lextures/lextures/server-new/internal/repos/passwordreset/passwordreset.go:66.2,71.16 2 0
github.com/lextures/lextures/server-new/internal/repos/passwordreset/passwordreset.go:71.16,73.3 1 0
github.com/lextures/lextures/server-new/internal/repos/passwordreset/passwordreset.go:74.2,74.29 1 0
github.com/lextures/lextures/server-new/internal/repos/passwordreset/passwordreset.go:74.29,76.3 1 0
github.com/lextures/lextures/server-new/internal/repos/passwordreset/passwordreset.go:78.2,79.16 2 0
github.com/lextures/lextures/server-new/internal/repos/passwordreset/passwordreset.go:79.16,81.3 1 0
github.com/lextures/lextures/server-new/internal/repos/passwordreset/passwordreset.go:82.2,82.39 1 0
github.com/lextures/lextures/server-new/internal/repos/passwordreset/passwordreset.go:82.39,84.3 1 0
github.com/lextures/lextures/server-new/internal/repos/passwordreset/passwordreset.go:85.2,85.18 1 0
github.com/lextures/lextures/server-new/internal/repos/communication/welcome.go:17.89,24.104 3 0
github.com/lextures/lextures/server-new/internal/repos/communication/welcome.go:24.104,27.3 2 0
github.com/lextures/lextures/server-new/internal/repos/communication/welcome.go:30.38,33.19 3 2
github.com/lextures/lextures/server-new/internal/repos/communication/welcome.go:33.19,35.3 1 1
github.com/lextures/lextures/server-new/internal/repos/communication/welcome.go:36.2,36.32 1 1
github.com/lextures/lextures/server-new/internal/repos/communication/welcome.go:40.117,42.16 2 0
github.com/lextures/lextures/server-new/internal/repos/communication/welcome.go:42.16,44.3 1 0
github.com/lextures/lextures/server-new/internal/repos/communication/welcome.go:45.2,45.16 1 0
github.com/lextures/lextures/server-new/internal/repos/communication/welcome.go:45.16,47.3 1 0
github.com/lextures/lextures/server-new/internal/repos/communication/welcome.go:48.2,52.16 4 0
github.com/lextures/lextures/server-new/internal/repos/communication/welcome.go:52.16,54.3 1 0
github.com/lextures/lextures/server-new/internal/repos/communication/welcome.go:55.2,55.15 1 0
github.com/lextures/lextures/server-new/internal/repos/communication/welcome.go:55.15,55.39 1 0
github.com/lextures/lextures/server-new/internal/repos/communication/welcome.go:57.2,64.16 3 0
github.com/lextures/lextures/server-new/internal/repos/communication/welcome.go:64.16,66.3 1 0
github.com/lextures/lextures/server-new/internal/repos/communication/welcome.go:68.2,68.46 1 0
github.com/lextures/lextures/server-new/internal/repos/communication/welcome.go:68.46,74.3 1 0
github.com/lextures/lextures/server-new/internal/repos/communication/welcome.go:74.8,80.17 2 0
github.com/lextures/lextures/server-new/internal/repos/communication/welcome.go:80.17,82.4 1 0
github.com/lextures/lextures/server-new/internal/repos/communication/welcome.go:83.3,87.27 1 0
github.com/lextures/lextures/server-new/internal/repos/communication/welcome.go:89.2,89.16 1 0
github.com/lextures/lextures/server-new/internal/repos/communication/welcome.go:89.16,91.3 1 0
github.com/lextures/lextures/server-new/internal/repos/communication/welcome.go:92.2,92.39 1 0
github.com/lextures/lextures/server-new/internal/repos/communication/welcome.go:92.39,94.3 1 0
github.com/lextures/lextures/server-new/internal/repos/communication/welcome.go:95.2,95.24 1 0
github.com/lextures/lextures/server-new/internal/repos/passwordreset/passwordreset.go:24.130,26.16 2 0
github.com/lextures/lextures/server-new/internal/repos/passwordreset/passwordreset.go:26.16,28.3 1 0
github.com/lextures/lextures/server-new/internal/repos/passwordreset/passwordreset.go:29.2,29.15 1 0
github.com/lextures/lextures/server-new/internal/repos/passwordreset/passwordreset.go:29.15,29.39 1 0
github.com/lextures/lextures/server-new/internal/repos/passwordreset/passwordreset.go:31.2,32.16 2 0
github.com/lextures/lextures/server-new/internal/repos/passwordreset/passwordreset.go:32.16,34.3 1 0
github.com/lextures/lextures/server-new/internal/repos/passwordreset/passwordreset.go:35.2,38.16 2 0
github.com/lextures/lextures/server-new/internal/repos/passwordreset/passwordreset.go:38.16,40.3 1 0
github.com/lextures/lextures/server-new/internal/repos/passwordreset/passwordreset.go:41.2,41.23 1 0
github.com/lextures/lextures/server-new/internal/repos/passwordreset/passwordreset.go:45.100,49.35 4 0
github.com/lextures/lextures/server-new/internal/repos/passwordreset/passwordreset.go:49.35,51.3 1 0
github.com/lextures/lextures/server-new/internal/repos/passwordreset/passwordreset.go:52.2,52.16 1 0
github.com/lextures/lextures/server-new/internal/repos/passwordreset/passwordreset.go:52.16,54.3 1 0
github.com/lextures/lextures/server-new/internal/repos/passwordreset/passwordreset.go:55.2,55.16 1 0
github.com/lextures/lextures/server-new/internal/repos/passwordreset/passwordreset.go:59.132,61.16 2 0
github.com/lextures/lextures/server-new/internal/repos/passwordreset/passwordreset.go:61.16,63.3 1 0
github.com/lextures/lextures/server-new/internal/repos/passwordreset/passwordreset.go:64.2,64.15 1 0
github.com/lextures/lextures/server-new/internal/repos/passwordreset/passwordreset.go:64.15,64.39 1 0
github.com/lextures/lextures/server-new/internal/repos/passwordreset/passwordreset.go:66.2,71.16 2 0
github.com/lextures/lextures/server-new/internal/repos/passwordreset/passwordreset.go:71.16,73.3 1 0
github.com/lextures/lextures/server-new/internal/repos/passwordreset/passwordreset.go:74.2,74.29 1 0
github.com/lextures/lextures/server-new/internal/repos/passwordreset/passwordreset.go:74.29,76.3 1 0
github.com/lextures/lextures/server-new/internal/repos/passwordreset/passwordreset.go:78.2,79.16 2 0
github.com/lextures/lextures/server-new/internal/repos/passwordreset/passwordreset.go:79.16,81.3 1 0
github.com/lextures/lextures/server-new/internal/repos/passwordreset/passwordreset.go:82.2,82.39 1 0
github.com/lextures/lextures/server-new/internal/repos/passwordreset/passwordreset.go:82.39,84.3 1 0
github.com/lextures/lextures/server-new/internal/repos/passwordreset/passwordreset.go:85.2,85.18 1 0
github.com/lextures/lextures/server-new/internal/repos/rbac/rbac.go:14.109,17.35 3 0
github.com/lextures/lextures/server-new/internal/repos/rbac/rbac.go:17.35,19.3 1 0
github.com/lextures/lextures/server-new/internal/repos/rbac/rbac.go:20.2,20.16 1 0
github.com/lextures/lextures/server-new/internal/repos/rbac/rbac.go:20.16,22.3 1 0
github.com/lextures/lextures/server-new/internal/repos/rbac/rbac.go:23.2,28.12 2 0
github.com/lextures/lextures/server-new/internal/service/authservice/credentials.go:87.36,87.56 1 1
github.com/lextures/lextures/server-new/internal/service/authservice/credentials.go:90.115,91.44 1 0
github.com/lextures/lextures/server-new/internal/service/authservice/credentials.go:91.44,93.3 1 0
github.com/lextures/lextures/server-new/internal/service/authservice/credentials.go:94.2,96.16 3 0
github.com/lextures/lextures/server-new/internal/service/authservice/credentials.go:96.16,98.3 1 0
github.com/lextures/lextures/server-new/internal/service/authservice/credentials.go:99.2,99.16 1 0
github.com/lextures/lextures/server-new/internal/service/authservice/credentials.go:99.16,101.3 1 0
github.com/lextures/lextures/server-new/internal/service/authservice/credentials.go:102.2,103.23 2 0
github.com/lextures/lextures/server-new/internal/service/authservice/credentials.go:103.23,105.3 1 0
github.com/lextures/lextures/server-new/internal/service/authservice/credentials.go:106.2,106.34 1 0
github.com/lextures/lextures/server-new/internal/service/authservice/credentials.go:110.117,111.45 1 0
github.com/lextures/lextures/server-new/internal/service/authservice/credentials.go:111.45,113.3 1 0
github.com/lextures/lextures/server-new/internal/service/authservice/credentials.go:114.2,116.16 3 0
github.com/lextures/lextures/server-new/internal/service/authservice/credentials.go:116.16,118.3 1 0
github.com/lextures/lextures/server-new/internal/service/authservice/credentials.go:119.2,122.16 3 0
github.com/lextures/lextures/server-new/internal/service/authservice/credentials.go:122.16,124.48 2 0
github.com/lextures/lextures/server-new/internal/service/authservice/credentials.go:124.48,126.4 1 0
github.com/lextures/lextures/server-new/internal/service/authservice/credentials.go:127.3,127.29 1 0
github.com/lextures/lextures/server-new/internal/service/authservice/credentials.go:129.2,130.16 2 0
github.com/lextures/lextures/server-new/internal/service/authservice/credentials.go:130.16,132.3 1 0
github.com/lextures/lextures/server-new/internal/service/authservice/credentials.go:133.2,133.77 1 0
github.com/lextures/lextures/server-new/internal/service/authservice/credentials.go:133.77,135.3 1 0
github.com/lextures/lextures/server-new/internal/service/authservice/credentials.go:136.2,137.34 2 0
github.com/lextures/lextures/server-new/internal/service/authservice/credentials.go:141.133,143.47 2 0
github.com/lextures/lextures/server-new/internal/service/authservice/credentials.go:143.47,145.3 1 0
github.com/lextures/lextures/server-new/internal/service/authservice/credentials.go:146.2,147.16 2 0
github.com/lextures/lextures/server-new/internal/service/authservice/credentials.go:147.16,149.3 1 0
github.com/lextures/lextures/server-new/internal/service/authservice/credentials.go:150.2,150.16 1 0
github.com/lextures/lextures/server-new/internal/service/authservice/credentials.go:150.16,152.3 1 0
github.com/lextures/lextures/server-new/internal/service/authservice/credentials.go:153.2,154.42 2 0
github.com/lextures/lextures/server-new/internal/service/authservice/credentials.go:154.42,156.3 1 0
github.com/lextures/lextures/server-new/internal/service/authservice/credentials.go:157.2,161.16 5 0
github.com/lextures/lextures/server-new/internal/service/authservice/credentials.go:161.16,163.3 1 0
github.com/lextures/lextures/server-new/internal/service/authservice/credentials.go:164.2,164.85 1 0
github.com/lextures/lextures/server-new/internal/service/authservice/credentials.go:164.85,166.3 1 0
github.com/lextures/lextures/server-new/internal/service/authservice/credentials.go:167.2,169.78 3 0
github.com/lextures/lextures/server-new/internal/service/authservice/credentials.go:169.78,171.3 1 0
github.com/lextures/lextures/server-new/internal/service/authservice/credentials.go:172.2,172.25 1 0
github.com/lextures/lextures/server-new/internal/service/authservice/credentials.go:176.118,178.15 2 0
github.com/lextures/lextures/server-new/internal/service/authservice/credentials.go:178.15,180.3 1 0
github.com/lextures/lextures/server-new/internal/service/authservice/credentials.go:181.2,181.27 1 0
github.com/lextures/lextures/server-new/internal/service/authservice/credentials.go:181.27,183.3 1 0
github.com/lextures/lextures/server-new/internal/service/authservice/credentials.go:184.2,186.16 3 0
github.com/lextures/lextures/server-new/internal/service/authservice/credentials.go:186.16,188.3 1 0
github.com/lextures/lextures/server-new/internal/service/authservice/credentials.go:189.2,189.16 1 0
github.com/lextures/lextures/server-new/internal/service/authservice/credentials.go:189.16,191.3 1 0
github.com/lextures/lextures/server-new/internal/service/authservice/credentials.go:192.2,192.23 1 0
github.com/lextures/lextures/server-new/internal/service/authservice/credentials.go:192.23,194.3 1 0
github.com/lextures/lextures/server-new/internal/service/authservice/credentials.go:195.2,195.43 1 0
github.com/lextures/lextures/server-new/internal/service/authservice/credentials.go:195.43,197.3 1 0
github.com/lextures/lextures/server-new/internal/service/authservice/credentials.go:198.2,199.16 2 0
github.com/lextures/lextures/server-new/internal/service/authservice/credentials.go:199.16,201.3 1 0
github.com/lextures/lextures/server-new/internal/service/authservice/credentials.go:202.2,203.16 2 0
github.com/lextures/lextures/server-new/internal/service/authservice/credentials.go:203.16,205.3 1 0
github.com/lextures/lextures/server-new/internal/service/authservice/credentials.go:206.2,207.16 2 0
github.com/lextures/lextures/server-new/internal/service/authservice/credentials.go:207.16,209.3 1 0
github.com/lextures/lextures/server-new/internal/service/authservice/credentials.go:210.2,211.16 2 0
github.com/lextures/lextures/server-new/internal/service/authservice/credentials.go:211.16,213.3 1 0
github.com/lextures/lextures/server-new/internal/service/authservice/credentials.go:214.2,214.9 1 0
github.com/lextures/lextures/server-new/internal/service/authservice/credentials.go:214.9,216.3 1 0
github.com/lextures/lextures/server-new/internal/service/authservice/credentials.go:217.2,217.100 1 0
github.com/lextures/lextures/server-new/internal/service/authservice/credentials.go:224.61,226.25 2 5
github.com/lextures/lextures/server-new/internal/service/authservice/credentials.go:226.25,228.3 1 1
github.com/lextures/lextures/server-new/internal/service/authservice/credentials.go:229.2,229.43 1 4
github.com/lextures/lextures/server-new/internal/service/authservice/credentials.go:229.43,231.3 1 1
github.com/lextures/lextures/server-new/internal/service/authservice/credentials.go:232.2,232.35 1 3
github.com/lextures/lextures/server-new/internal/service/authservice/credentials.go:232.35,234.3 1 1
github.com/lextures/lextures/server-new/internal/service/authservice/credentials.go:235.2,235.42 1 2
github.com/lextures/lextures/server-new/internal/service/authservice/credentials.go:235.42,237.3 1 1
github.com/lextures/lextures/server-new/internal/service/authservice/credentials.go:238.2,238.85 1 1
github.com/lextures/lextures/server-new/internal/service/authservice/credentials.go:241.41,245.2 1 1
github.com/lextures/lextures/server-new/internal/service/authservice/credentials.go:247.81,249.16 2 0
github.com/lextures/lextures/server-new/internal/service/authservice/credentials.go:249.16,251.3 1 0
github.com/lextures/lextures/server-new/internal/service/authservice/credentials.go:252.2,256.8 1 0
github.com/lextures/lextures/server-new/internal/service/authservice/credentials.go:259.50,270.2 1 0
github.com/lextures/lextures/server-new/internal/service/authservice/credentials.go:272.47,274.59 2 3
github.com/lextures/lextures/server-new/internal/service/authservice/credentials.go:274.59,276.3 1 1
github.com/lextures/lextures/server-new/internal/service/authservice/credentials.go:277.2,277.27 1 2
github.com/lextures/lextures/server-new/internal/service/authservice/credentials.go:277.27,279.3 1 1
github.com/lextures/lextures/server-new/internal/service/authservice/credentials.go:280.2,280.12 1 1
github.com/lextures/lextures/server-new/internal/service/authservice/credentials.go:283.45,284.62 1 1
github.com/lextures/lextures/server-new/internal/service/authservice/credentials.go:284.62,286.3 1 1
github.com/lextures/lextures/server-new/internal/service/authservice/credentials.go:287.2,287.12 1 0
github.com/lextures/lextures/server-new/internal/service/authservice/credentials.go:290.39,291.14 1 3
github.com/lextures/lextures/server-new/internal/service/authservice/credentials.go:291.14,293.3 1 1
github.com/lextures/lextures/server-new/internal/service/authservice/credentials.go:294.2,295.13 2 2
github.com/lextures/lextures/server-new/internal/service/authservice/credentials.go:295.13,297.3 1 1
github.com/lextures/lextures/server-new/internal/service/authservice/credentials.go:298.2,298.11 1 1
github.com/lextures/lextures/server-new/internal/service/authservice/credentials.go:301.32,303.2 1 5
