mode: atomic
github.com/lextures/lextures/server-new/internal/apierr/apierr.go:36.73,40.2 3 2
github.com/lextures/lextures/server-new/internal/apierr/apierr.go:42.38,47.2 4 2
github.com/lextures/lextures/server-new/internal/app/app.go:27.49,29.39 2 1
github.com/lextures/lextures/server-new/internal/app/app.go:29.39,31.3 1 1
github.com/lextures/lextures/server-new/internal/app/app.go:32.2,33.16 2 0
github.com/lextures/lextures/server-new/internal/app/app.go:33.16,35.3 1 0
github.com/lextures/lextures/server-new/internal/app/app.go:36.2,37.23 2 0
github.com/lextures/lextures/server-new/internal/app/app.go:37.23,38.71 1 0
github.com/lextures/lextures/server-new/internal/app/app.go:38.71,40.4 1 0
github.com/lextures/lextures/server-new/internal/app/app.go:42.2,53.59 4 0
github.com/lextures/lextures/server-new/internal/app/app.go:53.59,55.3 1 0
github.com/lextures/lextures/server-new/internal/app/app.go:56.2,62.12 4 0
github.com/lextures/lextures/server-new/internal/app/app.go:62.12,62.45 1 0
github.com/lextures/lextures/server-new/internal/app/app.go:63.2,63.9 1 0
github.com/lextures/lextures/server-new/internal/app/app.go:64.20,69.13 5 0
github.com/lextures/lextures/server-new/internal/app/app.go:70.22,71.48 1 0
github.com/lextures/lextures/server-new/internal/app/app.go:71.48,73.4 1 0
github.com/lextures/lextures/server-new/internal/app/app.go:74.3,74.13 1 0
github.com/lextures/lextures/server-new/internal/authz/authz.go:7.55,10.42 3 6
github.com/lextures/lextures/server-new/internal/authz/authz.go:10.42,12.3 1 0
github.com/lextures/lextures/server-new/internal/authz/authz.go:13.2,13.25 1 6
github.com/lextures/lextures/server-new/internal/authz/authz.go:13.25,14.44 1 21
github.com/lextures/lextures/server-new/internal/authz/authz.go:14.44,16.4 1 2
github.com/lextures/lextures/server-new/internal/authz/authz.go:18.2,18.13 1 4
github.com/lextures/lextures/server-new/internal/authz/authz.go:21.39,23.2 1 21
github.com/lextures/lextures/server-new/internal/authz/authz.go:26.59,27.27 1 1
github.com/lextures/lextures/server-new/internal/authz/authz.go:27.27,28.37 1 2
github.com/lextures/lextures/server-new/internal/authz/authz.go:28.37,30.4 1 1
github.com/lextures/lextures/server-new/internal/authz/authz.go:32.2,32.14 1 0
github.com/lextures/lextures/server-new/internal/browsersaml/acs.go:31.42,31.58 1 0
github.com/lextures/lextures/server-new/internal/browsersaml/acs.go:34.80,35.32 1 0
github.com/lextures/lextures/server-new/internal/browsersaml/acs.go:35.32,39.3 3 0
github.com/lextures/lextures/server-new/internal/browsersaml/acs.go:40.2,41.16 2 0
github.com/lextures/lextures/server-new/internal/browsersaml/acs.go:41.16,44.3 2 0
github.com/lextures/lextures/server-new/internal/browsersaml/acs.go:45.2,47.19 3 0
github.com/lextures/lextures/server-new/internal/browsersaml/acs.go:51.132,52.32 1 0
github.com/lextures/lextures/server-new/internal/browsersaml/acs.go:52.32,54.3 1 0
github.com/lextures/lextures/server-new/internal/browsersaml/acs.go:55.2,56.18 2 0
github.com/lextures/lextures/server-new/internal/browsersaml/acs.go:56.18,58.3 1 0
github.com/lextures/lextures/server-new/internal/browsersaml/acs.go:59.2,60.16 2 0
github.com/lextures/lextures/server-new/internal/browsersaml/acs.go:60.16,62.3 1 0
github.com/lextures/lextures/server-new/internal/browsersaml/acs.go:63.2,64.16 2 0
github.com/lextures/lextures/server-new/internal/browsersaml/acs.go:64.16,66.3 1 0
github.com/lextures/lextures/server-new/internal/browsersaml/acs.go:67.2,67.16 1 0
github.com/lextures/lextures/server-new/internal/browsersaml/acs.go:67.16,69.3 1 0
github.com/lextures/lextures/server-new/internal/browsersaml/acs.go:70.2,71.16 2 0
github.com/lextures/lextures/server-new/internal/browsersaml/acs.go:71.16,73.3 1 0
github.com/lextures/lextures/server-new/internal/browsersaml/acs.go:74.2,75.16 2 0
github.com/lextures/lextures/server-new/internal/browsersaml/acs.go:75.16,77.3 1 0
github.com/lextures/lextures/server-new/internal/browsersaml/acs.go:78.2,79.16 2 0
github.com/lextures/lextures/server-new/internal/browsersaml/acs.go:79.16,81.3 1 0
github.com/lextures/lextures/server-new/internal/browsersaml/acs.go:82.2,85.17 4 0
github.com/lextures/lextures/server-new/internal/browsersaml/acs.go:85.17,87.3 1 0
github.com/lextures/lextures/server-new/internal/browsersaml/acs.go:88.2,92.16 4 0
github.com/lextures/lextures/server-new/internal/browsersaml/acs.go:92.16,94.3 1 0
github.com/lextures/lextures/server-new/internal/browsersaml/acs.go:95.2,96.85 2 0
github.com/lextures/lextures/server-new/internal/browsersaml/acs.go:96.85,98.3 1 0
github.com/lextures/lextures/server-new/internal/browsersaml/acs.go:99.2,100.16 2 0
github.com/lextures/lextures/server-new/internal/browsersaml/acs.go:100.16,102.3 1 0
github.com/lextures/lextures/server-new/internal/browsersaml/acs.go:103.2,104.12 2 0
github.com/lextures/lextures/server-new/internal/browsersaml/acs.go:108.170,109.33 1 0
github.com/lextures/lextures/server-new/internal/browsersaml/acs.go:109.33,111.3 1 0
github.com/lextures/lextures/server-new/internal/browsersaml/acs.go:112.2,112.38 1 0
github.com/lextures/lextures/server-new/internal/browsersaml/acs.go:112.38,114.3 1 0
github.com/lextures/lextures/server-new/internal/browsersaml/acs.go:115.2,116.38 2 0
github.com/lextures/lextures/server-new/internal/browsersaml/acs.go:116.38,118.3 1 0
github.com/lextures/lextures/server-new/internal/browsersaml/acs.go:119.2,120.16 2 0
github.com/lextures/lextures/server-new/internal/browsersaml/acs.go:120.16,122.3 1 0
github.com/lextures/lextures/server-new/internal/browsersaml/acs.go:123.2,124.16 2 0
github.com/lextures/lextures/server-new/internal/browsersaml/acs.go:124.16,126.3 1 0
github.com/lextures/lextures/server-new/internal/browsersaml/acs.go:127.2,134.30 7 0
github.com/lextures/lextures/server-new/internal/browsersaml/acs.go:134.30,136.17 2 0
github.com/lextures/lextures/server-new/internal/browsersaml/acs.go:136.17,138.4 1 0
github.com/lextures/lextures/server-new/internal/browsersaml/acs.go:139.3,139.10 1 0
github.com/lextures/lextures/server-new/internal/browsersaml/acs.go:139.10,141.4 1 0
github.com/lextures/lextures/server-new/internal/browsersaml/acs.go:142.3,144.28 3 0
github.com/lextures/lextures/server-new/internal/browsersaml/acs.go:145.8,147.17 2 0
github.com/lextures/lextures/server-new/internal/browsersaml/acs.go:147.17,149.4 1 0
github.com/lextures/lextures/server-new/internal/browsersaml/acs.go:150.3,150.17 1 0
github.com/lextures/lextures/server-new/internal/browsersaml/acs.go:150.17,152.4 1 0
github.com/lextures/lextures/server-new/internal/browsersaml/acs.go:153.3,155.17 3 0
github.com/lextures/lextures/server-new/internal/browsersaml/acs.go:158.2,159.16 2 0
github.com/lextures/lextures/server-new/internal/browsersaml/acs.go:159.16,161.3 1 0
github.com/lextures/lextures/server-new/internal/browsersaml/acs.go:162.2,162.19 1 0
github.com/lextures/lextures/server-new/internal/browsersaml/acs.go:162.19,164.3 1 0
github.com/lextures/lextures/server-new/internal/browsersaml/acs.go:165.2,166.16 2 0
github.com/lextures/lextures/server-new/internal/browsersaml/acs.go:166.16,168.3 1 0
github.com/lextures/lextures/server-new/internal/browsersaml/acs.go:169.2,170.16 2 0
github.com/lextures/lextures/server-new/internal/browsersaml/acs.go:170.16,172.3 1 0
github.com/lextures/lextures/server-new/internal/browsersaml/acs.go:173.2,174.16 2 0
github.com/lextures/lextures/server-new/internal/browsersaml/acs.go:174.16,176.3 1 0
github.com/lextures/lextures/server-new/internal/browsersaml/acs.go:177.2,180.16 3 0
github.com/lextures/lextures/server-new/internal/browsersaml/acs.go:180.16,182.3 1 0
github.com/lextures/lextures/server-new/internal/browsersaml/acs.go:184.2,185.16 2 0
github.com/lextures/lextures/server-new/internal/browsersaml/acs.go:185.16,187.3 1 0
github.com/lextures/lextures/server-new/internal/browsersaml/acs.go:188.2,188.50 1 0
github.com/lextures/lextures/server-new/internal/browsersaml/acs.go:188.50,190.3 1 0
github.com/lextures/lextures/server-new/internal/browsersaml/acs.go:192.2,193.30 2 0
github.com/lextures/lextures/server-new/internal/browsersaml/acs.go:193.30,195.3 1 0
github.com/lextures/lextures/server-new/internal/browsersaml/acs.go:195.8,195.43 1 0
github.com/lextures/lextures/server-new/internal/browsersaml/acs.go:195.43,197.3 1 0
github.com/lextures/lextures/server-new/internal/browsersaml/acs.go:198.2,199.16 2 0
github.com/lextures/lextures/server-new/internal/browsersaml/acs.go:199.16,201.3 1 0
github.com/lextures/lextures/server-new/internal/browsersaml/acs.go:202.2,202.15 1 0
github.com/lextures/lextures/server-new/internal/browsersaml/acs.go:202.15,204.3 1 0
github.com/lextures/lextures/server-new/internal/browsersaml/acs.go:206.2,207.16 2 0
github.com/lextures/lextures/server-new/internal/browsersaml/acs.go:207.16,209.3 1 0
github.com/lextures/lextures/server-new/internal/browsersaml/acs.go:210.2,212.17 3 0
github.com/lextures/lextures/server-new/internal/browsersaml/acs.go:212.17,215.17 3 0
github.com/lextures/lextures/server-new/internal/browsersaml/acs.go:215.17,217.4 1 0
github.com/lextures/lextures/server-new/internal/browsersaml/acs.go:218.3,220.17 3 0
github.com/lextures/lextures/server-new/internal/browsersaml/acs.go:220.17,222.4 1 0
github.com/lextures/lextures/server-new/internal/browsersaml/acs.go:223.3,224.17 2 0
github.com/lextures/lextures/server-new/internal/browsersaml/acs.go:224.17,226.4 1 0
github.com/lextures/lextures/server-new/internal/browsersaml/acs.go:227.8,229.17 2 0
github.com/lextures/lextures/server-new/internal/browsersaml/acs.go:229.17,231.4 1 0
github.com/lextures/lextures/server-new/internal/browsersaml/acs.go:232.3,232.34 1 0
github.com/lextures/lextures/server-new/internal/browsersaml/acs.go:232.34,234.4 1 0
github.com/lextures/lextures/server-new/internal/browsersaml/acs.go:237.2,237.13 1 0
github.com/lextures/lextures/server-new/internal/browsersaml/acs.go:237.13,239.51 2 0
github.com/lextures/lextures/server-new/internal/browsersaml/acs.go:239.51,241.4 1 0
github.com/lextures/lextures/server-new/internal/browsersaml/acs.go:242.3,242.54 1 0
github.com/lextures/lextures/server-new/internal/browsersaml/acs.go:245.2,246.16 2 0
github.com/lextures/lextures/server-new/internal/browsersaml/acs.go:246.16,248.3 1 0
github.com/lextures/lextures/server-new/internal/browsersaml/acs.go:250.2,253.100 4 0
github.com/lextures/lextures/server-new/internal/browsersaml/acs.go:253.100,255.3 1 0
github.com/lextures/lextures/server-new/internal/browsersaml/acs.go:256.2,265.12 5 0
github.com/lextures/lextures/server-new/internal/browsersaml/acs.go:268.52,269.33 1 0
github.com/lextures/lextures/server-new/internal/browsersaml/acs.go:269.33,271.3 1 0
github.com/lextures/lextures/server-new/internal/browsersaml/acs.go:272.2,272.33 1 0
github.com/lextures/lextures/server-new/internal/browsersaml/acs.go:272.33,274.25 2 0
github.com/lextures/lextures/server-new/internal/browsersaml/acs.go:274.25,276.4 1 0
github.com/lextures/lextures/server-new/internal/browsersaml/acs.go:277.3,277.14 1 0
github.com/lextures/lextures/server-new/internal/browsersaml/acs.go:277.14,280.4 2 0
github.com/lextures/lextures/server-new/internal/browsersaml/acs.go:281.3,281.14 1 0
github.com/lextures/lextures/server-new/internal/browsersaml/acs.go:281.14,284.4 2 0
github.com/lextures/lextures/server-new/internal/browsersaml/acs.go:285.3,286.12 2 0
github.com/lextures/lextures/server-new/internal/browsersaml/acs.go:288.2,288.18 1 0
github.com/lextures/lextures/server-new/internal/browsersaml/acs.go:288.18,290.14 2 0
github.com/lextures/lextures/server-new/internal/browsersaml/acs.go:290.14,292.4 1 0
github.com/lextures/lextures/server-new/internal/browsersaml/acs.go:293.3,293.12 1 0
github.com/lextures/lextures/server-new/internal/browsersaml/acs.go:295.2,296.13 2 0
github.com/lextures/lextures/server-new/internal/browsersaml/acs.go:296.13,298.3 1 0
github.com/lextures/lextures/server-new/internal/browsersaml/acs.go:299.2,299.11 1 0
github.com/lextures/lextures/server-new/internal/browsersaml/acs.go:302.80,306.34 4 0
github.com/lextures/lextures/server-new/internal/browsersaml/acs.go:306.34,307.30 1 0
github.com/lextures/lextures/server-new/internal/browsersaml/acs.go:307.30,309.4 1 0
github.com/lextures/lextures/server-new/internal/browsersaml/acs.go:311.2,311.45 1 0
github.com/lextures/lextures/server-new/internal/browsersaml/acs.go:311.45,312.39 1 0
github.com/lextures/lextures/server-new/internal/browsersaml/acs.go:312.39,314.30 2 0
github.com/lextures/lextures/server-new/internal/browsersaml/acs.go:314.30,316.5 1 0
github.com/lextures/lextures/server-new/internal/browsersaml/acs.go:317.4,317.30 1 0
github.com/lextures/lextures/server-new/internal/browsersaml/acs.go:317.30,318.13 1 0
github.com/lextures/lextures/server-new/internal/browsersaml/acs.go:320.4,320.56 1 0
github.com/lextures/lextures/server-new/internal/browsersaml/acs.go:320.56,321.13 1 0
github.com/lextures/lextures/server-new/internal/browsersaml/acs.go:323.4,323.33 1 0
github.com/lextures/lextures/server-new/internal/browsersaml/acs.go:323.33,325.110 2 0
github.com/lextures/lextures/server-new/internal/browsersaml/acs.go:325.110,327.6 1 0
github.com/lextures/lextures/server-new/internal/browsersaml/acs.go:331.2,331.14 1 0
github.com/lextures/lextures/server-new/internal/browsersaml/map_assertion.go:14.109,22.44 4 0
github.com/lextures/lextures/server-new/internal/browsersaml/map_assertion.go:22.44,24.3 1 0
github.com/lextures/lextures/server-new/internal/browsersaml/map_assertion.go:25.2,29.48 2 0
github.com/lextures/lextures/server-new/internal/browsersaml/map_assertion.go:29.48,31.3 1 0
github.com/lextures/lextures/server-new/internal/browsersaml/map_assertion.go:32.2,36.47 2 0
github.com/lextures/lextures/server-new/internal/browsersaml/map_assertion.go:36.47,38.3 1 0
github.com/lextures/lextures/server-new/internal/browsersaml/map_assertion.go:40.2,41.110 2 0
github.com/lextures/lextures/server-new/internal/browsersaml/map_assertion.go:41.110,43.3 1 0
github.com/lextures/lextures/server-new/internal/browsersaml/map_assertion.go:44.2,47.14 4 0
github.com/lextures/lextures/server-new/internal/browsersaml/map_assertion.go:47.14,49.3 1 0
github.com/lextures/lextures/server-new/internal/browsersaml/map_assertion.go:50.2,50.14 1 0
github.com/lextures/lextures/server-new/internal/browsersaml/map_assertion.go:50.14,52.3 1 0
github.com/lextures/lextures/server-new/internal/browsersaml/map_assertion.go:53.2,53.29 1 0
github.com/lextures/lextures/server-new/internal/browsersaml/map_assertion.go:56.51,57.14 1 0
github.com/lextures/lextures/server-new/internal/browsersaml/map_assertion.go:57.14,59.3 1 0
github.com/lextures/lextures/server-new/internal/browsersaml/map_assertion.go:60.2,60.32 1 0
github.com/lextures/lextures/server-new/internal/browsersaml/map_assertion.go:63.60,65.27 2 0
github.com/lextures/lextures/server-new/internal/browsersaml/map_assertion.go:65.27,66.14 1 0
github.com/lextures/lextures/server-new/internal/browsersaml/map_assertion.go:66.14,67.12 1 0
github.com/lextures/lextures/server-new/internal/browsersaml/map_assertion.go:69.3,69.57 1 0
github.com/lextures/lextures/server-new/internal/browsersaml/map_assertion.go:71.2,71.45 1 0
github.com/lextures/lextures/server-new/internal/browsersaml/map_assertion.go:71.45,72.39 1 0
github.com/lextures/lextures/server-new/internal/browsersaml/map_assertion.go:72.39,75.25 3 0
github.com/lextures/lextures/server-new/internal/browsersaml/map_assertion.go:75.25,76.55 1 0
github.com/lextures/lextures/server-new/internal/browsersaml/map_assertion.go:76.55,77.29 1 0
github.com/lextures/lextures/server-new/internal/browsersaml/map_assertion.go:77.29,79.7 1 0
github.com/lextures/lextures/server-new/internal/browsersaml/map_assertion.go:84.2,84.11 1 0
github.com/lextures/lextures/server-new/internal/browsersaml/scan.go:13.85,14.75 1 0
github.com/lextures/lextures/server-new/internal/browsersaml/scan.go:14.75,16.3 1 0
github.com/lextures/lextures/server-new/internal/browsersaml/scan.go:17.2,17.59 1 0
github.com/lextures/lextures/server-new/internal/browsersaml/scan.go:17.59,19.3 1 0
github.com/lextures/lextures/server-new/internal/browsersaml/scan.go:20.2,20.8 1 0
github.com/lextures/lextures/server-new/internal/browsersaml/spconfig.go:23.81,25.16 2 0
github.com/lextures/lextures/server-new/internal/browsersaml/spconfig.go:25.16,27.3 1 0
github.com/lextures/lextures/server-new/internal/browsersaml/spconfig.go:28.2,45.8 3 0
github.com/lextures/lextures/server-new/internal/browsersaml/spconfig.go:48.33,54.2 5 0
github.com/lextures/lextures/server-new/internal/browsersaml/spconfig.go:56.48,58.51 2 0
github.com/lextures/lextures/server-new/internal/browsersaml/spconfig.go:58.51,60.36 2 0
github.com/lextures/lextures/server-new/internal/browsersaml/spconfig.go:60.36,61.12 1 0
github.com/lextures/lextures/server-new/internal/browsersaml/spconfig.go:63.3,63.47 1 0
github.com/lextures/lextures/server-new/internal/browsersaml/spconfig.go:63.47,64.42 1 0
github.com/lextures/lextures/server-new/internal/browsersaml/spconfig.go:64.42,66.5 1 0
github.com/lextures/lextures/server-new/internal/browsersaml/spconfig.go:67.4,67.12 1 0
github.com/lextures/lextures/server-new/internal/browsersaml/spconfig.go:70.2,71.13 2 0
github.com/lextures/lextures/server-new/internal/browsersaml/spconfig.go:71.13,73.3 1 0
github.com/lextures/lextures/server-new/internal/browsersaml/spconfig.go:74.2,74.15 1 0
github.com/lextures/lextures/server-new/internal/browsersaml/spconfig.go:78.110,81.16 3 0
github.com/lextures/lextures/server-new/internal/browsersaml/spconfig.go:81.16,83.3 1 0
github.com/lextures/lextures/server-new/internal/browsersaml/spconfig.go:84.2,95.100 4 0
github.com/lextures/lextures/server-new/internal/browsersaml/spconfig.go:95.100,97.17 2 0
github.com/lextures/lextures/server-new/internal/browsersaml/spconfig.go:97.17,99.4 1 0
github.com/lextures/lextures/server-new/internal/browsersaml/spconfig.go:100.3,101.17 2 0
github.com/lextures/lextures/server-new/internal/browsersaml/spconfig.go:101.17,103.4 1 0
github.com/lextures/lextures/server-new/internal/browsersaml/spconfig.go:104.3,105.10 2 0
github.com/lextures/lextures/server-new/internal/browsersaml/spconfig.go:105.10,107.4 1 0
github.com/lextures/lextures/server-new/internal/browsersaml/spconfig.go:108.3,110.53 3 0
github.com/lextures/lextures/server-new/internal/browsersaml/spconfig.go:112.2,112.17 1 0
github.com/lextures/lextures/server-new/internal/browsersaml/spconfig.go:116.73,118.2 1 0
github.com/lextures/lextures/server-new/internal/browsersaml/spconfig.go:121.63,124.16 2 0
github.com/lextures/lextures/server-new/internal/browsersaml/spconfig.go:124.16,126.3 1 0
github.com/lextures/lextures/server-new/internal/browsersaml/spconfig.go:127.2,128.16 2 0
github.com/lextures/lextures/server-new/internal/browsersaml/spconfig.go:128.16,130.3 1 0
github.com/lextures/lextures/server-new/internal/browsersaml/spconfig.go:131.2,131.64 1 0
github.com/lextures/lextures/server-new/internal/browsersaml/spconfig.go:135.71,137.14 2 0
github.com/lextures/lextures/server-new/internal/browsersaml/spconfig.go:137.14,139.3 1 0
github.com/lextures/lextures/server-new/internal/browsersaml/spconfig.go:140.2,140.62 1 0
github.com/lextures/lextures/server-new/internal/browsersaml/spconfig.go:140.62,142.3 1 0
github.com/lextures/lextures/server-new/internal/browsersaml/spconfig.go:143.2,144.16 2 0
github.com/lextures/lextures/server-new/internal/browsersaml/spconfig.go:144.16,146.3 1 0
github.com/lextures/lextures/server-new/internal/browsersaml/spconfig.go:147.2,148.9 2 0
github.com/lextures/lextures/server-new/internal/browsersaml/spconfig.go:148.9,150.3 1 0
github.com/lextures/lextures/server-new/internal/browsersaml/spconfig.go:151.2,151.16 1 0
github.com/lextures/lextures/server-new/internal/auth/http.go:9.48,12.9 3 6
github.com/lextures/lextures/server-new/internal/auth/http.go:12.9,14.3 1 3
github.com/lextures/lextures/server-new/internal/auth/http.go:15.2,16.17 2 3
github.com/lextures/lextures/server-new/internal/auth/http.go:16.17,18.3 1 1
github.com/lextures/lextures/server-new/internal/auth/http.go:19.2,19.20 1 2
github.com/lextures/lextures/server-new/internal/auth/http.go:23.76,24.19 1 3
github.com/lextures/lextures/server-new/internal/auth/http.go:24.19,26.3 1 1
github.com/lextures/lextures/server-new/internal/auth/http.go:27.2,28.9 2 2
github.com/lextures/lextures/server-new/internal/auth/http.go:28.9,30.3 1 1
github.com/lextures/lextures/server-new/internal/auth/http.go:31.2,31.29 1 1
github.com/lextures/lextures/server-new/internal/auth/jwt.go:47.45,53.2 1 11
github.com/lextures/lextures/server-new/internal/auth/jwt.go:56.64,57.55 1 8
github.com/lextures/lextures/server-new/internal/auth/jwt.go:57.55,59.3 1 2
github.com/lextures/lextures/server-new/internal/auth/jwt.go:60.2,64.4 1 6
github.com/lextures/lextures/server-new/internal/auth/jwt.go:68.60,70.49 2 7
github.com/lextures/lextures/server-new/internal/auth/jwt.go:70.49,72.3 1 3
github.com/lextures/lextures/server-new/internal/auth/jwt.go:73.2,73.70 1 4
github.com/lextures/lextures/server-new/internal/auth/jwt.go:73.70,75.3 1 1
github.com/lextures/lextures/server-new/internal/auth/jwt.go:76.2,76.40 1 3
github.com/lextures/lextures/server-new/internal/auth/jwt.go:76.40,78.3 1 1
github.com/lextures/lextures/server-new/internal/auth/jwt.go:79.2,79.67 1 2
github.com/lextures/lextures/server-new/internal/auth/jwt.go:83.89,84.61 1 2
github.com/lextures/lextures/server-new/internal/auth/jwt.go:84.61,86.3 1 1
github.com/lextures/lextures/server-new/internal/auth/jwt.go:87.2,93.4 1 1
github.com/lextures/lextures/server-new/internal/auth/jwt.go:97.80,99.49 2 2
github.com/lextures/lextures/server-new/internal/auth/jwt.go:99.49,101.3 1 0
github.com/lextures/lextures/server-new/internal/auth/jwt.go:102.2,102.103 1 2
github.com/lextures/lextures/server-new/internal/auth/jwt.go:102.103,104.3 1 1
github.com/lextures/lextures/server-new/internal/auth/jwt.go:105.2,105.40 1 1
github.com/lextures/lextures/server-new/internal/auth/jwt.go:105.40,107.3 1 0
github.com/lextures/lextures/server-new/internal/auth/jwt.go:108.2,108.102 1 1
github.com/lextures/lextures/server-new/internal/auth/jwt.go:111.54,113.16 2 8
github.com/lextures/lextures/server-new/internal/auth/jwt.go:113.16,115.3 1 0
github.com/lextures/lextures/server-new/internal/auth/jwt.go:116.2,117.16 2 8
github.com/lextures/lextures/server-new/internal/auth/jwt.go:117.16,119.3 1 0
github.com/lextures/lextures/server-new/internal/auth/jwt.go:120.2,121.52 2 8
github.com/lextures/lextures/server-new/internal/auth/jwt.go:124.60,126.75 2 9
github.com/lextures/lextures/server-new/internal/auth/jwt.go:126.75,128.3 1 0
github.com/lextures/lextures/server-new/internal/auth/jwt.go:129.2,130.66 2 9
github.com/lextures/lextures/server-new/internal/auth/jwt.go:130.66,132.3 1 2
github.com/lextures/lextures/server-new/internal/auth/jwt.go:133.2,134.16 2 7
github.com/lextures/lextures/server-new/internal/auth/jwt.go:134.16,136.3 1 0
github.com/lextures/lextures/server-new/internal/auth/jwt.go:137.2,138.61 2 7
github.com/lextures/lextures/server-new/internal/auth/jwt.go:138.61,140.3 1 0
github.com/lextures/lextures/server-new/internal/auth/jwt.go:141.2,141.33 1 7
github.com/lextures/lextures/server-new/internal/auth/jwt.go:141.33,143.3 1 1
github.com/lextures/lextures/server-new/internal/auth/jwt.go:144.2,145.16 2 6
github.com/lextures/lextures/server-new/internal/auth/jwt.go:145.16,147.3 1 0
github.com/lextures/lextures/server-new/internal/auth/jwt.go:148.2,148.56 1 6
github.com/lextures/lextures/server-new/internal/auth/jwt.go:148.56,150.3 1 0
github.com/lextures/lextures/server-new/internal/auth/jwt.go:151.2,151.12 1 6
github.com/lextures/lextures/server-new/internal/auth/jwt.go:154.55,158.2 3 18
github.com/lextures/lextures/server-new/internal/auth/jwt.go:179.37,181.2 1 12
github.com/lextures/lextures/server-new/internal/auth/jwt.go:183.47,185.2 1 4
github.com/lextures/lextures/server-new/internal/auth/jwt.go:187.28,188.18 1 21
github.com/lextures/lextures/server-new/internal/auth/jwt.go:188.18,190.3 1 3
github.com/lextures/lextures/server-new/internal/auth/jwt.go:191.2,191.22 1 18
github.com/lextures/lextures/server-new/internal/auth/jwt.go:191.22,192.12 1 648
github.com/lextures/lextures/server-new/internal/auth/jwt.go:193.22,194.16 1 72
github.com/lextures/lextures/server-new/internal/auth/jwt.go:194.16,196.5 1 0
github.com/lextures/lextures/server-new/internal/auth/jwt.go:197.11,198.58 1 576
github.com/lextures/lextures/server-new/internal/auth/jwt.go:198.58,200.5 1 0
github.com/lextures/lextures/server-new/internal/auth/jwt.go:203.2,203.13 1 18
github.com/lextures/lextures/server-new/internal/auth/password.go:18.49,20.2 1 1
github.com/lextures/lextures/server-new/internal/auth/password.go:23.57,24.18 1 3
github.com/lextures/lextures/server-new/internal/auth/password.go:24.18,26.3 1 0
github.com/lextures/lextures/server-new/internal/auth/password.go:27.2,27.55 1 3
github.com/lextures/lextures/server-new/internal/gradingdrops/drops.go:48.107,49.21 1 0
github.com/lextures/lextures/server-new/internal/gradingdrops/drops.go:49.21,51.3 1 0
github.com/lextures/lextures/server-new/internal/gradingdrops/drops.go:52.2,53.26 2 0
github.com/lextures/lextures/server-new/internal/gradingdrops/drops.go:53.26,55.53 2 0
github.com/lextures/lextures/server-new/internal/gradingdrops/drops.go:55.53,57.4 1 0
github.com/lextures/lextures/server-new/internal/gradingdrops/drops.go:58.3,59.17 2 0
github.com/lextures/lextures/server-new/internal/gradingdrops/drops.go:59.17,61.4 1 0
github.com/lextures/lextures/server-new/internal/gradingdrops/drops.go:62.3,63.14 2 0
github.com/lextures/lextures/server-new/internal/gradingdrops/drops.go:63.14,65.4 1 0
github.com/lextures/lextures/server-new/internal/gradingdrops/drops.go:66.3,66.26 1 0
github.com/lextures/lextures/server-new/internal/gradingdrops/drops.go:66.27,68.4 0 0
github.com/lextures/lextures/server-new/internal/gradingdrops/drops.go:68.9,70.4 1 0
github.com/lextures/lextures/server-new/internal/gradingdrops/drops.go:71.3,71.22 1 0
github.com/lextures/lextures/server-new/internal/gradingdrops/drops.go:71.22,73.4 1 0
github.com/lextures/lextures/server-new/internal/gradingdrops/drops.go:74.3,76.14 3 0
github.com/lextures/lextures/server-new/internal/gradingdrops/drops.go:76.14,80.4 1 0
github.com/lextures/lextures/server-new/internal/gradingdrops/drops.go:82.2,82.39 1 0
github.com/lextures/lextures/server-new/internal/gradingdrops/drops.go:82.39,83.33 1 0
github.com/lextures/lextures/server-new/internal/gradingdrops/drops.go:83.33,85.4 1 0
github.com/lextures/lextures/server-new/internal/gradingdrops/drops.go:86.3,86.51 1 0
github.com/lextures/lextures/server-new/internal/gradingdrops/drops.go:88.2,89.22 2 0
github.com/lextures/lextures/server-new/internal/gradingdrops/drops.go:89.22,90.22 1 0
github.com/lextures/lextures/server-new/internal/gradingdrops/drops.go:90.22,92.4 1 0
github.com/lextures/lextures/server-new/internal/gradingdrops/drops.go:94.2,96.14 3 0
github.com/lextures/lextures/server-new/internal/gradingdrops/drops.go:96.14,98.3 1 0
github.com/lextures/lextures/server-new/internal/gradingdrops/drops.go:99.2,100.15 2 0
github.com/lextures/lextures/server-new/internal/gradingdrops/drops.go:100.15,102.3 1 0
github.com/lextures/lextures/server-new/internal/gradingdrops/drops.go:103.2,103.45 1 0
github.com/lextures/lextures/server-new/internal/gradingdrops/drops.go:103.45,106.3 2 0
github.com/lextures/lextures/server-new/internal/gradingdrops/drops.go:107.2,107.46 1 0
github.com/lextures/lextures/server-new/internal/gradingdrops/drops.go:107.46,110.3 2 0
github.com/lextures/lextures/server-new/internal/gradingdrops/drops.go:111.2,111.16 1 0
github.com/lextures/lextures/server-new/internal/gradingdrops/drops.go:120.22,122.28 2 0
github.com/lextures/lextures/server-new/internal/gradingdrops/drops.go:122.28,124.3 1 0
github.com/lextures/lextures/server-new/internal/gradingdrops/drops.go:125.2,126.25 2 0
github.com/lextures/lextures/server-new/internal/gradingdrops/drops.go:126.25,128.17 2 0
github.com/lextures/lextures/server-new/internal/gradingdrops/drops.go:128.17,129.12 1 0
github.com/lextures/lextures/server-new/internal/gradingdrops/drops.go:131.3,131.23 1 0
github.com/lextures/lextures/server-new/internal/gradingdrops/drops.go:131.23,132.12 1 0
github.com/lextures/lextures/server-new/internal/gradingdrops/drops.go:134.3,134.26 1 0
github.com/lextures/lextures/server-new/internal/gradingdrops/drops.go:134.26,135.12 1 0
github.com/lextures/lextures/server-new/internal/gradingdrops/drops.go:137.3,144.5 2 0
github.com/lextures/lextures/server-new/internal/gradingdrops/drops.go:146.2,146.34 1 0
github.com/lextures/lextures/server-new/internal/gradingdrops/drops.go:146.34,148.10 2 0
github.com/lextures/lextures/server-new/internal/gradingdrops/drops.go:148.10,149.12 1 0
github.com/lextures/lextures/server-new/internal/gradingdrops/drops.go:151.3,152.23 2 0
github.com/lextures/lextures/server-new/internal/gradingdrops/drops.go:152.23,154.4 1 0
github.com/lextures/lextures/server-new/internal/gradingdrops/drops.go:156.2,156.12 1 0
github.com/lextures/lextures/server-new/internal/gradingdrops/drops.go:160.108,162.27 2 0
github.com/lextures/lextures/server-new/internal/gradingdrops/drops.go:162.27,164.13 2 0
github.com/lextures/lextures/server-new/internal/gradingdrops/drops.go:164.13,166.4 1 0
github.com/lextures/lextures/server-new/internal/gradingdrops/drops.go:167.3,168.13 2 0
github.com/lextures/lextures/server-new/internal/gradingdrops/drops.go:168.13,170.4 1 0
github.com/lextures/lextures/server-new/internal/gradingdrops/drops.go:171.3,175.4 1 0
github.com/lextures/lextures/server-new/internal/gradingdrops/drops.go:177.2,177.12 1 0
github.com/lextures/lextures/server-new/internal/gradingdisplay/conversion.go:29.39,30.30 1 0
github.com/lextures/lextures/server-new/internal/gradingdisplay/conversion.go:31.16,32.22 1 0
github.com/lextures/lextures/server-new/internal/gradingdisplay/conversion.go:33.20,34.26 1 0
github.com/lextures/lextures/server-new/internal/gradingdisplay/conversion.go:35.16,36.22 1 0
github.com/lextures/lextures/server-new/internal/gradingdisplay/conversion.go:37.13,38.19 1 0
github.com/lextures/lextures/server-new/internal/gradingdisplay/conversion.go:39.19,40.24 1 0
github.com/lextures/lextures/server-new/internal/gradingdisplay/conversion.go:41.29,42.34 1 0
github.com/lextures/lextures/server-new/internal/gradingdisplay/conversion.go:43.10,44.23 1 0
github.com/lextures/lextures/server-new/internal/gradingdisplay/conversion.go:48.31,49.11 1 0
github.com/lextures/lextures/server-new/internal/gradingdisplay/conversion.go:50.14,51.18 1 0
github.com/lextures/lextures/server-new/internal/gradingdisplay/conversion.go:52.18,53.22 1 0
github.com/lextures/lextures/server-new/internal/gradingdisplay/conversion.go:54.14,55.18 1 0
github.com/lextures/lextures/server-new/internal/gradingdisplay/conversion.go:56.11,57.15 1 0
github.com/lextures/lextures/server-new/internal/gradingdisplay/conversion.go:58.16,59.21 1 0
github.com/lextures/lextures/server-new/internal/gradingdisplay/conversion.go:60.26,61.31 1 0
github.com/lextures/lextures/server-new/internal/gradingdisplay/conversion.go:62.10,63.18 1 0
github.com/lextures/lextures/server-new/internal/gradingdisplay/conversion.go:83.77,85.14 2 0
github.com/lextures/lextures/server-new/internal/gradingdisplay/conversion.go:86.26,87.16 1 0
github.com/lextures/lextures/server-new/internal/gradingdisplay/conversion.go:88.19,89.47 1 0
github.com/lextures/lextures/server-new/internal/gradingdisplay/conversion.go:89.47,91.4 1 0
github.com/lextures/lextures/server-new/internal/gradingdisplay/conversion.go:92.3,97.58 2 0
github.com/lextures/lextures/server-new/internal/gradingdisplay/conversion.go:97.58,99.4 1 0
github.com/lextures/lextures/server-new/internal/gradingdisplay/conversion.go:100.3,100.20 1 0
github.com/lextures/lextures/server-new/internal/gradingdisplay/conversion.go:100.20,102.4 1 0
github.com/lextures/lextures/server-new/internal/gradingdisplay/conversion.go:103.3,104.22 2 0
github.com/lextures/lextures/server-new/internal/gradingdisplay/conversion.go:104.22,106.19 2 0
github.com/lextures/lextures/server-new/internal/gradingdisplay/conversion.go:106.19,108.5 1 0
github.com/lextures/lextures/server-new/internal/gradingdisplay/conversion.go:109.4,110.65 2 0
github.com/lextures/lextures/server-new/internal/gradingdisplay/conversion.go:110.65,112.5 1 0
github.com/lextures/lextures/server-new/internal/gradingdisplay/conversion.go:113.4,113.79 1 0
github.com/lextures/lextures/server-new/internal/gradingdisplay/conversion.go:115.3,115.41 1 0
github.com/lextures/lextures/server-new/internal/gradingdisplay/conversion.go:115.41,115.85 1 0
github.com/lextures/lextures/server-new/internal/gradingdisplay/conversion.go:116.3,117.39 2 0
github.com/lextures/lextures/server-new/internal/gradingdisplay/conversion.go:117.39,117.79 1 0
github.com/lextures/lextures/server-new/internal/gradingdisplay/conversion.go:118.3,118.36 1 0
github.com/lextures/lextures/server-new/internal/gradingdisplay/conversion.go:118.36,120.4 1 0
github.com/lextures/lextures/server-new/internal/gradingdisplay/conversion.go:121.3,121.33 1 0
github.com/lextures/lextures/server-new/internal/gradingdisplay/conversion.go:121.33,122.44 1 0
github.com/lextures/lextures/server-new/internal/gradingdisplay/conversion.go:122.44,124.5 1 0
github.com/lextures/lextures/server-new/internal/gradingdisplay/conversion.go:126.3,127.16 2 0
github.com/lextures/lextures/server-new/internal/gradingdisplay/conversion.go:128.16,129.23 1 0
github.com/lextures/lextures/server-new/internal/gradingdisplay/conversion.go:129.23,131.4 1 0
github.com/lextures/lextures/server-new/internal/gradingdisplay/conversion.go:132.3,136.23 3 0
github.com/lextures/lextures/server-new/internal/gradingdisplay/conversion.go:136.23,137.101 1 0
github.com/lextures/lextures/server-new/internal/gradingdisplay/conversion.go:137.101,139.5 1 0
github.com/lextures/lextures/server-new/internal/gradingdisplay/conversion.go:140.4,140.29 1 0
github.com/lextures/lextures/server-new/internal/gradingdisplay/conversion.go:142.3,142.16 1 0
github.com/lextures/lextures/server-new/internal/gradingdisplay/conversion.go:143.26,144.23 1 0
github.com/lextures/lextures/server-new/internal/gradingdisplay/conversion.go:144.23,146.4 1 0
github.com/lextures/lextures/server-new/internal/gradingdisplay/conversion.go:147.3,151.27 3 0
github.com/lextures/lextures/server-new/internal/gradingdisplay/conversion.go:151.27,152.117 1 0
github.com/lextures/lextures/server-new/internal/gradingdisplay/conversion.go:152.117,154.5 1 0
github.com/lextures/lextures/server-new/internal/gradingdisplay/conversion.go:155.4,155.37 1 0
github.com/lextures/lextures/server-new/internal/gradingdisplay/conversion.go:157.3,157.16 1 0
github.com/lextures/lextures/server-new/internal/gradingdisplay/conversion.go:158.10,159.16 1 0
github.com/lextures/lextures/server-new/internal/gradingdisplay/conversion.go:164.74,165.31 1 0
github.com/lextures/lextures/server-new/internal/gradingdisplay/conversion.go:165.31,166.59 1 0
github.com/lextures/lextures/server-new/internal/gradingdisplay/conversion.go:166.59,167.33 1 0
github.com/lextures/lextures/server-new/internal/gradingdisplay/conversion.go:167.33,169.5 1 0
github.com/lextures/lextures/server-new/internal/gradingdisplay/conversion.go:172.2,172.23 1 0
github.com/lextures/lextures/server-new/internal/gradingdisplay/conversion.go:172.23,174.3 1 0
github.com/lextures/lextures/server-new/internal/gradingdisplay/conversion.go:175.2,175.15 1 0
github.com/lextures/lextures/server-new/internal/gradingdisplay/conversion.go:179.102,180.38 1 0
github.com/lextures/lextures/server-new/internal/gradingdisplay/conversion.go:180.38,182.3 1 0
github.com/lextures/lextures/server-new/internal/gradingdisplay/conversion.go:183.2,184.40 2 0
github.com/lextures/lextures/server-new/internal/gradingdisplay/conversion.go:184.40,187.3 2 0
github.com/lextures/lextures/server-new/internal/gradingdisplay/conversion.go:188.2,188.63 1 0
github.com/lextures/lextures/server-new/internal/gradingdisplay/conversion.go:191.102,192.38 1 0
github.com/lextures/lextures/server-new/internal/gradingdisplay/conversion.go:192.38,194.3 1 0
github.com/lextures/lextures/server-new/internal/gradingdisplay/conversion.go:195.2,197.30 3 0
github.com/lextures/lextures/server-new/internal/gradingdisplay/conversion.go:197.30,200.3 2 0
github.com/lextures/lextures/server-new/internal/gradingdisplay/conversion.go:201.2,201.19 1 0
github.com/lextures/lextures/server-new/internal/gradingdisplay/conversion.go:202.14,203.30 1 0
github.com/lextures/lextures/server-new/internal/gradingdisplay/conversion.go:204.18,205.14 1 0
github.com/lextures/lextures/server-new/internal/gradingdisplay/conversion.go:205.14,207.4 1 0
github.com/lextures/lextures/server-new/internal/gradingdisplay/conversion.go:208.3,208.54 1 0
github.com/lextures/lextures/server-new/internal/gradingdisplay/conversion.go:209.19,210.14 1 0
github.com/lextures/lextures/server-new/internal/gradingdisplay/conversion.go:210.14,212.4 1 0
github.com/lextures/lextures/server-new/internal/gradingdisplay/conversion.go:213.3,213.25 1 0
github.com/lextures/lextures/server-new/internal/gradingdisplay/conversion.go:213.25,215.4 1 0
github.com/lextures/lextures/server-new/internal/gradingdisplay/conversion.go:216.3,217.42 2 0
github.com/lextures/lextures/server-new/internal/gradingdisplay/conversion.go:217.42,220.47 3 0
github.com/lextures/lextures/server-new/internal/gradingdisplay/conversion.go:220.47,221.41 1 0
github.com/lextures/lextures/server-new/internal/gradingdisplay/conversion.go:221.41,223.6 1 0
github.com/lextures/lextures/server-new/internal/gradingdisplay/conversion.go:224.5,224.19 1 0
github.com/lextures/lextures/server-new/internal/gradingdisplay/conversion.go:227.3,227.47 1 0
github.com/lextures/lextures/server-new/internal/gradingdisplay/conversion.go:227.47,229.4 1 0
github.com/lextures/lextures/server-new/internal/gradingdisplay/conversion.go:230.3,230.30 1 0
github.com/lextures/lextures/server-new/internal/gradingdisplay/conversion.go:231.16,232.14 1 0
github.com/lextures/lextures/server-new/internal/gradingdisplay/conversion.go:232.14,233.21 1 0
github.com/lextures/lextures/server-new/internal/gradingdisplay/conversion.go:233.21,235.5 1 0
github.com/lextures/lextures/server-new/internal/gradingdisplay/conversion.go:236.4,236.17 1 0
github.com/lextures/lextures/server-new/internal/gradingdisplay/conversion.go:238.3,238.25 1 0
github.com/lextures/lextures/server-new/internal/gradingdisplay/conversion.go:238.25,239.21 1 0
github.com/lextures/lextures/server-new/internal/gradingdisplay/conversion.go:239.21,241.5 1 0
github.com/lextures/lextures/server-new/internal/gradingdisplay/conversion.go:242.4,242.17 1 0
github.com/lextures/lextures/server-new/internal/gradingdisplay/conversion.go:244.3,245.40 2 0
github.com/lextures/lextures/server-new/internal/gradingdisplay/conversion.go:245.40,247.4 1 0
github.com/lextures/lextures/server-new/internal/gradingdisplay/conversion.go:248.3,248.16 1 0
github.com/lextures/lextures/server-new/internal/gradingdisplay/conversion.go:249.26,250.14 1 0
github.com/lextures/lextures/server-new/internal/gradingdisplay/conversion.go:250.14,251.21 1 0
github.com/lextures/lextures/server-new/internal/gradingdisplay/conversion.go:251.21,253.5 1 0
github.com/lextures/lextures/server-new/internal/gradingdisplay/conversion.go:254.4,254.23 1 0
github.com/lextures/lextures/server-new/internal/gradingdisplay/conversion.go:256.3,256.25 1 0
github.com/lextures/lextures/server-new/internal/gradingdisplay/conversion.go:256.25,257.21 1 0
github.com/lextures/lextures/server-new/internal/gradingdisplay/conversion.go:257.21,259.5 1 0
github.com/lextures/lextures/server-new/internal/gradingdisplay/conversion.go:260.4,260.23 1 0
github.com/lextures/lextures/server-new/internal/gradingdisplay/conversion.go:262.3,263.44 2 0
github.com/lextures/lextures/server-new/internal/gradingdisplay/conversion.go:263.44,265.4 1 0
github.com/lextures/lextures/server-new/internal/gradingdisplay/conversion.go:266.3,266.22 1 0
github.com/lextures/lextures/server-new/internal/gradingdisplay/conversion.go:267.10,268.30 1 0
github.com/lextures/lextures/server-new/internal/gradingdisplay/conversion.go:272.34,273.28 1 0
github.com/lextures/lextures/server-new/internal/gradingdisplay/conversion.go:273.28,275.3 1 0
github.com/lextures/lextures/server-new/internal/gradingdisplay/conversion.go:276.2,276.91 1 0
github.com/lextures/lextures/server-new/internal/gradingdisplay/conversion.go:279.66,280.14 1 0
github.com/lextures/lextures/server-new/internal/gradingdisplay/conversion.go:280.14,282.3 1 0
github.com/lextures/lextures/server-new/internal/gradingdisplay/conversion.go:283.2,283.38 1 0
github.com/lextures/lextures/server-new/internal/gradingdisplay/conversion.go:286.49,287.16 1 0
github.com/lextures/lextures/server-new/internal/gradingdisplay/conversion.go:287.16,289.3 1 0
github.com/lextures/lextures/server-new/internal/gradingdisplay/conversion.go:290.2,290.51 1 0
github.com/lextures/lextures/server-new/internal/gradingdisplay/conversion.go:293.42,294.38 1 0
github.com/lextures/lextures/server-new/internal/gradingdisplay/conversion.go:294.38,296.3 1 0
github.com/lextures/lextures/server-new/internal/gradingdisplay/conversion.go:297.2,298.39 2 0
github.com/lextures/lextures/server-new/internal/gradingdisplay/conversion.go:298.39,300.3 1 0
github.com/lextures/lextures/server-new/internal/gradingdisplay/conversion.go:301.2,301.67 1 0
github.com/lextures/lextures/server-new/internal/gradingdisplay/conversion.go:304.34,305.19 1 0
github.com/lextures/lextures/server-new/internal/gradingdisplay/conversion.go:305.19,307.3 1 0
github.com/lextures/lextures/server-new/internal/gradingdisplay/conversion.go:308.2,308.62 1 0
github.com/lextures/lextures/server-new/internal/gradingdisplay/conversion.go:311.41,312.31 1 0
github.com/lextures/lextures/server-new/internal/gradingdisplay/conversion.go:312.31,314.3 1 0
github.com/lextures/lextures/server-new/internal/gradingdisplay/conversion.go:315.2,315.63 1 0
github.com/lextures/lextures/server-new/internal/gradingdisplay/conversion.go:315.63,317.3 1 0
github.com/lextures/lextures/server-new/internal/gradingdisplay/conversion.go:318.2,318.10 1 0
github.com/lextures/lextures/server-new/internal/gradingdisplay/conversion.go:321.33,321.77 1 0
github.com/lextures/lextures/server-new/internal/background/periodic.go:15.72,16.17 1 0
github.com/lextures/lextures/server-new/internal/background/periodic.go:16.17,18.3 1 0
github.com/lextures/lextures/server-new/internal/background/periodic.go:19.2,19.42 1 0
github.com/lextures/lextures/server-new/internal/background/periodic.go:19.42,21.3 1 0
github.com/lextures/lextures/server-new/internal/background/periodic.go:22.2,22.42 1 0
github.com/lextures/lextures/server-new/internal/background/periodic.go:22.42,23.39 1 0
github.com/lextures/lextures/server-new/internal/background/periodic.go:23.39,25.4 1 0
github.com/lextures/lextures/server-new/internal/background/periodic.go:26.3,26.76 1 0
github.com/lextures/lextures/server-new/internal/background/periodic.go:30.64,33.6 3 1
github.com/lextures/lextures/server-new/internal/background/periodic.go:33.6,34.10 1 5
github.com/lextures/lextures/server-new/internal/background/periodic.go:35.21,36.10 1 1
github.com/lextures/lextures/server-new/internal/background/periodic.go:37.14,38.8 1 4
github.com/lextures/lextures/server-new/internal/background/periodic.go:43.99,46.2 1 0
github.com/lextures/lextures/server-new/internal/background/periodic.go:48.97,51.2 1 0
github.com/lextures/lextures/server-new/internal/commevents/commevents.go:25.17,27.2 1 1
github.com/lextures/lextures/server-new/internal/commevents/commevents.go:30.56,31.14 1 2
github.com/lextures/lextures/server-new/internal/commevents/commevents.go:31.14,33.3 1 1
github.com/lextures/lextures/server-new/internal/commevents/commevents.go:34.2,37.28 4 1
github.com/lextures/lextures/server-new/internal/commevents/commevents.go:37.28,38.10 1 1
github.com/lextures/lextures/server-new/internal/commevents/commevents.go:39.17,39.17 0 1
github.com/lextures/lextures/server-new/internal/commevents/commevents.go:40.11,40.11 0 0
github.com/lextures/lextures/server-new/internal/commevents/commevents.go:46.67,47.14 1 2
github.com/lextures/lextures/server-new/internal/commevents/commevents.go:47.14,50.21 3 1
github.com/lextures/lextures/server-new/internal/commevents/commevents.go:50.22,50.23 0 1
github.com/lextures/lextures/server-new/internal/commevents/commevents.go:52.2,58.20 7 1
github.com/lextures/lextures/server-new/internal/commevents/commevents.go:58.20,63.3 4 1
github.com/lextures/lextures/server-new/internal/config/config.go:77.20,79.22 2 9
github.com/lextures/lextures/server-new/internal/config/config.go:79.22,81.3 1 8
github.com/lextures/lextures/server-new/internal/config/config.go:82.2,85.23 3 9
github.com/lextures/lextures/server-new/internal/config/config.go:85.23,87.3 1 8
github.com/lextures/lextures/server-new/internal/config/config.go:88.2,91.23 3 9
github.com/lextures/lextures/server-new/internal/config/config.go:91.23,93.3 1 8
github.com/lextures/lextures/server-new/internal/config/config.go:94.2,98.41 4 9
github.com/lextures/lextures/server-new/internal/config/config.go:98.41,100.3 1 1
github.com/lextures/lextures/server-new/internal/config/config.go:102.2,155.3 1 9
github.com/lextures/lextures/server-new/internal/config/config.go:159.45,161.2 1 2
github.com/lextures/lextures/server-new/internal/config/config.go:164.48,166.2 1 1
github.com/lextures/lextures/server-new/internal/config/config.go:169.44,174.2 1 2
github.com/lextures/lextures/server-new/internal/config/config.go:177.34,178.25 1 7
github.com/lextures/lextures/server-new/internal/config/config.go:178.25,180.3 1 1
github.com/lextures/lextures/server-new/internal/config/config.go:181.2,181.108 1 6
github.com/lextures/lextures/server-new/internal/config/config.go:181.108,183.3 1 1
github.com/lextures/lextures/server-new/internal/config/config.go:184.2,184.42 1 5
github.com/lextures/lextures/server-new/internal/config/config.go:184.42,186.3 1 1
github.com/lextures/lextures/server-new/internal/config/config.go:187.2,187.97 1 4
github.com/lextures/lextures/server-new/internal/config/config.go:187.97,189.3 1 1
github.com/lextures/lextures/server-new/internal/config/config.go:190.2,190.66 1 3
github.com/lextures/lextures/server-new/internal/config/config.go:190.66,192.3 1 1
github.com/lextures/lextures/server-new/internal/config/config.go:193.2,193.12 1 2
github.com/lextures/lextures/server-new/internal/config/config.go:196.27,198.13 2 9
github.com/lextures/lextures/server-new/internal/config/config.go:198.13,200.3 1 7
github.com/lextures/lextures/server-new/internal/config/config.go:201.2,201.28 1 2
github.com/lextures/lextures/server-new/internal/config/config.go:202.33,203.15 1 1
github.com/lextures/lextures/server-new/internal/config/config.go:204.10,205.14 1 1
github.com/lextures/lextures/server-new/internal/config/config.go:209.31,210.60 1 99
github.com/lextures/lextures/server-new/internal/config/config.go:211.32,212.14 1 11
github.com/lextures/lextures/server-new/internal/config/config.go:213.10,214.15 1 88
github.com/lextures/lextures/server-new/internal/config/config.go:218.42,220.9 2 18
github.com/lextures/lextures/server-new/internal/config/config.go:220.9,222.3 1 0
github.com/lextures/lextures/server-new/internal/config/config.go:223.2,223.47 1 18
github.com/lextures/lextures/server-new/internal/config/config.go:224.36,225.14 1 16
github.com/lextures/lextures/server-new/internal/config/config.go:226.10,227.15 1 2
github.com/lextures/lextures/server-new/internal/config/config.go:231.50,232.27 1 249
github.com/lextures/lextures/server-new/internal/config/config.go:232.27,234.14 2 285
github.com/lextures/lextures/server-new/internal/config/config.go:234.14,236.4 1 27
github.com/lextures/lextures/server-new/internal/config/config.go:238.2,238.11 1 222
github.com/lextures/lextures/server-new/internal/config/config.go:241.67,242.51 1 27
github.com/lextures/lextures/server-new/internal/config/config.go:242.51,244.3 1 3
github.com/lextures/lextures/server-new/internal/config/config.go:245.2,246.16 2 24
github.com/lextures/lextures/server-new/internal/config/config.go:246.16,248.3 1 21
github.com/lextures/lextures/server-new/internal/config/config.go:249.2,250.16 2 3
github.com/lextures/lextures/server-new/internal/config/config.go:250.16,252.3 1 0
github.com/lextures/lextures/server-new/internal/config/config.go:253.2,253.37 1 3
github.com/lextures/lextures/server-new/internal/config/config.go:256.42,257.13 1 45
github.com/lextures/lextures/server-new/internal/config/config.go:257.13,259.3 1 41
github.com/lextures/lextures/server-new/internal/config/config.go:260.2,260.10 1 4
github.com/lextures/lextures/server-new/internal/config/config.go:263.41,265.2 1 36
github.com/lextures/lextures/server-new/internal/config/config.go:267.43,269.15 2 9
github.com/lextures/lextures/server-new/internal/config/config.go:269.15,271.3 1 8
github.com/lextures/lextures/server-new/internal/config/config.go:272.2,274.29 3 1
github.com/lextures/lextures/server-new/internal/config/config.go:274.29,278.19 4 3
github.com/lextures/lextures/server-new/internal/config/config.go:278.19,280.4 1 2
github.com/lextures/lextures/server-new/internal/config/config.go:282.2,282.24 1 1
github.com/lextures/lextures/server-new/internal/config/config.go:282.24,284.3 1 0
github.com/lextures/lextures/server-new/internal/config/config.go:285.2,285.17 1 1
github.com/lextures/lextures/server-new/internal/config/config.go:288.24,290.15 2 9
github.com/lextures/lextures/server-new/internal/config/config.go:290.15,292.3 1 8
github.com/lextures/lextures/server-new/internal/config/config.go:293.2,294.16 2 1
github.com/lextures/lextures/server-new/internal/config/config.go:294.16,296.3 1 0
github.com/lextures/lextures/server-new/internal/config/config.go:297.2,297.18 1 1
github.com/lextures/lextures/server-new/internal/config/config.go:300.24,302.13 2 11
github.com/lextures/lextures/server-new/internal/config/config.go:302.13,304.3 1 8
github.com/lextures/lextures/server-new/internal/config/config.go:305.2,305.31 1 3
github.com/lextures/lextures/server-new/internal/config/config.go:305.31,307.3 1 1
github.com/lextures/lextures/server-new/internal/config/config.go:308.2,308.53 1 2
github.com/lextures/lextures/server-new/internal/config/config.go:308.53,310.3 1 2
github.com/lextures/lextures/server-new/internal/config/config.go:312.2,312.10 1 0
github.com/lextures/lextures/server-new/internal/db/pool.go:11.70,12.15 1 1
github.com/lextures/lextures/server-new/internal/db/pool.go:12.15,14.3 1 1
github.com/lextures/lextures/server-new/internal/db/pool.go:15.2,16.16 2 0
github.com/lextures/lextures/server-new/internal/db/pool.go:16.16,18.3 1 0
github.com/lextures/lextures/server-new/internal/db/pool.go:20.2,20.40 1 0
github.com/lextures/lextures/server-new/internal/gradingredaction/blind.go:12.51,13.24 1 2
github.com/lextures/lextures/server-new/internal/gradingredaction/blind.go:13.24,15.3 1 0
github.com/lextures/lextures/server-new/internal/gradingredaction/blind.go:16.2,16.50 1 2
github.com/lextures/lextures/server-new/internal/gradingredaction/blind.go:20.102,22.2 1 4
github.com/lextures/lextures/server-new/internal/gradingredaction/blind.go:26.81,28.46 2 1
github.com/lextures/lextures/server-new/internal/gradingredaction/blind.go:28.46,30.3 1 2
github.com/lextures/lextures/server-new/internal/gradingredaction/blind.go:31.2,31.12 1 1
github.com/lextures/lextures/server-new/internal/models/accommodations/json.go:73.48,74.15 1 2
github.com/lextures/lextures/server-new/internal/models/accommodations/json.go:74.15,76.3 1 1
github.com/lextures/lextures/server-new/internal/models/accommodations/json.go:77.2,78.11 2 1
github.com/lextures/lextures/server-new/internal/models/accommodations/json.go:98.47,99.14 1 3
github.com/lextures/lextures/server-new/internal/models/accommodations/json.go:99.14,101.3 1 1
github.com/lextures/lextures/server-new/internal/models/accommodations/json.go:102.2,103.13 2 2
github.com/lextures/lextures/server-new/internal/models/accommodations/json.go:103.13,105.3 1 1
github.com/lextures/lextures/server-new/internal/models/accommodations/json.go:106.2,107.16 2 1
github.com/lextures/lextures/server-new/internal/models/accommodations/json.go:107.16,109.3 1 0
github.com/lextures/lextures/server-new/internal/models/accommodations/json.go:110.2,111.18 2 1
github.com/lextures/lextures/server-new/internal/models/coursemodulesurvey/types.go:81.46,83.2 1 0
github.com/lextures/lextures/server-new/internal/models/coursemodulesurvey/types.go:85.58,86.26 1 0
github.com/lextures/lextures/server-new/internal/models/coursemodulesurvey/types.go:86.26,88.3 1 0
github.com/lextures/lextures/server-new/internal/models/coursemodulesurvey/types.go:89.2,89.30 1 0
github.com/lextures/lextures/server-new/internal/models/coursemodulesurvey/types.go:89.30,90.17 1 0
github.com/lextures/lextures/server-new/internal/models/coursemodulesurvey/types.go:90.17,92.4 1 0
github.com/lextures/lextures/server-new/internal/models/coursemodulesurvey/types.go:93.3,93.19 1 0
github.com/lextures/lextures/server-new/internal/models/coursemodulesurvey/types.go:93.19,95.4 1 0
github.com/lextures/lextures/server-new/internal/models/coursemodulesurvey/types.go:96.3,97.41 2 0
github.com/lextures/lextures/server-new/internal/models/coursemodulesurvey/types.go:97.41,98.22 1 0
github.com/lextures/lextures/server-new/internal/models/coursemodulesurvey/types.go:98.22,100.10 2 0
github.com/lextures/lextures/server-new/internal/models/coursemodulesurvey/types.go:103.3,103.10 1 0
github.com/lextures/lextures/server-new/internal/models/coursemodulesurvey/types.go:103.10,105.4 1 0
github.com/lextures/lextures/server-new/internal/models/coursemodulesurvey/types.go:107.2,107.12 1 0
github.com/lextures/lextures/server-new/internal/mail/password_reset.go:19.78,20.23 1 2
github.com/lextures/lextures/server-new/internal/mail/password_reset.go:20.23,22.3 1 1
github.com/lextures/lextures/server-new/internal/mail/password_reset.go:24.2,25.16 2 1
github.com/lextures/lextures/server-new/internal/mail/password_reset.go:25.16,28.3 2 1
github.com/lextures/lextures/server-new/internal/mail/password_reset.go:29.2,30.16 2 0
github.com/lextures/lextures/server-new/internal/mail/password_reset.go:30.16,32.3 1 0
github.com/lextures/lextures/server-new/internal/mail/password_reset.go:33.2,53.46 5 0
github.com/lextures/lextures/server-new/internal/mail/password_reset.go:53.46,56.3 2 0
github.com/lextures/lextures/server-new/internal/mail/password_reset.go:57.2,57.64 1 0
github.com/lextures/lextures/server-new/internal/models/coursemodulequiz/types.go:28.56,29.24 1 0
github.com/lextures/lextures/server-new/internal/models/coursemodulequiz/types.go:29.24,31.3 1 0
github.com/lextures/lextures/server-new/internal/models/coursemodulequiz/types.go:32.2,32.59 1 0
github.com/lextures/lextures/server-new/internal/models/coursemodulequiz/types.go:32.59,34.3 1 0
github.com/lextures/lextures/server-new/internal/models/coursemodulequiz/types.go:35.2,35.12 1 0
github.com/lextures/lextures/server-new/internal/models/coursemodulequiz/types.go:38.126,39.120 1 0
github.com/lextures/lextures/server-new/internal/models/coursemodulequiz/types.go:39.120,41.3 1 0
github.com/lextures/lextures/server-new/internal/models/coursemodulequiz/types.go:42.2,42.74 1 0
github.com/lextures/lextures/server-new/internal/models/coursemodulequiz/types.go:42.74,44.3 1 0
github.com/lextures/lextures/server-new/internal/models/coursemodulequiz/types.go:45.2,45.12 1 0
github.com/lextures/lextures/server-new/internal/models/assignmentrubric/types.go:37.58,38.14 1 0
github.com/lextures/lextures/server-new/internal/models/assignmentrubric/types.go:38.14,40.3 1 0
github.com/lextures/lextures/server-new/internal/models/assignmentrubric/types.go:41.2,41.20 1 0
github.com/lextures/lextures/server-new/internal/models/assignmentrubric/types.go:41.20,42.56 1 0
github.com/lextures/lextures/server-new/internal/models/assignmentrubric/types.go:42.56,44.4 1 0
github.com/lextures/lextures/server-new/internal/models/assignmentrubric/types.go:46.2,46.26 1 0
github.com/lextures/lextures/server-new/internal/models/assignmentrubric/types.go:46.26,48.3 1 0
github.com/lextures/lextures/server-new/internal/models/assignmentrubric/types.go:49.2,49.35 1 0
github.com/lextures/lextures/server-new/internal/models/assignmentrubric/types.go:49.35,51.3 1 0
github.com/lextures/lextures/server-new/internal/models/assignmentrubric/types.go:52.2,53.31 2 0
github.com/lextures/lextures/server-new/internal/models/assignmentrubric/types.go:53.31,54.17 1 0
github.com/lextures/lextures/server-new/internal/models/assignmentrubric/types.go:54.17,56.4 1 0
github.com/lextures/lextures/server-new/internal/models/assignmentrubric/types.go:57.3,58.54 2 0
github.com/lextures/lextures/server-new/internal/models/assignmentrubric/types.go:58.54,60.4 1 0
github.com/lextures/lextures/server-new/internal/models/assignmentrubric/types.go:61.3,61.63 1 0
github.com/lextures/lextures/server-new/internal/models/assignmentrubric/types.go:61.63,63.4 1 0
github.com/lextures/lextures/server-new/internal/models/assignmentrubric/types.go:64.3,64.66 1 0
github.com/lextures/lextures/server-new/internal/models/assignmentrubric/types.go:64.66,66.4 1 0
github.com/lextures/lextures/server-new/internal/models/assignmentrubric/types.go:67.3,67.32 1 0
github.com/lextures/lextures/server-new/internal/models/assignmentrubric/types.go:67.32,68.64 1 0
github.com/lextures/lextures/server-new/internal/models/assignmentrubric/types.go:68.64,70.5 1 0
github.com/lextures/lextures/server-new/internal/models/assignmentrubric/types.go:71.4,71.73 1 0
github.com/lextures/lextures/server-new/internal/models/assignmentrubric/types.go:71.73,73.5 1 0
github.com/lextures/lextures/server-new/internal/models/assignmentrubric/types.go:74.4,74.77 1 0
github.com/lextures/lextures/server-new/internal/models/assignmentrubric/types.go:74.77,76.5 1 0
github.com/lextures/lextures/server-new/internal/models/assignmentrubric/types.go:79.2,79.12 1 0
github.com/lextures/lextures/server-new/internal/models/assignmentrubric/types.go:82.86,83.45 1 0
github.com/lextures/lextures/server-new/internal/models/assignmentrubric/types.go:83.45,85.3 1 0
github.com/lextures/lextures/server-new/internal/models/assignmentrubric/types.go:86.2,87.31 2 0
github.com/lextures/lextures/server-new/internal/models/assignmentrubric/types.go:87.31,89.32 2 0
github.com/lextures/lextures/server-new/internal/models/assignmentrubric/types.go:89.32,90.27 1 0
github.com/lextures/lextures/server-new/internal/models/assignmentrubric/types.go:90.27,92.5 1 0
github.com/lextures/lextures/server-new/internal/models/assignmentrubric/types.go:94.3,94.19 1 0
github.com/lextures/lextures/server-new/internal/models/assignmentrubric/types.go:96.2,96.51 1 0
github.com/lextures/lextures/server-new/internal/models/assignmentrubric/types.go:96.51,98.3 1 0
github.com/lextures/lextures/server-new/internal/models/assignmentrubric/types.go:99.2,99.12 1 0
github.com/lextures/lextures/server-new/internal/models/assignmentrubric/types.go:102.103,104.31 2 0
github.com/lextures/lextures/server-new/internal/models/assignmentrubric/types.go:104.31,106.10 2 0
github.com/lextures/lextures/server-new/internal/models/assignmentrubric/types.go:106.10,108.4 1 0
github.com/lextures/lextures/server-new/internal/models/assignmentrubric/types.go:109.3,110.32 2 0
github.com/lextures/lextures/server-new/internal/models/assignmentrubric/types.go:110.32,111.37 1 0
github.com/lextures/lextures/server-new/internal/models/assignmentrubric/types.go:111.37,113.10 2 0
github.com/lextures/lextures/server-new/internal/models/assignmentrubric/types.go:116.3,116.13 1 0
github.com/lextures/lextures/server-new/internal/models/assignmentrubric/types.go:116.13,118.4 1 0
github.com/lextures/lextures/server-new/internal/models/assignmentrubric/types.go:119.3,119.13 1 0
github.com/lextures/lextures/server-new/internal/models/assignmentrubric/types.go:121.2,121.36 1 0
github.com/lextures/lextures/server-new/internal/models/assignmentrubric/types.go:121.36,123.3 1 0
github.com/lextures/lextures/server-new/internal/models/assignmentrubric/types.go:124.2,124.19 1 0
github.com/lextures/lextures/server-new/internal/models/coursestructure/types.go:44.82,59.2 1 0
github.com/lextures/lextures/server-new/internal/models/coursemoduleassignment/validation.go:19.9,20.91 1 0
github.com/lextures/lextures/server-new/internal/models/coursemoduleassignment/validation.go:20.91,22.3 1 0
github.com/lextures/lextures/server-new/internal/models/coursemoduleassignment/validation.go:23.2,23.92 1 0
github.com/lextures/lextures/server-new/internal/models/coursemoduleassignment/validation.go:23.92,25.3 1 0
github.com/lextures/lextures/server-new/internal/models/coursemoduleassignment/validation.go:26.2,26.79 1 0
github.com/lextures/lextures/server-new/internal/models/coursemoduleassignment/validation.go:26.79,28.3 1 0
github.com/lextures/lextures/server-new/internal/models/coursemoduleassignment/validation.go:29.2,29.12 1 0
github.com/lextures/lextures/server-new/internal/models/coursemoduleassignment/validation.go:32.99,34.2 1 0
github.com/lextures/lextures/server-new/internal/lti/idtoken.go:24.106,25.16 1 0
github.com/lextures/lextures/server-new/internal/lti/idtoken.go:25.16,27.3 1 0
github.com/lextures/lextures/server-new/internal/lti/idtoken.go:28.2,33.77 3 0
github.com/lextures/lextures/server-new/internal/lti/idtoken.go:33.77,34.53 1 0
github.com/lextures/lextures/server-new/internal/lti/idtoken.go:34.53,36.4 1 0
github.com/lextures/lextures/server-new/internal/lti/idtoken.go:37.3,37.18 1 0
github.com/lextures/lextures/server-new/internal/lti/idtoken.go:39.2,39.16 1 0
github.com/lextures/lextures/server-new/internal/lti/idtoken.go:39.16,41.3 1 0
github.com/lextures/lextures/server-new/internal/lti/idtoken.go:42.2,42.26 1 0
github.com/lextures/lextures/server-new/internal/lti/idtoken.go:42.26,44.3 1 0
github.com/lextures/lextures/server-new/internal/lti/idtoken.go:45.2,45.51 1 0
github.com/lextures/lextures/server-new/internal/lti/idtoken.go:45.51,47.3 1 0
github.com/lextures/lextures/server-new/internal/lti/idtoken.go:48.2,49.28 2 0
github.com/lextures/lextures/server-new/internal/lti/idtoken.go:49.28,51.3 1 0
github.com/lextures/lextures/server-new/internal/lti/idtoken.go:52.2,53.40 2 0
github.com/lextures/lextures/server-new/internal/lti/idtoken.go:53.40,55.3 1 0
github.com/lextures/lextures/server-new/internal/lti/idtoken.go:56.2,56.65 1 0
github.com/lextures/lextures/server-new/internal/lti/idtoken.go:56.65,58.3 1 0
github.com/lextures/lextures/server-new/internal/lti/idtoken.go:59.2,59.20 1 0
github.com/lextures/lextures/server-new/internal/lti/idtoken.go:62.66,63.24 1 0
github.com/lextures/lextures/server-new/internal/lti/idtoken.go:63.24,64.18 1 0
github.com/lextures/lextures/server-new/internal/lti/idtoken.go:64.18,66.4 1 0
github.com/lextures/lextures/server-new/internal/lti/idtoken.go:68.2,68.14 1 0
github.com/lextures/lextures/server-new/internal/lti/idtoken.go:71.52,72.25 1 0
github.com/lextures/lextures/server-new/internal/lti/idtoken.go:73.14,74.21 1 0
github.com/lextures/lextures/server-new/internal/lti/idtoken.go:75.13,76.23 1 0
github.com/lextures/lextures/server-new/internal/lti/idtoken.go:76.23,77.46 1 0
github.com/lextures/lextures/server-new/internal/lti/idtoken.go:77.46,79.5 1 0
github.com/lextures/lextures/server-new/internal/lti/idtoken.go:81.3,81.15 1 0
github.com/lextures/lextures/server-new/internal/lti/idtoken.go:82.16,83.23 1 0
github.com/lextures/lextures/server-new/internal/lti/idtoken.go:83.23,84.19 1 0
github.com/lextures/lextures/server-new/internal/lti/idtoken.go:84.19,86.5 1 0
github.com/lextures/lextures/server-new/internal/lti/idtoken.go:88.3,88.15 1 0
github.com/lextures/lextures/server-new/internal/lti/idtoken.go:89.10,90.15 1 0
github.com/lextures/lextures/server-new/internal/lti/idtoken.go:95.65,97.20 2 0
github.com/lextures/lextures/server-new/internal/lti/idtoken.go:97.20,99.3 1 0
github.com/lextures/lextures/server-new/internal/lti/idtoken.go:100.2,101.16 2 0
github.com/lextures/lextures/server-new/internal/lti/idtoken.go:101.16,103.3 1 0
github.com/lextures/lextures/server-new/internal/lti/idtoken.go:104.2,105.46 2 0
github.com/lextures/lextures/server-new/internal/lti/idtoken.go:105.46,107.3 1 0
github.com/lextures/lextures/server-new/internal/lti/idtoken.go:108.2,108.15 1 0
github.com/lextures/lextures/server-new/internal/lti/idtoken.go:112.103,113.16 1 0
github.com/lextures/lextures/server-new/internal/lti/idtoken.go:113.16,115.3 1 0
github.com/lextures/lextures/server-new/internal/lti/idtoken.go:116.2,117.79 2 0
github.com/lextures/lextures/server-new/internal/lti/idtoken.go:117.79,118.41 1 0
github.com/lextures/lextures/server-new/internal/lti/idtoken.go:118.41,120.4 1 0
github.com/lextures/lextures/server-new/internal/lti/idtoken.go:121.3,121.18 1 0
github.com/lextures/lextures/server-new/internal/lti/idtoken.go:123.2,123.16 1 0
github.com/lextures/lextures/server-new/internal/lti/idtoken.go:123.16,125.3 1 0
github.com/lextures/lextures/server-new/internal/lti/idtoken.go:126.2,127.22 2 0
github.com/lextures/lextures/server-new/internal/lti/idtoken.go:127.22,129.3 1 0
github.com/lextures/lextures/server-new/internal/lti/idtoken.go:130.2,131.60 2 0
github.com/lextures/lextures/server-new/internal/lti/idtoken.go:131.60,133.3 1 0
github.com/lextures/lextures/server-new/internal/lti/idtoken.go:134.2,134.20 1 0
github.com/lextures/lextures/server-new/internal/lti/idtoken.go:138.121,139.16 1 0
github.com/lextures/lextures/server-new/internal/lti/idtoken.go:139.16,141.3 1 0
github.com/lextures/lextures/server-new/internal/lti/idtoken.go:142.2,143.79 2 0
github.com/lextures/lextures/server-new/internal/lti/idtoken.go:143.79,144.41 1 0
github.com/lextures/lextures/server-new/internal/lti/idtoken.go:144.41,146.4 1 0
github.com/lextures/lextures/server-new/internal/lti/idtoken.go:147.3,147.18 1 0
github.com/lextures/lextures/server-new/internal/lti/idtoken.go:149.2,149.16 1 0
github.com/lextures/lextures/server-new/internal/lti/idtoken.go:149.16,151.3 1 0
github.com/lextures/lextures/server-new/internal/lti/idtoken.go:152.2,153.22 2 0
github.com/lextures/lextures/server-new/internal/lti/idtoken.go:153.22,155.3 1 0
github.com/lextures/lextures/server-new/internal/lti/idtoken.go:156.2,156.48 1 0
github.com/lextures/lextures/server-new/internal/lti/idtoken.go:156.49,157.3 0 0
github.com/lextures/lextures/server-new/internal/lti/idtoken.go:157.8,158.63 1 0
github.com/lextures/lextures/server-new/internal/lti/idtoken.go:158.63,160.4 1 0
github.com/lextures/lextures/server-new/internal/lti/idtoken.go:162.2,163.60 2 0
github.com/lextures/lextures/server-new/internal/lti/idtoken.go:163.60,165.3 1 0
github.com/lextures/lextures/server-new/internal/lti/idtoken.go:166.2,166.20 1 0
github.com/lextures/lextures/server-new/internal/lti/idtoken.go:169.44,172.29 2 0
github.com/lextures/lextures/server-new/internal/lti/idtoken.go:172.29,174.3 1 0
github.com/lextures/lextures/server-new/internal/lti/idtoken.go:175.2,175.43 1 0
github.com/lextures/lextures/server-new/internal/lti/jwks.go:40.39,42.2 1 0
github.com/lextures/lextures/server-new/internal/lti/jwks.go:44.51,45.30 1 0
github.com/lextures/lextures/server-new/internal/lti/jwks.go:45.30,47.3 1 0
github.com/lextures/lextures/server-new/internal/lti/jwks.go:48.2,49.16 2 0
github.com/lextures/lextures/server-new/internal/lti/jwks.go:49.16,51.3 1 0
github.com/lextures/lextures/server-new/internal/lti/jwks.go:52.2,53.16 2 0
github.com/lextures/lextures/server-new/internal/lti/jwks.go:53.16,55.3 1 0
github.com/lextures/lextures/server-new/internal/lti/jwks.go:56.2,58.11 3 0
github.com/lextures/lextures/server-new/internal/lti/jwks.go:58.11,60.3 1 0
github.com/lextures/lextures/server-new/internal/lti/jwks.go:61.2,61.45 1 0
github.com/lextures/lextures/server-new/internal/lti/jwks.go:64.68,66.51 2 0
github.com/lextures/lextures/server-new/internal/lti/jwks.go:66.51,68.3 1 0
github.com/lextures/lextures/server-new/internal/lti/jwks.go:69.2,70.26 2 0
github.com/lextures/lextures/server-new/internal/lti/jwks.go:70.26,72.21 2 0
github.com/lextures/lextures/server-new/internal/lti/jwks.go:72.21,73.12 1 0
github.com/lextures/lextures/server-new/internal/lti/jwks.go:75.3,75.38 1 0
github.com/lextures/lextures/server-new/internal/lti/jwks.go:75.38,76.12 1 0
github.com/lextures/lextures/server-new/internal/lti/jwks.go:78.3,79.17 2 0
github.com/lextures/lextures/server-new/internal/lti/jwks.go:79.17,80.12 1 0
github.com/lextures/lextures/server-new/internal/lti/jwks.go:82.3,83.35 2 0
github.com/lextures/lextures/server-new/internal/lti/jwks.go:83.35,85.4 1 0
github.com/lextures/lextures/server-new/internal/lti/jwks.go:86.3,86.17 1 0
github.com/lextures/lextures/server-new/internal/lti/jwks.go:88.2,88.19 1 0
github.com/lextures/lextures/server-new/internal/lti/jwks.go:88.19,90.3 1 0
github.com/lextures/lextures/server-new/internal/lti/jwks.go:91.2,91.17 1 0
github.com/lextures/lextures/server-new/internal/lti/jwks.go:94.75,98.16 4 0
github.com/lextures/lextures/server-new/internal/lti/jwks.go:98.16,100.3 1 0
github.com/lextures/lextures/server-new/internal/lti/jwks.go:101.2,102.16 2 0
github.com/lextures/lextures/server-new/internal/lti/jwks.go:102.16,104.3 1 0
github.com/lextures/lextures/server-new/internal/lti/jwks.go:105.2,106.53 2 0
github.com/lextures/lextures/server-new/internal/lti/jwks.go:106.53,108.3 1 0
github.com/lextures/lextures/server-new/internal/lti/jwks.go:109.2,110.16 2 0
github.com/lextures/lextures/server-new/internal/lti/jwks.go:110.16,112.3 1 0
github.com/lextures/lextures/server-new/internal/lti/jwks.go:113.2,113.25 1 0
github.com/lextures/lextures/server-new/internal/lti/jwks.go:117.69,119.20 2 0
github.com/lextures/lextures/server-new/internal/lti/jwks.go:119.20,121.3 1 0
github.com/lextures/lextures/server-new/internal/lti/jwks.go:122.2,123.16 2 0
github.com/lextures/lextures/server-new/internal/lti/jwks.go:123.16,125.3 1 0
github.com/lextures/lextures/server-new/internal/lti/jwks.go:126.2,131.15 4 0
github.com/lextures/lextures/server-new/internal/lti/jwks.go:131.15,133.3 1 0
github.com/lextures/lextures/server-new/internal/lti/jwks.go:135.2,135.40 1 0
github.com/lextures/lextures/server-new/internal/lti/jwks.go:135.40,137.43 2 0
github.com/lextures/lextures/server-new/internal/lti/jwks.go:137.43,138.33 1 0
github.com/lextures/lextures/server-new/internal/lti/jwks.go:138.33,140.5 1 0
github.com/lextures/lextures/server-new/internal/lti/jwks.go:141.4,141.39 1 0
github.com/lextures/lextures/server-new/internal/lti/jwks.go:141.39,143.5 1 0
github.com/lextures/lextures/server-new/internal/lti/jwks.go:146.2,147.16 2 0
github.com/lextures/lextures/server-new/internal/lti/jwks.go:147.16,149.3 1 0
github.com/lextures/lextures/server-new/internal/lti/jwks.go:150.2,151.28 2 0
github.com/lextures/lextures/server-new/internal/lti/jwks.go:151.28,153.3 1 0
github.com/lextures/lextures/server-new/internal/lti/jwks.go:154.2,154.34 1 0
github.com/lextures/lextures/server-new/internal/lti/jwks.go:154.34,156.3 1 0
github.com/lextures/lextures/server-new/internal/lti/jwks.go:157.2,157.47 1 0
github.com/lextures/lextures/server-new/internal/lti/keys.go:26.37,26.53 1 0
github.com/lextures/lextures/server-new/internal/lti/keys.go:30.68,32.16 2 2
github.com/lextures/lextures/server-new/internal/lti/keys.go:32.16,34.3 1 0
github.com/lextures/lextures/server-new/internal/lti/keys.go:35.2,36.18 2 2
github.com/lextures/lextures/server-new/internal/lti/keys.go:36.18,38.3 1 1
github.com/lextures/lextures/server-new/internal/lti/keys.go:39.2,40.16 2 1
github.com/lextures/lextures/server-new/internal/lti/keys.go:40.16,43.16 2 0
github.com/lextures/lextures/server-new/internal/lti/keys.go:43.16,45.4 1 0
github.com/lextures/lextures/server-new/internal/lti/keys.go:46.3,46.51 1 0
github.com/lextures/lextures/server-new/internal/lti/keys.go:48.2,49.9 2 1
github.com/lextures/lextures/server-new/internal/lti/keys.go:49.9,51.3 1 0
github.com/lextures/lextures/server-new/internal/lti/keys.go:52.2,52.50 1 1
github.com/lextures/lextures/server-new/internal/lti/keys.go:67.57,83.2 7 1
github.com/lextures/lextures/server-new/internal/lti/keys.go:86.50,88.16 2 1
github.com/lextures/lextures/server-new/internal/lti/keys.go:88.16,90.3 1 0
github.com/lextures/lextures/server-new/internal/lti/keys.go:91.2,91.24 1 1
github.com/lextures/lextures/server-new/internal/lti/keys.go:94.30,97.2 2 1
github.com/lextures/lextures/server-new/internal/lti/keys.go:100.46,107.2 6 2
github.com/lextures/lextures/server-new/internal/lti/keys.go:110.78,113.33 3 0
github.com/lextures/lextures/server-new/internal/lti/keys.go:113.33,115.3 1 0
github.com/lextures/lextures/server-new/internal/lti/keys.go:116.2,116.33 1 0
github.com/lextures/lextures/server-new/internal/lti/keys.go:116.33,118.3 1 0
github.com/lextures/lextures/server-new/internal/lti/keys.go:119.2,119.36 1 0
github.com/lextures/lextures/server-new/internal/lti/keys.go:123.124,127.18 4 0
github.com/lextures/lextures/server-new/internal/lti/keys.go:127.18,129.3 1 0
github.com/lextures/lextures/server-new/internal/lti/keys.go:130.2,148.27 3 0
github.com/lextures/lextures/server-new/internal/lti/runtime.go:18.46,19.69 1 0
github.com/lextures/lextures/server-new/internal/lti/runtime.go:19.69,21.3 1 0
github.com/lextures/lextures/server-new/internal/lti/runtime.go:22.2,23.16 2 0
github.com/lextures/lextures/server-new/internal/lti/runtime.go:23.16,25.3 1 0
github.com/lextures/lextures/server-new/internal/lti/runtime.go:26.2,30.3 1 0
github.com/lextures/lextures/server-new/internal/models/latesubmissionpolicy/policy.go:7.101,8.30 1 0
github.com/lextures/lextures/server-new/internal/models/latesubmissionpolicy/policy.go:9.24,10.13 1 0
github.com/lextures/lextures/server-new/internal/models/latesubmissionpolicy/policy.go:11.17,12.32 1 0
github.com/lextures/lextures/server-new/internal/models/latesubmissionpolicy/policy.go:12.32,14.4 1 0
github.com/lextures/lextures/server-new/internal/models/latesubmissionpolicy/policy.go:15.3,15.59 1 0
github.com/lextures/lextures/server-new/internal/models/latesubmissionpolicy/policy.go:15.59,17.4 1 0
github.com/lextures/lextures/server-new/internal/models/latesubmissionpolicy/policy.go:18.3,18.13 1 0
github.com/lextures/lextures/server-new/internal/models/latesubmissionpolicy/policy.go:19.10,20.82 1 0
github.com/lextures/lextures/server-new/internal/oidc/runtime.go:13.42,15.2 1 0
github.com/lextures/lextures/server-new/internal/oidc/runtime.go:17.62,18.16 1 0
github.com/lextures/lextures/server-new/internal/oidc/runtime.go:18.16,20.3 1 0
github.com/lextures/lextures/server-new/internal/oidc/runtime.go:21.2,21.22 1 0
github.com/lextures/lextures/server-new/internal/oidc/runtime.go:21.22,23.3 1 0
github.com/lextures/lextures/server-new/internal/oidc/runtime.go:24.2,24.34 1 0
github.com/lextures/lextures/server-new/internal/repos/adaptivepath/repo.go:30.118,38.16 2 0
github.com/lextures/lextures/server-new/internal/repos/adaptivepath/repo.go:38.16,40.3 1 0
github.com/lextures/lextures/server-new/internal/repos/adaptivepath/repo.go:41.2,43.18 3 0
github.com/lextures/lextures/server-new/internal/repos/adaptivepath/repo.go:43.18,45.148 2 0
github.com/lextures/lextures/server-new/internal/repos/adaptivepath/repo.go:45.148,47.4 1 0
github.com/lextures/lextures/server-new/internal/repos/adaptivepath/repo.go:48.3,48.23 1 0
github.com/lextures/lextures/server-new/internal/repos/adaptivepath/repo.go:50.2,50.24 1 0
github.com/lextures/lextures/server-new/internal/repos/adaptivepath/repo.go:53.142,61.16 2 0
github.com/lextures/lextures/server-new/internal/repos/adaptivepath/repo.go:61.16,63.3 1 0
github.com/lextures/lextures/server-new/internal/repos/adaptivepath/repo.go:64.2,66.18 3 0
github.com/lextures/lextures/server-new/internal/repos/adaptivepath/repo.go:66.18,68.148 2 0
github.com/lextures/lextures/server-new/internal/repos/adaptivepath/repo.go:68.148,70.4 1 0
github.com/lextures/lextures/server-new/internal/repos/adaptivepath/repo.go:71.3,71.23 1 0
github.com/lextures/lextures/server-new/internal/repos/adaptivepath/repo.go:73.2,73.24 1 0
github.com/lextures/lextures/server-new/internal/repos/adaptivepath/repo.go:76.217,85.16 3 0
github.com/lextures/lextures/server-new/internal/repos/adaptivepath/repo.go:85.16,87.3 1 0
github.com/lextures/lextures/server-new/internal/repos/adaptivepath/repo.go:88.2,88.16 1 0
github.com/lextures/lextures/server-new/internal/repos/adaptivepath/repo.go:91.109,97.16 2 0
github.com/lextures/lextures/server-new/internal/repos/adaptivepath/repo.go:97.16,99.3 1 0
github.com/lextures/lextures/server-new/internal/repos/adaptivepath/repo.go:100.2,100.36 1 0
github.com/lextures/lextures/server-new/internal/repos/adaptivepath/repo.go:103.123,110.16 3 0
github.com/lextures/lextures/server-new/internal/repos/adaptivepath/repo.go:110.16,111.36 1 0
github.com/lextures/lextures/server-new/internal/repos/adaptivepath/repo.go:111.36,113.4 1 0
github.com/lextures/lextures/server-new/internal/repos/adaptivepath/repo.go:114.3,114.18 1 0
github.com/lextures/lextures/server-new/internal/repos/adaptivepath/repo.go:116.2,116.16 1 0
github.com/lextures/lextures/server-new/internal/repos/adaptivepath/repo.go:119.143,127.2 2 0
github.com/lextures/lextures/server-new/internal/repos/adaptivepath/repo.go:129.104,131.16 2 0
github.com/lextures/lextures/server-new/internal/repos/adaptivepath/repo.go:131.16,133.3 1 0
github.com/lextures/lextures/server-new/internal/repos/adaptivepath/repo.go:134.2,134.36 1 0
github.com/lextures/lextures/server-new/internal/repos/adaptivepath/repo.go:137.191,143.2 2 0
github.com/lextures/lextures/server-new/internal/repos/concepts/concept_question_tags.go:12.132,13.27 1 0
github.com/lextures/lextures/server-new/internal/repos/concepts/concept_question_tags.go:13.27,15.3 1 0
github.com/lextures/lextures/server-new/internal/repos/concepts/concept_question_tags.go:16.2,21.16 2 0
github.com/lextures/lextures/server-new/internal/repos/concepts/concept_question_tags.go:21.16,23.3 1 0
github.com/lextures/lextures/server-new/internal/repos/concepts/concept_question_tags.go:24.2,26.18 3 0
github.com/lextures/lextures/server-new/internal/repos/concepts/concept_question_tags.go:26.18,28.47 2 0
github.com/lextures/lextures/server-new/internal/repos/concepts/concept_question_tags.go:28.47,30.4 1 0
github.com/lextures/lextures/server-new/internal/repos/concepts/concept_question_tags.go:31.3,31.31 1 0
github.com/lextures/lextures/server-new/internal/repos/concepts/concept_question_tags.go:33.2,33.35 1 0
github.com/lextures/lextures/server-new/internal/repos/concepts/concept_question_tags.go:33.35,35.3 1 0
github.com/lextures/lextures/server-new/internal/repos/concepts/concept_question_tags.go:36.2,36.22 1 0
github.com/lextures/lextures/server-new/internal/repos/concepts/concept_question_tags.go:36.22,37.37 1 0
github.com/lextures/lextures/server-new/internal/repos/concepts/concept_question_tags.go:37.37,37.77 1 0
github.com/lextures/lextures/server-new/internal/repos/concepts/concept_question_tags.go:38.3,38.11 1 0
github.com/lextures/lextures/server-new/internal/repos/concepts/concept_question_tags.go:40.2,40.15 1 0
github.com/lextures/lextures/server-new/internal/repos/concepts/crud.go:22.106,23.15 1 0
github.com/lextures/lextures/server-new/internal/repos/concepts/crud.go:23.15,25.3 1 0
github.com/lextures/lextures/server-new/internal/repos/concepts/crud.go:26.2,41.16 3 0
github.com/lextures/lextures/server-new/internal/repos/concepts/crud.go:41.16,43.3 1 0
[...]
github.com/lextures/lextures/server-new/internal/service/openrouter/list_models.go:174.17,176.4 1 0
github.com/lextures/lextures/server-new/internal/service/openrouter/list_models.go:177.3,177.10 1 0
github.com/lextures/lextures/server-new/internal/service/openrouter/list_models.go:178.10,179.13 1 0
github.com/lextures/lextures/server-new/internal/service/openrouter/list_models.go:181.2,182.11 2 0
github.com/lextures/lextures/server-new/internal/service/openrouter/list_models.go:185.71,187.9 2 1
github.com/lextures/lextures/server-new/internal/service/openrouter/list_models.go:187.9,189.3 1 0
github.com/lextures/lextures/server-new/internal/service/openrouter/list_models.go:190.2,194.57 2 1
github.com/lextures/lextures/server-new/internal/service/openrouter/list_models.go:194.57,196.3 1 0
github.com/lextures/lextures/server-new/internal/service/openrouter/list_models.go:197.2,199.29 3 1
github.com/lextures/lextures/server-new/internal/service/openrouter/list_models.go:199.29,201.3 1 0
github.com/lextures/lextures/server-new/internal/service/openrouter/list_models.go:202.2,203.11 2 1
github.com/lextures/lextures/server-new/internal/service/openrouter/openrouter.go:25.39,31.2 1 1
github.com/lextures/lextures/server-new/internal/service/openrouter/openrouter.go:34.59,40.2 1 2
github.com/lextures/lextures/server-new/internal/service/openrouter/openrouter.go:49.83,50.14 1 2
github.com/lextures/lextures/server-new/internal/service/openrouter/openrouter.go:50.14,52.3 1 0
github.com/lextures/lextures/server-new/internal/service/openrouter/openrouter.go:53.2,53.20 1 2
github.com/lextures/lextures/server-new/internal/service/openrouter/openrouter.go:53.20,55.3 1 0
github.com/lextures/lextures/server-new/internal/service/openrouter/openrouter.go:56.2,57.16 2 2
github.com/lextures/lextures/server-new/internal/service/openrouter/openrouter.go:57.16,59.3 1 0
github.com/lextures/lextures/server-new/internal/service/openrouter/openrouter.go:60.2,66.16 3 2
github.com/lextures/lextures/server-new/internal/service/openrouter/openrouter.go:66.16,68.3 1 0
github.com/lextures/lextures/server-new/internal/service/openrouter/openrouter.go:69.2,71.16 3 2
github.com/lextures/lextures/server-new/internal/service/openrouter/openrouter.go:71.16,73.3 1 0
github.com/lextures/lextures/server-new/internal/service/openrouter/openrouter.go:74.2,77.19 4 2
github.com/lextures/lextures/server-new/internal/service/openrouter/openrouter.go:77.19,79.3 1 0
github.com/lextures/lextures/server-new/internal/service/openrouter/openrouter.go:80.2,81.16 2 2
github.com/lextures/lextures/server-new/internal/service/openrouter/openrouter.go:81.16,83.3 1 0
github.com/lextures/lextures/server-new/internal/service/openrouter/openrouter.go:84.2,86.16 3 2
github.com/lextures/lextures/server-new/internal/service/openrouter/openrouter.go:86.16,88.3 1 0
github.com/lextures/lextures/server-new/internal/service/openrouter/openrouter.go:89.2,89.51 1 2
github.com/lextures/lextures/server-new/internal/service/openrouter/openrouter.go:89.51,91.22 2 1
github.com/lextures/lextures/server-new/internal/service/openrouter/openrouter.go:91.22,93.4 1 0
github.com/lextures/lextures/server-new/internal/service/openrouter/openrouter.go:94.3,94.74 1 1
github.com/lextures/lextures/server-new/internal/service/openrouter/openrouter.go:96.2,103.51 2 1
github.com/lextures/lextures/server-new/internal/service/openrouter/openrouter.go:103.51,105.3 1 0
github.com/lextures/lextures/server-new/internal/service/openrouter/openrouter.go:106.2,106.30 1 1
github.com/lextures/lextures/server-new/internal/service/openrouter/openrouter.go:106.30,108.3 1 0
github.com/lextures/lextures/server-new/internal/service/openrouter/openrouter.go:109.2,109.46 1 1
github.com/lextures/lextures/server-new/internal/service/openrouter/openrouter.go:109.46,111.3 1 0
github.com/lextures/lextures/server-new/internal/service/openrouter/openrouter.go:112.2,112.48 1 1
github.com/lextures/lextures/server-new/internal/service/recommendations/service.go:13.20,15.2 1 0
github.com/lextures/lextures/server-new/internal/service/recommendations/service.go:18.62,19.19 1 0
github.com/lextures/lextures/server-new/internal/service/recommendations/service.go:19.19,21.6 1 0
github.com/lextures/lextures/server-new/internal/service/recommendations/service.go:22.5,22.31 1 0
github.com/lextures/lextures/server-new/internal/service/quizgenerationai/service.go:13.20,15.2 1 0
github.com/lextures/lextures/server-new/internal/service/quizgenerationai/service.go:18.62,19.19 1 0
github.com/lextures/lextures/server-new/internal/service/quizgenerationai/service.go:19.19,21.6 1 0
github.com/lextures/lextures/server-new/internal/service/quizgenerationai/service.go:22.5,22.31 1 0
github.com/lextures/lextures/server-new/internal/service/outcomes/outcomes.go:33.39,33.59 1 0
github.com/lextures/lextures/server-new/internal/service/outcomes/outcomes.go:35.40,37.2 1 1
github.com/lextures/lextures/server-new/internal/service/outcomes/outcomes.go:38.36,38.99 1 0
github.com/lextures/lextures/server-new/internal/service/outcomes/outcomes.go:41.96,43.24 2 2
github.com/lextures/lextures/server-new/internal/service/outcomes/outcomes.go:43.24,45.3 1 1
github.com/lextures/lextures/server-new/internal/service/outcomes/outcomes.go:46.2,47.16 2 2
github.com/lextures/lextures/server-new/internal/service/outcomes/outcomes.go:47.16,49.3 1 1
github.com/lextures/lextures/server-new/internal/service/outcomes/outcomes.go:51.2,52.22 2 2
github.com/lextures/lextures/server-new/internal/service/outcomes/outcomes.go:52.22,54.3 1 0
github.com/lextures/lextures/server-new/internal/service/outcomes/outcomes.go:55.2,56.16 2 2
github.com/lextures/lextures/server-new/internal/service/outcomes/outcomes.go:56.16,58.3 1 2
github.com/lextures/lextures/server-new/internal/service/outcomes/outcomes.go:60.2,60.61 1 2
github.com/lextures/lextures/server-new/internal/service/outcomes/outcomes.go:60.61,65.3 1 1
github.com/lextures/lextures/server-new/internal/service/outcomes/outcomes.go:66.2,66.59 1 1
github.com/lextures/lextures/server-new/internal/service/outcomes/outcomes.go:66.59,71.3 1 0
github.com/lextures/lextures/server-new/internal/service/outcomes/outcomes.go:72.2,72.24 1 1
github.com/lextures/lextures/server-new/internal/service/outcomes/outcomes.go:76.88,84.29 3 2
github.com/lextures/lextures/server-new/internal/service/outcomes/outcomes.go:84.29,86.17 2 4
github.com/lextures/lextures/server-new/internal/service/outcomes/outcomes.go:86.17,87.12 1 0
github.com/lextures/lextures/server-new/internal/service/outcomes/outcomes.go:89.3,89.34 1 4
github.com/lextures/lextures/server-new/internal/service/outcomes/outcomes.go:89.34,90.12 1 0
github.com/lextures/lextures/server-new/internal/service/outcomes/outcomes.go:92.3,98.32 2 4
github.com/lextures/lextures/server-new/internal/service/outcomes/outcomes.go:100.2,100.18 1 2
github.com/lextures/lextures/server-new/internal/service/outcomes/outcomes.go:100.18,102.3 1 0
github.com/lextures/lextures/server-new/internal/service/outcomes/outcomes.go:103.2,104.23 2 2
github.com/lextures/lextures/server-new/internal/service/outcomes/outcomes.go:104.23,106.3 1 3
github.com/lextures/lextures/server-new/internal/service/outcomes/outcomes.go:107.2,108.13 2 2
github.com/lextures/lextures/server-new/internal/service/outcomes/outcomes.go:119.52,120.16 1 0
github.com/lextures/lextures/server-new/internal/service/outcomes/outcomes.go:120.16,122.3 1 0
github.com/lextures/lextures/server-new/internal/service/outcomes/outcomes.go:124.2,125.16 2 0
github.com/lextures/lextures/server-new/internal/service/outcomes/outcomes.go:125.16,127.3 1 0
github.com/lextures/lextures/server-new/internal/service/outcomes/outcomes.go:128.2,128.43 1 0
github.com/lextures/lextures/server-new/internal/service/outcomes/outcomes.go:128.43,130.3 1 0
github.com/lextures/lextures/server-new/internal/service/outcomes/outcomes.go:132.2,133.71 2 0
github.com/lextures/lextures/server-new/internal/service/outcomes/outcomes.go:133.71,135.3 1 0
github.com/lextures/lextures/server-new/internal/service/outcomes/outcomes.go:137.2,138.16 2 0
github.com/lextures/lextures/server-new/internal/service/outcomes/outcomes.go:138.16,140.3 1 0
github.com/lextures/lextures/server-new/internal/service/outcomes/outcomes.go:141.2,141.17 1 0
github.com/lextures/lextures/server-new/internal/service/outcomes/outcomes.go:141.17,143.3 1 0
github.com/lextures/lextures/server-new/internal/service/outcomes/outcomes.go:145.2,146.31 2 0
github.com/lextures/lextures/server-new/internal/service/outcomes/outcomes.go:146.31,148.3 1 0
github.com/lextures/lextures/server-new/internal/service/outcomes/outcomes.go:150.2,151.29 2 0
github.com/lextures/lextures/server-new/internal/service/outcomes/outcomes.go:151.29,152.16 1 0
github.com/lextures/lextures/server-new/internal/service/outcomes/outcomes.go:152.16,154.4 1 0
github.com/lextures/lextures/server-new/internal/service/outcomes/outcomes.go:155.3,156.17 2 0
github.com/lextures/lextures/server-new/internal/service/outcomes/outcomes.go:156.17,158.4 1 0
github.com/lextures/lextures/server-new/internal/service/outcomes/outcomes.go:159.3,159.21 1 0
github.com/lextures/lextures/server-new/internal/service/outcomes/outcomes.go:159.21,161.4 1 0
github.com/lextures/lextures/server-new/internal/service/outcomes/outcomes.go:162.3,162.44 1 0
github.com/lextures/lextures/server-new/internal/service/outcomes/outcomes.go:162.44,164.4 1 0
github.com/lextures/lextures/server-new/internal/service/outcomes/outcomes.go:165.3,165.17 1 0
github.com/lextures/lextures/server-new/internal/service/outcomes/outcomes.go:168.2,169.14 2 0
github.com/lextures/lextures/server-new/internal/service/outcomes/outcomes.go:170.20,171.30 1 0
github.com/lextures/lextures/server-new/internal/service/outcomes/outcomes.go:172.31,173.24 1 0
github.com/lextures/lextures/server-new/internal/service/outcomes/outcomes.go:174.10,175.20 1 0
github.com/lextures/lextures/server-new/internal/service/outcomes/outcomes.go:177.2,177.31 1 0
github.com/lextures/lextures/server-new/internal/service/outcomes/outcomes.go:177.31,179.3 1 0
github.com/lextures/lextures/server-new/internal/service/outcomes/outcomes.go:181.2,182.16 2 0
github.com/lextures/lextures/server-new/internal/service/outcomes/outcomes.go:182.16,184.3 1 0
github.com/lextures/lextures/server-new/internal/service/outcomes/outcomes.go:186.2,186.29 1 0
github.com/lextures/lextures/server-new/internal/service/outcomes/outcomes.go:186.29,188.17 2 0
github.com/lextures/lextures/server-new/internal/service/outcomes/outcomes.go:188.17,190.4 1 0
github.com/lextures/lextures/server-new/internal/service/outcomes/outcomes.go:191.3,191.10 1 0
github.com/lextures/lextures/server-new/internal/service/outcomes/outcomes.go:191.10,193.4 1 0
github.com/lextures/lextures/server-new/internal/service/outcomes/outcomes.go:194.3,194.30 1 0
github.com/lextures/lextures/server-new/internal/service/outcomes/outcomes.go:194.30,196.4 1 0
github.com/lextures/lextures/server-new/internal/service/outcomes/outcomes.go:199.2,210.16 2 0
github.com/lextures/lextures/server-new/internal/service/outcomes/outcomes.go:210.16,212.61 2 0
github.com/lextures/lextures/server-new/internal/service/outcomes/outcomes.go:212.61,216.4 1 0
github.com/lextures/lextures/server-new/internal/service/outcomes/outcomes.go:217.3,217.62 1 0
github.com/lextures/lextures/server-new/internal/service/outcomes/outcomes.go:217.62,221.4 1 0
github.com/lextures/lextures/server-new/internal/service/outcomes/outcomes.go:222.3,222.18 1 0
github.com/lextures/lextures/server-new/internal/service/outcomes/outcomes.go:225.2,226.16 2 0
github.com/lextures/lextures/server-new/internal/service/outcomes/outcomes.go:226.16,228.3 1 0
github.com/lextures/lextures/server-new/internal/service/outcomes/outcomes.go:229.2,232.14 3 0
github.com/lextures/lextures/server-new/internal/service/outcomes/outcomes.go:233.23,235.17 2 0
github.com/lextures/lextures/server-new/internal/service/outcomes/outcomes.go:235.17,237.4 1 0
github.com/lextures/lextures/server-new/internal/service/outcomes/outcomes.go:238.28,240.17 2 0
github.com/lextures/lextures/server-new/internal/service/outcomes/outcomes.go:240.17,242.4 1 0
github.com/lextures/lextures/server-new/internal/service/outcomes/outcomes.go:243.10,247.4 1 0
github.com/lextures/lextures/server-new/internal/service/outcomes/outcomes.go:250.2,261.8 1 0
github.com/lextures/lextures/server-new/internal/service/outcomes/outcomes.go:264.83,265.22 1 0
github.com/lextures/lextures/server-new/internal/service/outcomes/outcomes.go:265.22,266.23 1 0
github.com/lextures/lextures/server-new/internal/service/outcomes/outcomes.go:266.23,268.4 1 0
github.com/lextures/lextures/server-new/internal/service/outcomes/outcomes.go:270.2,270.14 1 0
github.com/lextures/lextures/server-new/internal/service/outcomes/outcomes.go:273.60,274.29 1 3
github.com/lextures/lextures/server-new/internal/service/outcomes/outcomes.go:274.29,275.18 1 8
github.com/lextures/lextures/server-new/internal/service/outcomes/outcomes.go:275.18,277.4 1 2
github.com/lextures/lextures/server-new/internal/service/outcomes/outcomes.go:279.2,279.14 1 1
github.com/lextures/lextures/server-new/internal/service/outcomes/outcomes.go:282.77,283.14 1 0
github.com/lextures/lextures/server-new/internal/service/outcomes/outcomes.go:283.14,285.3 1 0
github.com/lextures/lextures/server-new/internal/service/outcomes/outcomes.go:286.2,286.29 1 0
github.com/lextures/lextures/server-new/internal/service/outcomes/outcomes.go:286.29,287.30 1 0
github.com/lextures/lextures/server-new/internal/service/outcomes/outcomes.go:287.30,289.4 1 0
github.com/lextures/lextures/server-new/internal/service/outcomes/outcomes.go:291.2,291.14 1 0
github.com/lextures/lextures/server-new/internal/service/outcomes/service.go:13.20,15.2 1 0
github.com/lextures/lextures/server-new/internal/service/outcomes/service.go:18.62,19.16 1 0
github.com/lextures/lextures/server-new/internal/service/outcomes/service.go:19.16,21.3 1 0
github.com/lextures/lextures/server-new/internal/service/outcomes/service.go:22.2,22.28 1 0
github.com/lextures/lextures/server-new/internal/service/quizautosubmit/service.go:13.20,15.2 1 0
github.com/lextures/lextures/server-new/internal/service/quizautosubmit/service.go:18.62,19.19 1 0
github.com/lextures/lextures/server-new/internal/service/quizautosubmit/service.go:19.19,21.6 1 0
github.com/lextures/lextures/server-new/internal/service/quizautosubmit/service.go:22.5,22.31 1 0
github.com/lextures/lextures/server-new/internal/service/quizsubmissions/service.go:13.20,15.2 1 0
github.com/lextures/lextures/server-new/internal/service/quizsubmissions/service.go:18.62,19.19 1 0
github.com/lextures/lextures/server-new/internal/service/quizsubmissions/service.go:19.19,21.6 1 0
github.com/lextures/lextures/server-new/internal/service/quizsubmissions/service.go:22.5,22.31 1 0
github.com/lextures/lextures/server-new/internal/service/quizlockdown/lockdown.go:19.85,20.28 1 0
github.com/lextures/lextures/server-new/internal/service/quizlockdown/lockdown.go:20.28,22.3 1 0
github.com/lextures/lextures/server-new/internal/service/quizlockdown/lockdown.go:23.2,23.16 1 0
github.com/lextures/lextures/server-new/internal/service/quizlockdown/lockdown.go:23.16,25.3 1 0
github.com/lextures/lextures/server-new/internal/service/quizlockdown/lockdown.go:26.2,26.26 1 0
github.com/lextures/lextures/server-new/internal/service/quizlockdown/lockdown.go:27.41,28.26 1 0
github.com/lextures/lextures/server-new/internal/service/quizlockdown/lockdown.go:29.10,30.26 1 0
github.com/lextures/lextures/server-new/internal/service/quizlockdown/lockdown.go:35.54,37.2 1 0
github.com/lextures/lextures/server-new/internal/service/quizlockdown/lockdown.go:40.38,42.2 1 0
github.com/lextures/lextures/server-new/internal/service/quizlockdown/lockdown.go:45.46,47.2 1 0
github.com/lextures/lextures/server-new/internal/service/quizlockdown/lockdown.go:50.58,52.11 2 2
github.com/lextures/lextures/server-new/internal/service/quizlockdown/lockdown.go:53.24,54.32 1 0
github.com/lextures/lextures/server-new/internal/service/quizlockdown/lockdown.go:55.26,56.34 1 0
github.com/lextures/lextures/server-new/internal/service/quizlockdown/lockdown.go:57.21,58.29 1 1
github.com/lextures/lextures/server-new/internal/service/quizlockdown/lockdown.go:59.10,60.19 1 1
github.com/lextures/lextures/server-new/internal/service/quizlockdown/service.go:13.20,15.2 1 0
github.com/lextures/lextures/server-new/internal/service/quizlockdown/service.go:18.62,19.19 1 0
github.com/lextures/lextures/server-new/internal/service/quizlockdown/service.go:19.19,21.6 1 0
github.com/lextures/lextures/server-new/internal/service/quizlockdown/service.go:22.5,22.31 1 0
github.com/lextures/lextures/server-new/internal/service/settingsops/service.go:13.20,15.2 1 0
github.com/lextures/lextures/server-new/internal/service/settingsops/service.go:18.62,19.19 1 0
github.com/lextures/lextures/server-new/internal/service/settingsops/service.go:19.19,21.6 1 0
github.com/lextures/lextures/server-new/internal/service/settingsops/service.go:22.5,22.31 1 0
github.com/lextures/lextures/server-new/internal/service/relativeschedule/relativeschedule.go:16.105,18.2 1 0
github.com/lextures/lextures/server-new/internal/service/relativeschedule/service.go:13.20,15.2 1 0
github.com/lextures/lextures/server-new/internal/service/relativeschedule/service.go:18.62,19.16 1 0
github.com/lextures/lextures/server-new/internal/service/relativeschedule/service.go:19.16,21.3 1 0
github.com/lextures/lextures/server-new/internal/service/relativeschedule/service.go:22.2,22.28 1 0
github.com/lextures/lextures/server-new/internal/service/srs/service.go:13.20,15.2 1 0
github.com/lextures/lextures/server-new/internal/service/srs/service.go:18.62,19.19 1 0
github.com/lextures/lextures/server-new/internal/service/srs/service.go:19.19,21.6 1 0
github.com/lextures/lextures/server-new/internal/service/srs/service.go:22.5,22.31 1 0
github.com/lextures/lextures/server-new/internal/service/srsscheduler/service.go:13.20,15.2 1 0
github.com/lextures/lextures/server-new/internal/service/srsscheduler/service.go:18.62,19.19 1 0
github.com/lextures/lextures/server-new/internal/service/srsscheduler/service.go:19.19,21.6 1 0
github.com/lextures/lextures/server-new/internal/service/srsscheduler/service.go:22.5,22.31 1 0
github.com/lextures/lextures/server-new/internal/service/submissionannotatedpdf/service.go:13.20,15.2 1 0
github.com/lextures/lextures/server-new/internal/service/submissionannotatedpdf/service.go:18.62,19.19 1 0
github.com/lextures/lextures/server-new/internal/service/submissionannotatedpdf/service.go:19.19,21.6 1 0
github.com/lextures/lextures/server-new/internal/service/submissionannotatedpdf/service.go:22.5,22.31 1 0
github.com/lextures/lextures/server-new/internal/service/standards/service.go:13.20,15.2 1 0
github.com/lextures/lextures/server-new/internal/service/standards/service.go:18.62,19.19 1 0
github.com/lextures/lextures/server-new/internal/service/standards/service.go:19.19,21.6 1 0
github.com/lextures/lextures/server-new/internal/service/standards/service.go:22.5,22.31 1 0
github.com/lextures/lextures/server-new/internal/service/syllabussectionai/service.go:13.20,15.2 1 0
github.com/lextures/lextures/server-new/internal/service/syllabussectionai/service.go:18.62,19.19 1 0
github.com/lextures/lextures/server-new/internal/service/syllabussectionai/service.go:19.19,21.6 1 0
github.com/lextures/lextures/server-new/internal/service/syllabussectionai/service.go:22.5,22.31 1 0
github.com/lextures/lextures/server-new/internal/service/zipimport/service.go:13.20,15.2 1 0
github.com/lextures/lextures/server-new/internal/service/zipimport/service.go:18.62,19.19 1 0
github.com/lextures/lextures/server-new/internal/service/zipimport/service.go:19.19,21.6 1 0
github.com/lextures/lextures/server-new/internal/service/zipimport/service.go:22.5,22.31 1 0
